#
# A fatal error has been detected by the Java Runtime Environment:
#
#  SIGSEGV (0xb) at pc=0x00007ff19e0f2dba, pid=3850, tid=3851
#
# JRE version: Java(TM) SE Runtime Environment (13.0.2+8) (build 13.0.2+8)
# Java VM: Java HotSpot(TM) 64-Bit Server VM (13.0.2+8, mixed mode, sharing, tiered, compressed oops, g1 gc, linux-amd64)
# Problematic frame:
# C  [libc.so.6+0x18edba]
#
# Core dump will be written. Default location: Core dumps may be processed with "/lib/systemd/systemd-coredump %P %u %g %s %t 9223372036854775808 %e" (or dumping to /home/pck11800/Desktop/workspace/AdaptiveGUI/core.3850)
#
# If you would like to submit a bug report, please visit:
#   http://bugreport.java.com/bugreport/crash.jsp
# The crash happened outside the Java Virtual Machine in native code.
# See problematic frame for where to report the bug.
#

---------------  S U M M A R Y ------------

Command Line: -javaagent:/home/pck11800/idea-IC-193.6494.35/lib/idea_rt.jar=33023:/home/pck11800/idea-IC-193.6494.35/bin -Dfile.encoding=UTF-8 example.Main

Host: Intel(R) Core(TM) i5-5250U CPU @ 1.60GHz, 4 cores, 7G, Linux Mint 19.3 Tricia
Time: Tue Sep  1 12:00:58 2020 HKT elapsed time: 7 seconds (0d 0h 0m 7s)

---------------  T H R E A D  ---------------

Current thread (0x00007ff19801a000):  JavaThread "main" [_thread_in_native, id=3851, stack(0x00007ff19ea8d000,0x00007ff19eb8e000)]

Stack: [0x00007ff19ea8d000,0x00007ff19eb8e000],  sp=0x00007ff19eb8bc78,  free space=1019k
Native frames: (J=compiled Java code, A=aot compiled Java code, j=interpreted, Vv=VM code, C=native code)
C  [libc.so.6+0x18edba]

Java frames: (J=compiled Java code, j=interpreted, Vv=VM code)
J 577  org.jsfml.graphics.SFMLNativeDrawer.nativeDrawDrawable(Lorg/jsfml/graphics/Drawable;Lorg/jsfml/graphics/RenderTarget;ILjava/nio/Buffer;Lorg/jsfml/graphics/ConstTexture;Lorg/jsfml/graphics/ConstShader;)V (0 bytes) @ 0x00007ff18834e8de [0x00007ff18834e820+0x00000000000000be]
J 603 c1 org.jsfml.graphics.SFMLNativeDrawer.draw(Lorg/jsfml/graphics/Drawable;Lorg/jsfml/graphics/RenderTarget;Lorg/jsfml/graphics/RenderStates;)V (28 bytes) @ 0x00007ff180ec37fc [0x00007ff180ec3740+0x00000000000000bc]
j  org.jsfml.graphics.Text.draw(Lorg/jsfml/graphics/RenderTarget;Lorg/jsfml/graphics/RenderStates;)V+15
J 564 c1 org.jsfml.graphics.RenderWindow.draw(Lorg/jsfml/graphics/Drawable;)V (9 bytes) @ 0x00007ff180eb3744 [0x00007ff180eb3540+0x0000000000000204]
j  components.textarea.legacy.TextField.refresh(Lcomponents/Frame;)V+10
J 666 c1 components.Panel.refresh(Lcomponents/Frame;)V (52 bytes) @ 0x00007ff180eddf24 [0x00007ff180edd700+0x0000000000000824]
J 665 c1 components.Frame.refreshComponents()V (43 bytes) @ 0x00007ff180edef34 [0x00007ff180ede9a0+0x0000000000000594]
j  components.Frame.refresh()V+23
j  components.Frame.showFrame()V+1
j  example.Main.main([Ljava/lang/String;)V+138
v  ~StubRoutines::call_stub

siginfo: si_signo: 11 (SIGSEGV), si_code: 1 (SEGV_MAPERR), si_addr: 0x00007ff113494000

Register to memory mapping:

RAX=0x00007ff1117ff000 points into unknown readable memory: 00 00 80 bf 00 00 a0 40
RBX=0x00007ff112bff010 is an unknown value
RCX=0x00007ff112bfefe0 points into unknown readable memory: 00 00 00 00 00 00 00 00
RDX=0x0000000000b6b060 is an unknown value
RSP=0x00007ff19eb8bc78 is pointing into the stack for thread: 0x00007ff19801a000
RBP=0x0000000000000014 is an unknown value
RSI=0x00007ff113493fb0 is an unknown value
RDI=0x00007ff112093fa0 points into unknown readable memory: 00 00 40 40 10 b3 5b 49
R8 =0xffffffffffffffe0 is an unknown value
R9 =0x0 is NULL
R10=0x00007ff112bff000 is an unknown value
R11=0x00007ff1117ff000 points into unknown readable memory: 00 00 80 bf 00 00 a0 40
R12=0x00007ff198793f78 points into unknown readable memory: 00 50 c5 98 f1 7f 00 00
R13=0x00007ff19875cf28 points into unknown readable memory: 10 f0 bf 12 f1 7f 00 00
R14=0x00000000000fffff is an unknown value
R15=0x0000000001400000 is an unknown value


Registers:
RAX=0x00007ff1117ff000, RBX=0x00007ff112bff010, RCX=0x00007ff112bfefe0, RDX=0x0000000000b6b060
RSP=0x00007ff19eb8bc78, RBP=0x0000000000000014, RSI=0x00007ff113493fb0, RDI=0x00007ff112093fa0
R8 =0xffffffffffffffe0, R9 =0x0000000000000000, R10=0x00007ff112bff000, R11=0x00007ff1117ff000
R12=0x00007ff198793f78, R13=0x00007ff19875cf28, R14=0x00000000000fffff, R15=0x0000000001400000
RIP=0x00007ff19e0f2dba, EFLAGS=0x0000000000010202, CSGSFS=0x002b000000000033, ERR=0x0000000000000004
  TRAPNO=0x000000000000000e

Top of Stack: (sp=0x00007ff19eb8bc78)
0x00007ff19eb8bc78:   00007ff134734096 44480000987b61b0
0x00007ff19eb8bc88:   0010000034768dff 00007ff19eb8c580
0x00007ff19eb8bc98:   00007ff198781690 00007ff19eb8c060
0x00007ff19eb8bca8:   00007ff198793b78 00007ff198781690 

Instructions: (pc=0x00007ff19e0f2dba)
0x00007ff19e0f2cba:   00 00 48 81 fa 80 00 00 00 77 bc c5 fe 7f 29 c5
0x00007ff19e0f2cca:   fe 7f 71 e0 c5 fe 7f 79 c0 c5 7e 7f 41 a0 c4 c1
0x00007ff19e0f2cda:   7e 7f 23 c5 f8 77 c3 c5 fe 6f 26 c5 fe 6f 6e 20
0x00007ff19e0f2cea:   c5 fe 6f 76 40 c5 fe 6f 7e 60 c5 7e 6f 44 16 e0
0x00007ff19e0f2cfa:   4c 8d 5c 17 e0 48 8d 4c 16 e0 4d 89 d9 4d 89 d8
0x00007ff19e0f2d0a:   49 83 e0 1f 4c 29 c1 4d 29 c1 4c 29 c2 48 3b 15
0x00007ff19e0f2d1a:   5a 19 26 00 0f 87 f0 00 00 00 c5 fe 6f 01 c5 fe
0x00007ff19e0f2d2a:   6f 49 e0 c5 fe 6f 51 c0 c5 fe 6f 59 a0 48 81 e9
0x00007ff19e0f2d3a:   80 00 00 00 48 81 ea 80 00 00 00 c4 c1 7d 7f 01
0x00007ff19e0f2d4a:   c4 c1 7d 7f 49 e0 c4 c1 7d 7f 51 c0 c4 c1 7d 7f
0x00007ff19e0f2d5a:   59 a0 49 81 e9 80 00 00 00 48 81 fa 80 00 00 00
0x00007ff19e0f2d6a:   77 b8 c5 fe 7f 27 c5 fe 7f 6f 20 c5 fe 7f 77 40
0x00007ff19e0f2d7a:   c5 fe 7f 7f 60 c4 41 7e 7f 03 c5 f8 77 c3 4c 8d
0x00007ff19e0f2d8a:   14 17 4c 39 d6 0f 82 ec fe ff ff 0f 18 8e 00 01
0x00007ff19e0f2d9a:   00 00 0f 18 8e 40 01 00 00 0f 18 8e 80 01 00 00
0x00007ff19e0f2daa:   0f 18 8e c0 01 00 00 c5 fe 6f 06 c5 fe 6f 4e 20
0x00007ff19e0f2dba:   c5 fe 6f 56 40 c5 fe 6f 5e 60 48 81 c6 80 00 00
0x00007ff19e0f2dca:   00 48 81 ea 80 00 00 00 c5 fd e7 07 c5 fd e7 4f
0x00007ff19e0f2dda:   20 c5 fd e7 57 40 c5 fd e7 5f 60 48 81 c7 80 00
0x00007ff19e0f2dea:   00 00 48 81 fa 80 00 00 00 77 a0 0f ae f8 c5 fe
0x00007ff19e0f2dfa:   7f 29 c5 fe 7f 71 e0 c5 fe 7f 79 c0 c5 7e 7f 41
0x00007ff19e0f2e0a:   a0 c4 c1 7e 7f 23 c5 f8 77 c3 4c 8d 14 11 4d 39
0x00007ff19e0f2e1a:   d1 0f 82 03 ff ff ff 0f 18 89 00 ff ff ff 0f 18
0x00007ff19e0f2e2a:   89 c0 fe ff ff 0f 18 89 80 fe ff ff 0f 18 89 40
0x00007ff19e0f2e3a:   fe ff ff c5 fe 6f 01 c5 fe 6f 49 e0 c5 fe 6f 51
0x00007ff19e0f2e4a:   c0 c5 fe 6f 59 a0 48 81 e9 80 00 00 00 48 81 ea
0x00007ff19e0f2e5a:   80 00 00 00 c4 c1 7d e7 01 c4 c1 7d e7 49 e0 c4
0x00007ff19e0f2e6a:   c1 7d e7 51 c0 c4 c1 7d e7 59 a0 49 81 e9 80 00
0x00007ff19e0f2e7a:   00 00 48 81 fa 80 00 00 00 77 9c 0f ae f8 c5 fe
0x00007ff19e0f2e8a:   7f 27 c5 fe 7f 6f 20 c5 fe 7f 77 40 c5 fe 7f 7f
0x00007ff19e0f2e9a:   60 c4 41 7e 7f 03 c5 f8 77 c3 66 2e 0f 1f 84 00
0x00007ff19e0f2eaa:   00 00 00 00 66 90 48 39 d1 0f 82 47 3b fa ff 0f 


Stack slot to memory mapping:
stack at sp + 0 slots: 0x00007ff134734096: <offset 0x00000000001a8096> in /usr/lib/x86_64-linux-gnu/dri/i965_dri.so at 0x00007ff13458c000
stack at sp + 1 slots: 0x44480000987b61b0 is an unknown value
stack at sp + 2 slots: 0x0010000034768dff is an unknown value
stack at sp + 3 slots: 0x00007ff19eb8c580 is pointing into the stack for thread: 0x00007ff19801a000
stack at sp + 4 slots: 0x00007ff198781690 points into unknown readable memory: c0 e4 2a 98 f1 7f 00 00
stack at sp + 5 slots: 0x00007ff19eb8c060 is pointing into the stack for thread: 0x00007ff19801a000
stack at sp + 6 slots: 0x00007ff198793b78 points into unknown readable memory: 28 cf 75 98 f1 7f 00 00
stack at sp + 7 slots: 0x00007ff198781690 points into unknown readable memory: c0 e4 2a 98 f1 7f 00 00


---------------  P R O C E S S  ---------------

Threads class SMR info:
_java_thread_list=0x00007ff11c0318d0, length=13, elements={
0x00007ff19801a000, 0x00007ff19816e800, 0x00007ff198170800, 0x00007ff198175800,
0x00007ff198177800, 0x00007ff198179800, 0x00007ff19817b800, 0x00007ff198190800,
0x00007ff198231000, 0x00007ff198231800, 0x00007ff158001000, 0x00007ff198c25000,
0x00007ff11c034800
}

Java Threads: ( => current thread )
=>0x00007ff19801a000 JavaThread "main" [_thread_in_native, id=3851, stack(0x00007ff19ea8d000,0x00007ff19eb8e000)]
  0x00007ff19816e800 JavaThread "Reference Handler" daemon [_thread_blocked, id=3865, stack(0x00007ff178663000,0x00007ff178764000)]
  0x00007ff198170800 JavaThread "Finalizer" daemon [_thread_blocked, id=3867, stack(0x00007ff178562000,0x00007ff178663000)]
  0x00007ff198175800 JavaThread "Signal Dispatcher" daemon [_thread_blocked, id=3871, stack(0x00007ff178183000,0x00007ff178284000)]
  0x00007ff198177800 JavaThread "C2 CompilerThread0" daemon [_thread_blocked, id=3872, stack(0x00007ff178082000,0x00007ff178183000)]
  0x00007ff198179800 JavaThread "C1 CompilerThread0" daemon [_thread_blocked, id=3873, stack(0x00007ff153eff000,0x00007ff154000000)]
  0x00007ff19817b800 JavaThread "Sweeper thread" daemon [_thread_blocked, id=3875, stack(0x00007ff153dfe000,0x00007ff153eff000)]
  0x00007ff198190800 JavaThread "Common-Cleaner" daemon [_thread_blocked, id=3878, stack(0x00007ff153cfd000,0x00007ff153dfe000)]
  0x00007ff198231000 JavaThread "Monitor Ctrl-Break" daemon [_thread_in_native, id=3880, stack(0x00007ff153bfc000,0x00007ff153cfd000)]
  0x00007ff198231800 JavaThread "Service Thread" daemon [_thread_blocked, id=3881, stack(0x00007ff153afb000,0x00007ff153bfc000)]
  0x00007ff158001000 JavaThread "Attach Listener" daemon [_thread_blocked, id=3892, stack(0x00007ff12df3c000,0x00007ff12e03d000)]
  0x00007ff198c25000 JavaThread "JNativeHook Hook Thread" [_thread_in_native, id=3896, stack(0x00007ff124e92000,0x00007ff124f93000)]
  0x00007ff11c034800 JavaThread "JNativeHook Dispatch Thread" daemon [_thread_in_native, id=3897, stack(0x00007ff124d91000,0x00007ff124e92000)]

Other Threads:
  0x00007ff19816b800 VMThread "VM Thread" [stack: 0x00007ff178766000,0x00007ff178866000] [id=3863]
  0x00007ff19822d000 WatcherThread [stack: 0x00007ff1539fb000,0x00007ff153afb000] [id=3882]
  0x00007ff19806d800 GCTaskThread "GC Thread#0" [stack: 0x00007ff17b950000,0x00007ff17ba50000] [id=3856]
  0x00007ff19807f000 ConcurrentGCThread "G1 Main Marker" [stack: 0x00007ff17b84e000,0x00007ff17b94e000] [id=3857]
  0x00007ff198080800 ConcurrentGCThread "G1 Conc#0" [stack: 0x00007ff17b74c000,0x00007ff17b84c000] [id=3858]
  0x00007ff1980f9800 ConcurrentGCThread "G1 Refine#0" [stack: 0x00007ff179246000,0x00007ff179346000] [id=3860]
  0x00007ff1980fb000 ConcurrentGCThread "G1 Young RemSet Sampling" [stack: 0x00007ff179144000,0x00007ff179244000] [id=3861]

Threads with active compile tasks:

VM state:not at safepoint (normal execution)

VM Mutex/Monitor currently owned by a thread: None

Heap address: 0x0000000084e00000, size: 1970 MB, Compressed Oops mode: 32-bit
Narrow klass base: 0x0000000800000000, Narrow klass shift: 3
Compressed class space size: 1073741824 Address: 0x0000000800aed000

Heap:
 garbage-first heap   total 129024K, used 12040K [0x0000000084e00000, 0x0000000100000000)
  region size 1024K, 11 young (11264K), 0 survivors (0K)
 Metaspace       used 2713K, capacity 5130K, committed 5504K, reserved 1056768K
  class space    used 292K, capacity 520K, committed 640K, reserved 1048576K
Heap Regions: E=young(eden), S=young(survivor), O=old, HS=humongous(starts), HC=humongous(continues), CS=collection set, F=free, A=archive, TAMS=top-at-mark-start (previous, next)
|   0|0x0000000084e00000, 0x0000000084f00000, 0x0000000084f00000|100%|HS|  |TAMS 0x0000000084e00000, 0x0000000084e00000| Complete 
|   1|0x0000000084f00000, 0x0000000085000000, 0x0000000085000000|100%|HS|  |TAMS 0x0000000084f00000, 0x0000000084f00000| Complete 
|   2|0x0000000085000000, 0x0000000085000000, 0x0000000085100000|  0%| F|  |TAMS 0x0000000085000000, 0x0000000085000000| Untracked 
|   3|0x0000000085100000, 0x0000000085100000, 0x0000000085200000|  0%| F|  |TAMS 0x0000000085100000, 0x0000000085100000| Untracked 
|   4|0x0000000085200000, 0x0000000085200000, 0x0000000085300000|  0%| F|  |TAMS 0x0000000085200000, 0x0000000085200000| Untracked 
|   5|0x0000000085300000, 0x0000000085300000, 0x0000000085400000|  0%| F|  |TAMS 0x0000000085300000, 0x0000000085300000| Untracked 
|   6|0x0000000085400000, 0x0000000085400000, 0x0000000085500000|  0%| F|  |TAMS 0x0000000085400000, 0x0000000085400000| Untracked 
|   7|0x0000000085500000, 0x0000000085500000, 0x0000000085600000|  0%| F|  |TAMS 0x0000000085500000, 0x0000000085500000| Untracked 
|   8|0x0000000085600000, 0x0000000085600000, 0x0000000085700000|  0%| F|  |TAMS 0x0000000085600000, 0x0000000085600000| Untracked 
|   9|0x0000000085700000, 0x0000000085700000, 0x0000000085800000|  0%| F|  |TAMS 0x0000000085700000, 0x0000000085700000| Untracked 
|  10|0x0000000085800000, 0x0000000085800000, 0x0000000085900000|  0%| F|  |TAMS 0x0000000085800000, 0x0000000085800000| Untracked 
|  11|0x0000000085900000, 0x0000000085900000, 0x0000000085a00000|  0%| F|  |TAMS 0x0000000085900000, 0x0000000085900000| Untracked 
|  12|0x0000000085a00000, 0x0000000085a00000, 0x0000000085b00000|  0%| F|  |TAMS 0x0000000085a00000, 0x0000000085a00000| Untracked 
|  13|0x0000000085b00000, 0x0000000085b00000, 0x0000000085c00000|  0%| F|  |TAMS 0x0000000085b00000, 0x0000000085b00000| Untracked 
|  14|0x0000000085c00000, 0x0000000085c00000, 0x0000000085d00000|  0%| F|  |TAMS 0x0000000085c00000, 0x0000000085c00000| Untracked 
|  15|0x0000000085d00000, 0x0000000085d00000, 0x0000000085e00000|  0%| F|  |TAMS 0x0000000085d00000, 0x0000000085d00000| Untracked 
|  16|0x0000000085e00000, 0x0000000085e00000, 0x0000000085f00000|  0%| F|  |TAMS 0x0000000085e00000, 0x0000000085e00000| Untracked 
|  17|0x0000000085f00000, 0x0000000085f00000, 0x0000000086000000|  0%| F|  |TAMS 0x0000000085f00000, 0x0000000085f00000| Untracked 
|  18|0x0000000086000000, 0x0000000086000000, 0x0000000086100000|  0%| F|  |TAMS 0x0000000086000000, 0x0000000086000000| Untracked 
|  19|0x0000000086100000, 0x0000000086100000, 0x0000000086200000|  0%| F|  |TAMS 0x0000000086100000, 0x0000000086100000| Untracked 
|  20|0x0000000086200000, 0x0000000086200000, 0x0000000086300000|  0%| F|  |TAMS 0x0000000086200000, 0x0000000086200000| Untracked 
|  21|0x0000000086300000, 0x0000000086300000, 0x0000000086400000|  0%| F|  |TAMS 0x0000000086300000, 0x0000000086300000| Untracked 
|  22|0x0000000086400000, 0x0000000086400000, 0x0000000086500000|  0%| F|  |TAMS 0x0000000086400000, 0x0000000086400000| Untracked 
|  23|0x0000000086500000, 0x0000000086500000, 0x0000000086600000|  0%| F|  |TAMS 0x0000000086500000, 0x0000000086500000| Untracked 
|  24|0x0000000086600000, 0x0000000086600000, 0x0000000086700000|  0%| F|  |TAMS 0x0000000086600000, 0x0000000086600000| Untracked 
|  25|0x0000000086700000, 0x0000000086700000, 0x0000000086800000|  0%| F|  |TAMS 0x0000000086700000, 0x0000000086700000| Untracked 
|  26|0x0000000086800000, 0x0000000086800000, 0x0000000086900000|  0%| F|  |TAMS 0x0000000086800000, 0x0000000086800000| Untracked 
|  27|0x0000000086900000, 0x0000000086900000, 0x0000000086a00000|  0%| F|  |TAMS 0x0000000086900000, 0x0000000086900000| Untracked 
|  28|0x0000000086a00000, 0x0000000086a00000, 0x0000000086b00000|  0%| F|  |TAMS 0x0000000086a00000, 0x0000000086a00000| Untracked 
|  29|0x0000000086b00000, 0x0000000086b00000, 0x0000000086c00000|  0%| F|  |TAMS 0x0000000086b00000, 0x0000000086b00000| Untracked 
|  30|0x0000000086c00000, 0x0000000086c00000, 0x0000000086d00000|  0%| F|  |TAMS 0x0000000086c00000, 0x0000000086c00000| Untracked 
|  31|0x0000000086d00000, 0x0000000086d00000, 0x0000000086e00000|  0%| F|  |TAMS 0x0000000086d00000, 0x0000000086d00000| Untracked 
|  32|0x0000000086e00000, 0x0000000086e00000, 0x0000000086f00000|  0%| F|  |TAMS 0x0000000086e00000, 0x0000000086e00000| Untracked 
|  33|0x0000000086f00000, 0x0000000086f00000, 0x0000000087000000|  0%| F|  |TAMS 0x0000000086f00000, 0x0000000086f00000| Untracked 
|  34|0x0000000087000000, 0x0000000087000000, 0x0000000087100000|  0%| F|  |TAMS 0x0000000087000000, 0x0000000087000000| Untracked 
|  35|0x0000000087100000, 0x0000000087100000, 0x0000000087200000|  0%| F|  |TAMS 0x0000000087100000, 0x0000000087100000| Untracked 
|  36|0x0000000087200000, 0x0000000087200000, 0x0000000087300000|  0%| F|  |TAMS 0x0000000087200000, 0x0000000087200000| Untracked 
|  37|0x0000000087300000, 0x0000000087300000, 0x0000000087400000|  0%| F|  |TAMS 0x0000000087300000, 0x0000000087300000| Untracked 
|  38|0x0000000087400000, 0x0000000087400000, 0x0000000087500000|  0%| F|  |TAMS 0x0000000087400000, 0x0000000087400000| Untracked 
|  39|0x0000000087500000, 0x0000000087500000, 0x0000000087600000|  0%| F|  |TAMS 0x0000000087500000, 0x0000000087500000| Untracked 
|  40|0x0000000087600000, 0x0000000087600000, 0x0000000087700000|  0%| F|  |TAMS 0x0000000087600000, 0x0000000087600000| Untracked 
|  41|0x0000000087700000, 0x0000000087700000, 0x0000000087800000|  0%| F|  |TAMS 0x0000000087700000, 0x0000000087700000| Untracked 
|  42|0x0000000087800000, 0x0000000087800000, 0x0000000087900000|  0%| F|  |TAMS 0x0000000087800000, 0x0000000087800000| Untracked 
|  43|0x0000000087900000, 0x0000000087900000, 0x0000000087a00000|  0%| F|  |TAMS 0x0000000087900000, 0x0000000087900000| Untracked 
|  44|0x0000000087a00000, 0x0000000087a00000, 0x0000000087b00000|  0%| F|  |TAMS 0x0000000087a00000, 0x0000000087a00000| Untracked 
|  45|0x0000000087b00000, 0x0000000087b00000, 0x0000000087c00000|  0%| F|  |TAMS 0x0000000087b00000, 0x0000000087b00000| Untracked 
|  46|0x0000000087c00000, 0x0000000087c00000, 0x0000000087d00000|  0%| F|  |TAMS 0x0000000087c00000, 0x0000000087c00000| Untracked 
|  47|0x0000000087d00000, 0x0000000087d00000, 0x0000000087e00000|  0%| F|  |TAMS 0x0000000087d00000, 0x0000000087d00000| Untracked 
|  48|0x0000000087e00000, 0x0000000087e00000, 0x0000000087f00000|  0%| F|  |TAMS 0x0000000087e00000, 0x0000000087e00000| Untracked 
|  49|0x0000000087f00000, 0x0000000087f00000, 0x0000000088000000|  0%| F|  |TAMS 0x0000000087f00000, 0x0000000087f00000| Untracked 
|  50|0x0000000088000000, 0x0000000088000000, 0x0000000088100000|  0%| F|  |TAMS 0x0000000088000000, 0x0000000088000000| Untracked 
|  51|0x0000000088100000, 0x0000000088100000, 0x0000000088200000|  0%| F|  |TAMS 0x0000000088100000, 0x0000000088100000| Untracked 
|  52|0x0000000088200000, 0x0000000088200000, 0x0000000088300000|  0%| F|  |TAMS 0x0000000088200000, 0x0000000088200000| Untracked 
|  53|0x0000000088300000, 0x0000000088300000, 0x0000000088400000|  0%| F|  |TAMS 0x0000000088300000, 0x0000000088300000| Untracked 
|  54|0x0000000088400000, 0x0000000088400000, 0x0000000088500000|  0%| F|  |TAMS 0x0000000088400000, 0x0000000088400000| Untracked 
|  55|0x0000000088500000, 0x0000000088500000, 0x0000000088600000|  0%| F|  |TAMS 0x0000000088500000, 0x0000000088500000| Untracked 
|  56|0x0000000088600000, 0x0000000088600000, 0x0000000088700000|  0%| F|  |TAMS 0x0000000088600000, 0x0000000088600000| Untracked 
|  57|0x0000000088700000, 0x0000000088700000, 0x0000000088800000|  0%| F|  |TAMS 0x0000000088700000, 0x0000000088700000| Untracked 
|  58|0x0000000088800000, 0x0000000088800000, 0x0000000088900000|  0%| F|  |TAMS 0x0000000088800000, 0x0000000088800000| Untracked 
|  59|0x0000000088900000, 0x0000000088900000, 0x0000000088a00000|  0%| F|  |TAMS 0x0000000088900000, 0x0000000088900000| Untracked 
|  60|0x0000000088a00000, 0x0000000088a00000, 0x0000000088b00000|  0%| F|  |TAMS 0x0000000088a00000, 0x0000000088a00000| Untracked 
|  61|0x0000000088b00000, 0x0000000088b00000, 0x0000000088c00000|  0%| F|  |TAMS 0x0000000088b00000, 0x0000000088b00000| Untracked 
|  62|0x0000000088c00000, 0x0000000088c00000, 0x0000000088d00000|  0%| F|  |TAMS 0x0000000088c00000, 0x0000000088c00000| Untracked 
|  63|0x0000000088d00000, 0x0000000088d00000, 0x0000000088e00000|  0%| F|  |TAMS 0x0000000088d00000, 0x0000000088d00000| Untracked 
|  64|0x0000000088e00000, 0x0000000088e00000, 0x0000000088f00000|  0%| F|  |TAMS 0x0000000088e00000, 0x0000000088e00000| Untracked 
|  65|0x0000000088f00000, 0x0000000088f00000, 0x0000000089000000|  0%| F|  |TAMS 0x0000000088f00000, 0x0000000088f00000| Untracked 
|  66|0x0000000089000000, 0x0000000089000000, 0x0000000089100000|  0%| F|  |TAMS 0x0000000089000000, 0x0000000089000000| Untracked 
|  67|0x0000000089100000, 0x0000000089100000, 0x0000000089200000|  0%| F|  |TAMS 0x0000000089100000, 0x0000000089100000| Untracked 
|  68|0x0000000089200000, 0x0000000089200000, 0x0000000089300000|  0%| F|  |TAMS 0x0000000089200000, 0x0000000089200000| Untracked 
|  69|0x0000000089300000, 0x0000000089300000, 0x0000000089400000|  0%| F|  |TAMS 0x0000000089300000, 0x0000000089300000| Untracked 
|  70|0x0000000089400000, 0x0000000089400000, 0x0000000089500000|  0%| F|  |TAMS 0x0000000089400000, 0x0000000089400000| Untracked 
|  71|0x0000000089500000, 0x0000000089500000, 0x0000000089600000|  0%| F|  |TAMS 0x0000000089500000, 0x0000000089500000| Untracked 
|  72|0x0000000089600000, 0x0000000089600000, 0x0000000089700000|  0%| F|  |TAMS 0x0000000089600000, 0x0000000089600000| Untracked 
|  73|0x0000000089700000, 0x0000000089700000, 0x0000000089800000|  0%| F|  |TAMS 0x0000000089700000, 0x0000000089700000| Untracked 
|  74|0x0000000089800000, 0x0000000089800000, 0x0000000089900000|  0%| F|  |TAMS 0x0000000089800000, 0x0000000089800000| Untracked 
|  75|0x0000000089900000, 0x0000000089900000, 0x0000000089a00000|  0%| F|  |TAMS 0x0000000089900000, 0x0000000089900000| Untracked 
|  76|0x0000000089a00000, 0x0000000089a00000, 0x0000000089b00000|  0%| F|  |TAMS 0x0000000089a00000, 0x0000000089a00000| Untracked 
|  77|0x0000000089b00000, 0x0000000089b00000, 0x0000000089c00000|  0%| F|  |TAMS 0x0000000089b00000, 0x0000000089b00000| Untracked 
|  78|0x0000000089c00000, 0x0000000089c00000, 0x0000000089d00000|  0%| F|  |TAMS 0x0000000089c00000, 0x0000000089c00000| Untracked 
|  79|0x0000000089d00000, 0x0000000089d00000, 0x0000000089e00000|  0%| F|  |TAMS 0x0000000089d00000, 0x0000000089d00000| Untracked 
|  80|0x0000000089e00000, 0x0000000089e00000, 0x0000000089f00000|  0%| F|  |TAMS 0x0000000089e00000, 0x0000000089e00000| Untracked 
|  81|0x0000000089f00000, 0x0000000089f00000, 0x000000008a000000|  0%| F|  |TAMS 0x0000000089f00000, 0x0000000089f00000| Untracked 
|  82|0x000000008a000000, 0x000000008a000000, 0x000000008a100000|  0%| F|  |TAMS 0x000000008a000000, 0x000000008a000000| Untracked 
|  83|0x000000008a100000, 0x000000008a100000, 0x000000008a200000|  0%| F|  |TAMS 0x000000008a100000, 0x000000008a100000| Untracked 
|  84|0x000000008a200000, 0x000000008a200000, 0x000000008a300000|  0%| F|  |TAMS 0x000000008a200000, 0x000000008a200000| Untracked 
|  85|0x000000008a300000, 0x000000008a300000, 0x000000008a400000|  0%| F|  |TAMS 0x000000008a300000, 0x000000008a300000| Untracked 
|  86|0x000000008a400000, 0x000000008a400000, 0x000000008a500000|  0%| F|  |TAMS 0x000000008a400000, 0x000000008a400000| Untracked 
|  87|0x000000008a500000, 0x000000008a500000, 0x000000008a600000|  0%| F|  |TAMS 0x000000008a500000, 0x000000008a500000| Untracked 
|  88|0x000000008a600000, 0x000000008a600000, 0x000000008a700000|  0%| F|  |TAMS 0x000000008a600000, 0x000000008a600000| Untracked 
|  89|0x000000008a700000, 0x000000008a700000, 0x000000008a800000|  0%| F|  |TAMS 0x000000008a700000, 0x000000008a700000| Untracked 
|  90|0x000000008a800000, 0x000000008a800000, 0x000000008a900000|  0%| F|  |TAMS 0x000000008a800000, 0x000000008a800000| Untracked 
|  91|0x000000008a900000, 0x000000008a900000, 0x000000008aa00000|  0%| F|  |TAMS 0x000000008a900000, 0x000000008a900000| Untracked 
|  92|0x000000008aa00000, 0x000000008aa00000, 0x000000008ab00000|  0%| F|  |TAMS 0x000000008aa00000, 0x000000008aa00000| Untracked 
|  93|0x000000008ab00000, 0x000000008ab00000, 0x000000008ac00000|  0%| F|  |TAMS 0x000000008ab00000, 0x000000008ab00000| Untracked 
|  94|0x000000008ac00000, 0x000000008ac00000, 0x000000008ad00000|  0%| F|  |TAMS 0x000000008ac00000, 0x000000008ac00000| Untracked 
|  95|0x000000008ad00000, 0x000000008ad00000, 0x000000008ae00000|  0%| F|  |TAMS 0x000000008ad00000, 0x000000008ad00000| Untracked 
|  96|0x000000008ae00000, 0x000000008ae00000, 0x000000008af00000|  0%| F|  |TAMS 0x000000008ae00000, 0x000000008ae00000| Untracked 
|  97|0x000000008af00000, 0x000000008af00000, 0x000000008b000000|  0%| F|  |TAMS 0x000000008af00000, 0x000000008af00000| Untracked 
|  98|0x000000008b000000, 0x000000008b000000, 0x000000008b100000|  0%| F|  |TAMS 0x000000008b000000, 0x000000008b000000| Untracked 
|  99|0x000000008b100000, 0x000000008b100000, 0x000000008b200000|  0%| F|  |TAMS 0x000000008b100000, 0x000000008b100000| Untracked 
| 100|0x000000008b200000, 0x000000008b200000, 0x000000008b300000|  0%| F|  |TAMS 0x000000008b200000, 0x000000008b200000| Untracked 
| 101|0x000000008b300000, 0x000000008b300000, 0x000000008b400000|  0%| F|  |TAMS 0x000000008b300000, 0x000000008b300000| Untracked 
| 102|0x000000008b400000, 0x000000008b400000, 0x000000008b500000|  0%| F|  |TAMS 0x000000008b400000, 0x000000008b400000| Untracked 
| 103|0x000000008b500000, 0x000000008b500000, 0x000000008b600000|  0%| F|  |TAMS 0x000000008b500000, 0x000000008b500000| Untracked 
| 104|0x000000008b600000, 0x000000008b600000, 0x000000008b700000|  0%| F|  |TAMS 0x000000008b600000, 0x000000008b600000| Untracked 
| 105|0x000000008b700000, 0x000000008b700000, 0x000000008b800000|  0%| F|  |TAMS 0x000000008b700000, 0x000000008b700000| Untracked 
| 106|0x000000008b800000, 0x000000008b800000, 0x000000008b900000|  0%| F|  |TAMS 0x000000008b800000, 0x000000008b800000| Untracked 
| 107|0x000000008b900000, 0x000000008b900000, 0x000000008ba00000|  0%| F|  |TAMS 0x000000008b900000, 0x000000008b900000| Untracked 
| 108|0x000000008ba00000, 0x000000008ba00000, 0x000000008bb00000|  0%| F|  |TAMS 0x000000008ba00000, 0x000000008ba00000| Untracked 
| 109|0x000000008bb00000, 0x000000008bb00000, 0x000000008bc00000|  0%| F|  |TAMS 0x000000008bb00000, 0x000000008bb00000| Untracked 
| 110|0x000000008bc00000, 0x000000008bc00000, 0x000000008bd00000|  0%| F|  |TAMS 0x000000008bc00000, 0x000000008bc00000| Untracked 
| 111|0x000000008bd00000, 0x000000008bd00000, 0x000000008be00000|  0%| F|  |TAMS 0x000000008bd00000, 0x000000008bd00000| Untracked 
| 112|0x000000008be00000, 0x000000008be00000, 0x000000008bf00000|  0%| F|  |TAMS 0x000000008be00000, 0x000000008be00000| Untracked 
| 113|0x000000008bf00000, 0x000000008bff8030, 0x000000008c000000| 96%| E|  |TAMS 0x000000008bf00000, 0x000000008bf00000| Complete 
| 114|0x000000008c000000, 0x000000008c100000, 0x000000008c100000|100%| E|CS|TAMS 0x000000008c000000, 0x000000008c000000| Complete 
| 115|0x000000008c100000, 0x000000008c1eb030, 0x000000008c200000| 91%| E|  |TAMS 0x000000008c100000, 0x000000008c100000| Complete 
| 116|0x000000008c200000, 0x000000008c300000, 0x000000008c300000|100%| E|CS|TAMS 0x000000008c200000, 0x000000008c200000| Complete 
| 117|0x000000008c300000, 0x000000008c400000, 0x000000008c400000|100%| E|CS|TAMS 0x000000008c300000, 0x000000008c300000| Complete 
| 118|0x000000008c400000, 0x000000008c500000, 0x000000008c500000|100%| E|CS|TAMS 0x000000008c400000, 0x000000008c400000| Complete 
| 119|0x000000008c500000, 0x000000008c600000, 0x000000008c600000|100%| E|CS|TAMS 0x000000008c500000, 0x000000008c500000| Complete 
| 120|0x000000008c600000, 0x000000008c700000, 0x000000008c700000|100%| E|CS|TAMS 0x000000008c600000, 0x000000008c600000| Complete 
| 121|0x000000008c700000, 0x000000008c800000, 0x000000008c800000|100%| E|CS|TAMS 0x000000008c700000, 0x000000008c700000| Complete 
| 122|0x000000008c800000, 0x000000008c900000, 0x000000008c900000|100%| E|CS|TAMS 0x000000008c800000, 0x000000008c800000| Complete 
| 123|0x000000008c900000, 0x000000008ca00000, 0x000000008ca00000|100%| E|CS|TAMS 0x000000008c900000, 0x000000008c900000| Complete 
|1968|0x00000000ffe00000, 0x00000000ffe48000, 0x00000000fff00000| 28%|OA|  |TAMS 0x00000000ffe00000, 0x00000000ffe00000| Untracked 
|1969|0x00000000fff00000, 0x00000000fff7a000, 0x0000000100000000| 47%|CA|  |TAMS 0x00000000fff00000, 0x00000000fff00000| Untracked 

Card table byte_map: [0x00007ff17fbb9000,0x00007ff17ff92000] _byte_map_base: 0x00007ff17f792000

Marking Bits (Prev, Next): (CMBitMap*) 0x00007ff19806e908, (CMBitMap*) 0x00007ff19806e948
 Prev Bits: [0x00007ff17d918000, 0x00007ff17f7e0000)
 Next Bits: [0x00007ff17ba50000, 0x00007ff17d918000)

Polling page: 0x00007ff19eba9000

Metaspace:

Usage:
  Non-class:      4.50 MB capacity,     2.36 MB ( 53%) used,     2.13 MB ( 47%) free+waste,     7.25 KB ( <1%) overhead. 
      Class:    520.00 KB capacity,   292.81 KB ( 56%) used,   222.88 KB ( 43%) free+waste,     4.31 KB ( <1%) overhead. 
       Both:      5.01 MB capacity,     2.65 MB ( 53%) used,     2.35 MB ( 47%) free+waste,    11.56 KB ( <1%) overhead. 

Virtual space:
  Non-class space:        8.00 MB reserved,       4.75 MB ( 59%) committed 
      Class space:        1.00 GB reserved,     640.00 KB ( <1%) committed 
             Both:        1.01 GB reserved,       5.38 MB ( <1%) committed 

Chunk freelists:
   Non-Class:  54.00 KB
       Class:  0 bytes
        Both:  54.00 KB

MaxMetaspaceSize: unlimited
CompressedClassSpaceSize: 1.00 GB

CodeHeap 'non-profiled nmethods': size=120032Kb used=207Kb max_used=207Kb free=119825Kb
 bounds [0x00007ff188322000, 0x00007ff188592000, 0x00007ff18f85a000]
CodeHeap 'profiled nmethods': size=120028Kb used=1003Kb max_used=1003Kb free=119024Kb
 bounds [0x00007ff180deb000, 0x00007ff18105b000, 0x00007ff188322000]
CodeHeap 'non-nmethods': size=5700Kb used=1159Kb max_used=1174Kb free=4540Kb
 bounds [0x00007ff18085a000, 0x00007ff180aca000, 0x00007ff180deb000]
 total_blobs=1224 nmethods=686 adapters=320
 compilation: enabled
              stopped_count=0, restarted_count=0
 full_count=0

Compilation events (20 events):
Event: 7.238 Thread 0x00007ff198177800  676       4       java.util.regex.CharPredicates$$Lambda$47/0x0000000800b6ec40::is (5 bytes)
Event: 7.240 Thread 0x00007ff198177800 nmethod 676 0x00007ff188353610 code [0x00007ff1883537a0, 0x00007ff188353878]
Event: 7.260 Thread 0x00007ff198179800  678       3       java.util.regex.Pattern::has (15 bytes)
Event: 7.260 Thread 0x00007ff198179800 nmethod 678 0x00007ff180ee3c10 code [0x00007ff180ee3da0, 0x00007ff180ee3f70]
Event: 7.291 Thread 0x00007ff198179800  679       3       java.util.regex.Pattern$Start::match (90 bytes)
Event: 7.291 Thread 0x00007ff198179800 nmethod 679 0x00007ff180ee4010 code [0x00007ff180ee41e0, 0x00007ff180ee4628]
Event: 7.322 Thread 0x00007ff198177800  680 %     4       java.lang.StringLatin1::lastIndexOf @ 28 (125 bytes)
Event: 7.326 Thread 0x00007ff198177800 nmethod 680% 0x00007ff188353990 code [0x00007ff188353b20, 0x00007ff188353cb8]
Event: 7.338 Thread 0x00007ff198177800  681 %     4       java.util.regex.Pattern$Start::match @ 31 (90 bytes)
Event: 7.348 Thread 0x00007ff198177800 nmethod 681% 0x00007ff188353e10 code [0x00007ff188353fe0, 0x00007ff1883545f8]
Event: 7.351 Thread 0x00007ff198177800  682       4       java.lang.StringLatin1::lastIndexOf (125 bytes)
Event: 7.352 Thread 0x00007ff198179800  683       3       java.util.regex.Matcher::search (154 bytes)
Event: 7.353 Thread 0x00007ff198179800 nmethod 683 0x00007ff180ee4810 code [0x00007ff180ee4a00, 0x00007ff180ee4ff8]
Event: 7.354 Thread 0x00007ff198177800 nmethod 682 0x00007ff188354b10 code [0x00007ff188354ca0, 0x00007ff188354dd8]
Event: 7.354 Thread 0x00007ff198177800  684       4       java.util.regex.Pattern$Start::match (90 bytes)
Event: 7.362 Thread 0x00007ff198177800 nmethod 684 0x00007ff188354f90 code [0x00007ff188355160, 0x00007ff188355738]
Event: 7.365 Thread 0x00007ff198179800  685       3       org.jsfml.window.event.Event::<init> (14 bytes)
Event: 7.365 Thread 0x00007ff198179800 nmethod 685 0x00007ff180ee5210 code [0x00007ff180ee53e0, 0x00007ff180ee5888]
Event: 7.429 Thread 0x00007ff198179800  686       3       java.lang.StringConcatHelper::initialCoder (14 bytes)
Event: 7.429 Thread 0x00007ff198179800 nmethod 686 0x00007ff180ee5a10 code [0x00007ff180ee5ba0, 0x00007ff180ee5d10]

GC Heap History (0 events):
No events

Deoptimization events (12 events):
Event: 1.727 Thread 0x00007ff19801a000 Uncommon trap: trap_request=0xffffff45 fr.pc=0x00007ff18832a82c relative=0x000000000000020c
Event: 1.727 Thread 0x00007ff19801a000 Uncommon trap: reason=unstable_if action=reinterpret pc=0x00007ff18832a82c method=java.lang.String.hashCode()I @ 42 c2
Event: 1.727 Thread 0x00007ff19801a000 DEOPT PACKING pc=0x00007ff18832a82c sp=0x00007ff19eb8ba70
Event: 1.727 Thread 0x00007ff19801a000 DEOPT UNPACKING pc=0x00007ff1808a2e25 sp=0x00007ff19eb8ba20 mode 2
Event: 1.981 Thread 0x00007ff19801a000 Uncommon trap: trap_request=0xffffff45 fr.pc=0x00007ff188327f68 relative=0x0000000000000068
Event: 1.981 Thread 0x00007ff19801a000 Uncommon trap: reason=unstable_if action=reinterpret pc=0x00007ff188327f68 method=java.lang.String.isLatin1()Z @ 10 c2
Event: 1.981 Thread 0x00007ff19801a000 DEOPT PACKING pc=0x00007ff188327f68 sp=0x00007ff19eb8b330
Event: 1.981 Thread 0x00007ff19801a000 DEOPT UNPACKING pc=0x00007ff1808a2e25 sp=0x00007ff19eb8b2e0 mode 2
Event: 7.351 Thread 0x00007ff11c034800 DEOPT PACKING pc=0x00007ff180ee254c sp=0x00007ff124e904d0
Event: 7.351 Thread 0x00007ff11c034800 DEOPT UNPACKING pc=0x00007ff1808a333a sp=0x00007ff124e8f960 mode 0
Event: 7.352 Thread 0x00007ff11c034800 DEOPT PACKING pc=0x00007ff180ee4511 sp=0x00007ff124e90310
Event: 7.352 Thread 0x00007ff11c034800 DEOPT UNPACKING pc=0x00007ff1808a333a sp=0x00007ff124e8f7f0 mode 0

Classes unloaded (0 events):
No events

Classes redefined (0 events):
No events

Internal exceptions (2 events):
Event: 0.240 Thread 0x00007ff19801a000 Exception <a 'sun/nio/fs/UnixException'{0x000000008c705d90}> (0x000000008c705d90) 
thrown [open/src/hotspot/share/prims/jni.cpp, line 598]
Event: 1.954 Thread 0x00007ff19801a000 Exception <a 'java/lang/ClassNotFoundException'{0x000000008c58b298}: sun/util/logging/resources/spi/loggingProvider> (0x000000008c58b298) 
thrown [open/src/hotspot/share/classfile/systemDictionary.cpp, line 232]

Events (20 events):
Event: 2.782 loading class org/jsfml/window/Keyboard$Key
Event: 2.782 loading class org/jsfml/window/Keyboard$Key done
Event: 3.314 loading class sun/nio/cs/StandardCharsets$Classes
Event: 3.314 loading class sun/nio/cs/StandardCharsets$Classes done
Event: 3.314 loading class sun/nio/cs/UTF_32
Event: 3.314 loading class sun/nio/cs/UTF_32 done
Event: 3.315 loading class sun/nio/cs/ThreadLocalCoders
Event: 3.315 loading class sun/nio/cs/ThreadLocalCoders done
Event: 3.315 loading class sun/nio/cs/ThreadLocalCoders$1
Event: 3.315 loading class sun/nio/cs/ThreadLocalCoders$Cache
Event: 3.315 loading class sun/nio/cs/ThreadLocalCoders$Cache done
Event: 3.315 loading class sun/nio/cs/ThreadLocalCoders$1 done
Event: 3.315 loading class sun/nio/cs/ThreadLocalCoders$2
Event: 3.315 loading class sun/nio/cs/ThreadLocalCoders$2 done
Event: 3.315 loading class sun/nio/cs/UTF_32Coder$Decoder
Event: 3.315 loading class sun/nio/cs/UTF_32Coder$Decoder done
Event: 7.049 Executing VM operation: RevokeBias
Event: 7.049 Executing VM operation: RevokeBias done
Event: 7.050 loading class components/textfield/LineBreaker
Event: 7.050 loading class components/textfield/LineBreaker done


Dynamic libraries:
00400000-00401000 r-xp 00000000 fd:00 13770859                           /usr/lib/jvm/jdk-13.0.2/bin/java
00401000-00402000 r--p 00000000 fd:00 13770859                           /usr/lib/jvm/jdk-13.0.2/bin/java
00402000-00403000 rw-p 00001000 fd:00 13770859                           /usr/lib/jvm/jdk-13.0.2/bin/java
006f0000-00711000 rw-p 00000000 00:00 0                                  [heap]
84e00000-8ca00000 rw-p 00000000 00:00 0 
8ca00000-ffe00000 ---p 00000000 00:00 0 
ffe00000-ffe48000 rw-p 00b68000 fd:00 13896808                           /usr/lib/jvm/jdk-13.0.2/lib/server/classes.jsa
ffe48000-fff00000 rw-p 00000000 00:00 0 
fff00000-fff7a000 rw-p 00aee000 fd:00 13896808                           /usr/lib/jvm/jdk-13.0.2/lib/server/classes.jsa
fff7a000-100000000 rw-p 00000000 00:00 0 
800000000-800003000 rwxp 00001000 fd:00 13896808                         /usr/lib/jvm/jdk-13.0.2/lib/server/classes.jsa
800003000-8003d8000 rw-p 00004000 fd:00 13896808                         /usr/lib/jvm/jdk-13.0.2/lib/server/classes.jsa
8003d8000-800aec000 r--p 003d9000 fd:00 13896808                         /usr/lib/jvm/jdk-13.0.2/lib/server/classes.jsa
800aec000-800aed000 rw-p 00aed000 fd:00 13896808                         /usr/lib/jvm/jdk-13.0.2/lib/server/classes.jsa
800aed000-800b8d000 rw-p 00000000 00:00 0 
800b8d000-840aed000 ---p 00000000 00:00 0 
7ff10effe000-7ff1117ff000 rw-p 00000000 00:00 0 
7ff1117ff000-7ff112bff000 rw-s 00000000 00:19 1268                       /i915 (deleted)
7ff114000000-7ff1149be000 rw-p 00000000 00:00 0 
7ff1149be000-7ff118000000 ---p 00000000 00:00 0 
7ff1181b9000-7ff118db9000 rw-s 00000000 00:19 1246                       /i915 (deleted)
7ff118db9000-7ff1197b9000 rw-s 00000000 00:19 1207                       /i915 (deleted)
7ff11a1ba000-7ff11a53a000 rw-s 00000000 00:19 1206                       /i915 (deleted)
7ff11a53a000-7ff11aa3a000 rw-s 00000000 00:19 1158                       /i915 (deleted)
7ff11ab3b000-7ff11af3b000 rw-s 00000000 00:19 1270                       /i915 (deleted)
7ff11af3b000-7ff11c000000 rw-p 00000000 00:00 0 
7ff11c000000-7ff11c038000 rw-p 00000000 00:00 0 
7ff11c038000-7ff120000000 ---p 00000000 00:00 0 
7ff120000000-7ff120024000 rw-p 00000000 00:00 0 
7ff120024000-7ff124000000 ---p 00000000 00:00 0 
7ff124374000-7ff1245f4000 rw-s 00000000 00:19 1157                       /i915 (deleted)
7ff124875000-7ff1249b5000 rw-s 00000000 00:19 1153                       /i915 (deleted)
7ff1249b5000-7ff124a55000 rw-s 00000000 00:19 1136                       /i915 (deleted)
7ff124a55000-7ff124aa5000 rw-s 00000000 00:19 1037                       /i915 (deleted)
7ff124aa5000-7ff124d91000 rw-p 00000000 00:00 0 
7ff124d91000-7ff124d95000 ---p 00000000 00:00 0 
7ff124d95000-7ff124e92000 rw-p 00000000 00:00 0 
7ff124e92000-7ff124e96000 ---p 00000000 00:00 0 
7ff124e96000-7ff124f93000 rw-p 00000000 00:00 0 
7ff124f93000-7ff124fae000 r-xp 00000000 fd:00 11410354                   /usr/local/lib/libxcb-xkb.so.1.0.0
7ff124fae000-7ff1251ae000 ---p 0001b000 fd:00 11410354                   /usr/local/lib/libxcb-xkb.so.1.0.0
7ff1251ae000-7ff1251af000 r--p 0001b000 fd:00 11410354                   /usr/local/lib/libxcb-xkb.so.1.0.0
7ff1251af000-7ff1251b0000 rw-p 0001c000 fd:00 11410354                   /usr/local/lib/libxcb-xkb.so.1.0.0
7ff1251b0000-7ff1251b5000 r-xp 00000000 fd:00 11017307                   /usr/lib/x86_64-linux-gnu/libXtst.so.6.1.0
7ff1251b5000-7ff1253b4000 ---p 00005000 fd:00 11017307                   /usr/lib/x86_64-linux-gnu/libXtst.so.6.1.0
7ff1253b4000-7ff1253b5000 r--p 00004000 fd:00 11017307                   /usr/lib/x86_64-linux-gnu/libXtst.so.6.1.0
7ff1253b5000-7ff1253b6000 rw-p 00005000 fd:00 11017307                   /usr/lib/x86_64-linux-gnu/libXtst.so.6.1.0
7ff1253b6000-7ff125418000 r-xp 00000000 fd:00 11017305                   /usr/lib/x86_64-linux-gnu/libXt.so.6.0.0
7ff125418000-7ff125618000 ---p 00062000 fd:00 11017305                   /usr/lib/x86_64-linux-gnu/libXt.so.6.0.0
7ff125618000-7ff125619000 r--p 00062000 fd:00 11017305                   /usr/lib/x86_64-linux-gnu/libXt.so.6.0.0
7ff125619000-7ff12561e000 rw-p 00063000 fd:00 11017305                   /usr/lib/x86_64-linux-gnu/libXt.so.6.0.0
7ff12561e000-7ff12561f000 rw-p 00000000 00:00 0 
7ff12561f000-7ff125621000 r-xp 00000000 fd:00 11017291                   /usr/lib/x86_64-linux-gnu/libXinerama.so.1.0.0
7ff125621000-7ff125820000 ---p 00002000 fd:00 11017291                   /usr/lib/x86_64-linux-gnu/libXinerama.so.1.0.0
7ff125820000-7ff125821000 r--p 00001000 fd:00 11017291                   /usr/lib/x86_64-linux-gnu/libXinerama.so.1.0.0
7ff125821000-7ff125822000 rw-p 00002000 fd:00 11017291                   /usr/lib/x86_64-linux-gnu/libXinerama.so.1.0.0
7ff125822000-7ff12585f000 r-xp 00000000 fd:00 11018645                   /usr/lib/x86_64-linux-gnu/libxkbcommon.so.0.0.0
7ff12585f000-7ff125a5e000 ---p 0003d000 fd:00 11018645                   /usr/lib/x86_64-linux-gnu/libxkbcommon.so.0.0.0
7ff125a5e000-7ff125a60000 r--p 0003c000 fd:00 11018645                   /usr/lib/x86_64-linux-gnu/libxkbcommon.so.0.0.0
7ff125a60000-7ff125a61000 rw-p 0003e000 fd:00 11018645                   /usr/lib/x86_64-linux-gnu/libxkbcommon.so.0.0.0
7ff125a61000-7ff125a68000 r-xp 00000000 fd:00 11018643                   /usr/lib/x86_64-linux-gnu/libxkbcommon-x11.so.0.0.0
7ff125a68000-7ff125c67000 ---p 00007000 fd:00 11018643                   /usr/lib/x86_64-linux-gnu/libxkbcommon-x11.so.0.0.0
7ff125c67000-7ff125c68000 r--p 00006000 fd:00 11018643                   /usr/lib/x86_64-linux-gnu/libxkbcommon-x11.so.0.0.0
7ff125c68000-7ff125c69000 rw-p 00007000 fd:00 11018643                   /usr/lib/x86_64-linux-gnu/libxkbcommon-x11.so.0.0.0
7ff125c69000-7ff125c75000 r-xp 00000000 fd:00 12756640                   /tmp/libJNativeHook-2.1.0.x86_64.so
7ff125c75000-7ff125e74000 ---p 0000c000 fd:00 12756640                   /tmp/libJNativeHook-2.1.0.x86_64.so
7ff125e74000-7ff125e75000 r--p 0000b000 fd:00 12756640                   /tmp/libJNativeHook-2.1.0.x86_64.so
7ff125e75000-7ff125e76000 rw-p 0000c000 fd:00 12756640                   /tmp/libJNativeHook-2.1.0.x86_64.so
7ff125e76000-7ff128000000 rw-p 00000000 00:00 0 
7ff128000000-7ff128021000 rw-p 00000000 00:00 0 
7ff128021000-7ff12c000000 ---p 00000000 00:00 0 
7ff12c030000-7ff12c058000 rw-s 00000000 00:19 515                        /i915 (deleted)
7ff12c058000-7ff12c068000 rw-s 00000000 00:19 1264                       /i915 (deleted)
7ff12c068000-7ff12c084000 rw-s 00000000 00:19 1313                       /i915 (deleted)
7ff12c084000-7ff12c094000 rw-s 00000000 00:19 1307                       /i915 (deleted)
7ff12c094000-7ff12c0b0000 rw-s 00000000 00:19 1305                       /i915 (deleted)
7ff12c0d4000-7ff12c0e8000 rw-s 00000000 00:19 240                        /i915 (deleted)
7ff12c0e8000-7ff12c2a8000 rw-s 00000000 00:19 1293                       /i915 (deleted)
7ff12c2a8000-7ff12c880000 rw-p 00000000 00:00 0 
7ff12c880000-7ff12c889000 r-xp 00000000 fd:00 11017275                   /usr/lib/x86_64-linux-gnu/libXcursor.so.1.0.2
7ff12c889000-7ff12ca88000 ---p 00009000 fd:00 11017275                   /usr/lib/x86_64-linux-gnu/libXcursor.so.1.0.2
7ff12ca88000-7ff12ca89000 r--p 00008000 fd:00 11017275                   /usr/lib/x86_64-linux-gnu/libXcursor.so.1.0.2
7ff12ca89000-7ff12ca8a000 rw-p 00009000 fd:00 11017275                   /usr/lib/x86_64-linux-gnu/libXcursor.so.1.0.2
7ff12ca8a000-7ff12cafe000 rw-p 00000000 00:00 0 
7ff12cb01000-7ff12cb0b000 rw-s 00000000 00:19 1281                       /i915 (deleted)
7ff12cb0b000-7ff12cb4b000 rw-s 00000000 fd:00 11292881                   /home/pck11800/#11292881 (deleted)
7ff12cb4b000-7ff12cb8b000 r-xs 00000000 fd:00 11292881                   /home/pck11800/#11292881 (deleted)
7ff12cb8b000-7ff12df3c000 rw-p 00000000 00:00 0 
7ff12df3c000-7ff12df40000 ---p 00000000 00:00 0 
7ff12df40000-7ff12f3ee000 rw-p 00000000 00:00 0 
7ff12f3ee000-7ff12f3ef000 ---p 00000000 00:00 0 
7ff12f3ef000-7ff12fbef000 rw-p 00000000 00:00 0 
7ff12fbef000-7ff12fbf7000 r-xp 00000000 fd:00 11018256                   /usr/lib/x86_64-linux-gnu/libpciaccess.so.0.11.1
7ff12fbf7000-7ff12fdf6000 ---p 00008000 fd:00 11018256                   /usr/lib/x86_64-linux-gnu/libpciaccess.so.0.11.1
7ff12fdf6000-7ff12fdf7000 r--p 00007000 fd:00 11018256                   /usr/lib/x86_64-linux-gnu/libpciaccess.so.0.11.1
7ff12fdf7000-7ff12fdf8000 rw-p 00008000 fd:00 11018256                   /usr/lib/x86_64-linux-gnu/libpciaccess.so.0.11.1
7ff12fdf8000-7ff12fdff000 r-xp 00000000 fd:00 11017595                   /usr/lib/x86_64-linux-gnu/libdrm_nouveau.so.2.0.0
7ff12fdff000-7ff12fffe000 ---p 00007000 fd:00 11017595                   /usr/lib/x86_64-linux-gnu/libdrm_nouveau.so.2.0.0
7ff12fffe000-7ff12ffff000 r--p 00006000 fd:00 11017595                   /usr/lib/x86_64-linux-gnu/libdrm_nouveau.so.2.0.0
7ff12ffff000-7ff130000000 rw-p 00007000 fd:00 11017595                   /usr/lib/x86_64-linux-gnu/libdrm_nouveau.so.2.0.0
7ff130000000-7ff130021000 rw-p 00000000 00:00 0 
7ff130021000-7ff134000000 ---p 00000000 00:00 0 
7ff134004000-7ff13400c000 rw-s 00000000 00:19 1243                       /i915 (deleted)
7ff13400c000-7ff13401c000 rw-s 00000000 00:19 1297                       /i915 (deleted)
7ff13401c000-7ff13415d000 rw-s 00000000 fd:00 11274967                   /home/pck11800/.cache/mesa_shader_cache/index
7ff13415d000-7ff134168000 r-xp 00000000 fd:00 11017597                   /usr/lib/x86_64-linux-gnu/libdrm_radeon.so.1.0.1
7ff134168000-7ff134367000 ---p 0000b000 fd:00 11017597                   /usr/lib/x86_64-linux-gnu/libdrm_radeon.so.1.0.1
7ff134367000-7ff134368000 r--p 0000a000 fd:00 11017597                   /usr/lib/x86_64-linux-gnu/libdrm_radeon.so.1.0.1
7ff134368000-7ff134369000 rw-p 0000b000 fd:00 11017597                   /usr/lib/x86_64-linux-gnu/libdrm_radeon.so.1.0.1
7ff134369000-7ff13438b000 r-xp 00000000 fd:00 11017593                   /usr/lib/x86_64-linux-gnu/libdrm_intel.so.1.0.0
7ff13438b000-7ff13458a000 ---p 00022000 fd:00 11017593                   /usr/lib/x86_64-linux-gnu/libdrm_intel.so.1.0.0
7ff13458a000-7ff13458b000 r--p 00021000 fd:00 11017593                   /usr/lib/x86_64-linux-gnu/libdrm_intel.so.1.0.0
7ff13458b000-7ff13458c000 rw-p 00022000 fd:00 11017593                   /usr/lib/x86_64-linux-gnu/libdrm_intel.so.1.0.0
7ff13458c000-7ff134f1f000 r-xp 00000000 fd:00 11275629                   /usr/lib/x86_64-linux-gnu/dri/i965_dri.so
7ff134f1f000-7ff13511e000 ---p 00993000 fd:00 11275629                   /usr/lib/x86_64-linux-gnu/dri/i965_dri.so
7ff13511e000-7ff135185000 r--p 00992000 fd:00 11275629                   /usr/lib/x86_64-linux-gnu/dri/i965_dri.so
7ff135185000-7ff135191000 rw-p 009f9000 fd:00 11275629                   /usr/lib/x86_64-linux-gnu/dri/i965_dri.so
7ff135191000-7ff135243000 rw-p 00000000 00:00 0 
7ff135243000-7ff135272000 r-xp 00000000 fd:00 267182                     /lib/x86_64-linux-gnu/libexpat.so.1.6.7
7ff135272000-7ff135472000 ---p 0002f000 fd:00 267182                     /lib/x86_64-linux-gnu/libexpat.so.1.6.7
7ff135472000-7ff135474000 r--p 0002f000 fd:00 267182                     /lib/x86_64-linux-gnu/libexpat.so.1.6.7
7ff135474000-7ff135475000 rw-p 00031000 fd:00 267182                     /lib/x86_64-linux-gnu/libexpat.so.1.6.7
7ff135475000-7ff135476000 r-xp 00000000 fd:00 11018661                   /usr/lib/x86_64-linux-gnu/libxshmfence.so.1.0.0
7ff135476000-7ff135675000 ---p 00001000 fd:00 11018661                   /usr/lib/x86_64-linux-gnu/libxshmfence.so.1.0.0
7ff135675000-7ff135676000 r--p 00000000 fd:00 11018661                   /usr/lib/x86_64-linux-gnu/libxshmfence.so.1.0.0
7ff135676000-7ff135677000 rw-p 00001000 fd:00 11018661                   /usr/lib/x86_64-linux-gnu/libxshmfence.so.1.0.0
7ff135677000-7ff13567c000 r-xp 00000000 fd:00 11410334                   /usr/local/lib/libxcb-sync.so.1.0.0
7ff13567c000-7ff13587c000 ---p 00005000 fd:00 11410334                   /usr/local/lib/libxcb-sync.so.1.0.0
7ff13587c000-7ff13587d000 r--p 00005000 fd:00 11410334                   /usr/local/lib/libxcb-sync.so.1.0.0
7ff13587d000-7ff13587e000 rw-p 00006000 fd:00 11410334                   /usr/local/lib/libxcb-sync.so.1.0.0
7ff13587e000-7ff135880000 r-xp 00000000 fd:00 11410298                   /usr/local/lib/libxcb-present.so.0.0.0
7ff135880000-7ff135a7f000 ---p 00002000 fd:00 11410298                   /usr/local/lib/libxcb-present.so.0.0.0
7ff135a7f000-7ff135a80000 r--p 00001000 fd:00 11410298                   /usr/local/lib/libxcb-present.so.0.0.0
7ff135a80000-7ff135a81000 rw-p 00002000 fd:00 11410298                   /usr/local/lib/libxcb-present.so.0.0.0
7ff135a81000-7ff135a84000 r-xp 00000000 fd:00 11410294                   /usr/local/lib/libxcb-dri3.so.0.0.0
7ff135a84000-7ff135c83000 ---p 00003000 fd:00 11410294                   /usr/local/lib/libxcb-dri3.so.0.0.0
7ff135c83000-7ff135c84000 r--p 00002000 fd:00 11410294                   /usr/local/lib/libxcb-dri3.so.0.0.0
7ff135c84000-7ff135c85000 rw-p 00003000 fd:00 11410294                   /usr/local/lib/libxcb-dri3.so.0.0.0
7ff135c85000-7ff135c8a000 r-xp 00000000 fd:00 11017317                   /usr/lib/x86_64-linux-gnu/libXxf86vm.so.1.0.0
7ff135c8a000-7ff135e89000 ---p 00005000 fd:00 11017317                   /usr/lib/x86_64-linux-gnu/libXxf86vm.so.1.0.0
7ff135e89000-7ff135e8a000 r--p 00004000 fd:00 11017317                   /usr/lib/x86_64-linux-gnu/libXxf86vm.so.1.0.0
7ff135e8a000-7ff135e8b000 rw-p 00005000 fd:00 11017317                   /usr/lib/x86_64-linux-gnu/libXxf86vm.so.1.0.0
7ff135e8b000-7ff135e8d000 r-xp 00000000 fd:00 11017277                   /usr/lib/x86_64-linux-gnu/libXdamage.so.1.1.0
7ff135e8d000-7ff13608c000 ---p 00002000 fd:00 11017277                   /usr/lib/x86_64-linux-gnu/libXdamage.so.1.1.0
7ff13608c000-7ff13608d000 r--p 00001000 fd:00 11017277                   /usr/lib/x86_64-linux-gnu/libXdamage.so.1.1.0
7ff13608d000-7ff13608e000 rw-p 00002000 fd:00 11017277                   /usr/lib/x86_64-linux-gnu/libXdamage.so.1.1.0
7ff13608e000-7ff136093000 r-xp 00000000 fd:00 11017283                   /usr/lib/x86_64-linux-gnu/libXfixes.so.3.1.0
7ff136093000-7ff136292000 ---p 00005000 fd:00 11017283                   /usr/lib/x86_64-linux-gnu/libXfixes.so.3.1.0
7ff136292000-7ff136293000 r--p 00004000 fd:00 11017283                   /usr/lib/x86_64-linux-gnu/libXfixes.so.3.1.0
7ff136293000-7ff136294000 rw-p 00005000 fd:00 11017283                   /usr/lib/x86_64-linux-gnu/libXfixes.so.3.1.0
7ff136294000-7ff136298000 r-xp 00000000 fd:00 11410290                   /usr/local/lib/libxcb-dri2.so.0.0.0
7ff136298000-7ff136497000 ---p 00004000 fd:00 11410290                   /usr/local/lib/libxcb-dri2.so.0.0.0
7ff136497000-7ff136498000 r--p 00003000 fd:00 11410290                   /usr/local/lib/libxcb-dri2.so.0.0.0
7ff136498000-7ff136499000 rw-p 00004000 fd:00 11410290                   /usr/local/lib/libxcb-dri2.so.0.0.0
7ff136499000-7ff13649a000 r-xp 00000000 fd:00 11017262                   /usr/lib/x86_64-linux-gnu/libX11-xcb.so.1.0.0
7ff13649a000-7ff136699000 ---p 00001000 fd:00 11017262                   /usr/lib/x86_64-linux-gnu/libX11-xcb.so.1.0.0
7ff136699000-7ff13669a000 r--p 00000000 fd:00 11017262                   /usr/lib/x86_64-linux-gnu/libX11-xcb.so.1.0.0
7ff13669a000-7ff13669b000 rw-p 00001000 fd:00 11017262                   /usr/lib/x86_64-linux-gnu/libX11-xcb.so.1.0.0
7ff13669b000-7ff1366b3000 r-xp 00000000 fd:00 11410302                   /usr/local/lib/libxcb-glx.so.0.0.0
7ff1366b3000-7ff1368b3000 ---p 00018000 fd:00 11410302                   /usr/local/lib/libxcb-glx.so.0.0.0
7ff1368b3000-7ff1368b5000 r--p 00018000 fd:00 11410302                   /usr/local/lib/libxcb-glx.so.0.0.0
7ff1368b5000-7ff1368b6000 rw-p 0001a000 fd:00 11410302                   /usr/local/lib/libxcb-glx.so.0.0.0
7ff1368b6000-7ff1368c6000 r-xp 00000000 fd:00 11017589                   /usr/lib/x86_64-linux-gnu/libdrm.so.2.4.0
7ff1368c6000-7ff136ac5000 ---p 00010000 fd:00 11017589                   /usr/lib/x86_64-linux-gnu/libdrm.so.2.4.0
7ff136ac5000-7ff136ac6000 r--p 0000f000 fd:00 11017589                   /usr/lib/x86_64-linux-gnu/libdrm.so.2.4.0
7ff136ac6000-7ff136ac7000 rw-p 00010000 fd:00 11017589                   /usr/lib/x86_64-linux-gnu/libdrm.so.2.4.0
7ff136ac7000-7ff136af3000 r-xp 00000000 fd:00 11017790                   /usr/lib/x86_64-linux-gnu/libglapi.so.0.0.0
7ff136af3000-7ff136cf3000 ---p 0002c000 fd:00 11017790                   /usr/lib/x86_64-linux-gnu/libglapi.so.0.0.0
7ff136cf3000-7ff136cf7000 r--p 0002c000 fd:00 11017790                   /usr/lib/x86_64-linux-gnu/libglapi.so.0.0.0
7ff136cf7000-7ff136cf8000 rw-p 00030000 fd:00 11017790                   /usr/lib/x86_64-linux-gnu/libglapi.so.0.0.0
7ff136cf8000-7ff136cf9000 rw-p 00000000 00:00 0 
7ff136cf9000-7ff136d6c000 r-xp 00000000 fd:00 11017213                   /usr/lib/x86_64-linux-gnu/libGLX_mesa.so.0.0.0
7ff136d6c000-7ff136f6b000 ---p 00073000 fd:00 11017213                   /usr/lib/x86_64-linux-gnu/libGLX_mesa.so.0.0.0
7ff136f6b000-7ff136f6e000 r--p 00072000 fd:00 11017213                   /usr/lib/x86_64-linux-gnu/libGLX_mesa.so.0.0.0
7ff136f6e000-7ff136f6f000 rw-p 00075000 fd:00 11017213                   /usr/lib/x86_64-linux-gnu/libGLX_mesa.so.0.0.0
7ff136f6f000-7ff136f70000 rw-p 00000000 00:00 0 
7ff136f70000-7ff136f93000 r-xp 00000000 fd:00 12854493                   /home/pck11800/.jsfml/linux_x64/libjsfml.so
7ff136f93000-7ff137193000 ---p 00023000 fd:00 12854493                   /home/pck11800/.jsfml/linux_x64/libjsfml.so
7ff137193000-7ff137195000 rw-p 00023000 fd:00 12854493                   /home/pck11800/.jsfml/linux_x64/libjsfml.so
7ff137195000-7ff137294000 r-xp 00000000 fd:00 11017346                   /usr/lib/x86_64-linux-gnu/libasound.so.2.0.0
7ff137294000-7ff137494000 ---p 000ff000 fd:00 11017346                   /usr/lib/x86_64-linux-gnu/libasound.so.2.0.0
7ff137494000-7ff13749b000 r--p 000ff000 fd:00 11017346                   /usr/lib/x86_64-linux-gnu/libasound.so.2.0.0
7ff13749b000-7ff13749c000 rw-p 00106000 fd:00 11017346                   /usr/lib/x86_64-linux-gnu/libasound.so.2.0.0
7ff13749c000-7ff137529000 r-xp 00000000 fd:00 11018547                   /usr/lib/x86_64-linux-gnu/libvorbisenc.so.2.0.11
7ff137529000-7ff137728000 ---p 0008d000 fd:00 11018547                   /usr/lib/x86_64-linux-gnu/libvorbisenc.so.2.0.11
7ff137728000-7ff137744000 r--p 0008c000 fd:00 11018547                   /usr/lib/x86_64-linux-gnu/libvorbisenc.so.2.0.11
7ff137744000-7ff137745000 rw-p 000a8000 fd:00 11018547                   /usr/lib/x86_64-linux-gnu/libvorbisenc.so.2.0.11
7ff137745000-7ff13776f000 r-xp 00000000 fd:00 11018545                   /usr/lib/x86_64-linux-gnu/libvorbis.so.0.4.8
7ff13776f000-7ff13796e000 ---p 0002a000 fd:00 11018545                   /usr/lib/x86_64-linux-gnu/libvorbis.so.0.4.8
7ff13796e000-7ff13796f000 r--p 00029000 fd:00 11018545                   /usr/lib/x86_64-linux-gnu/libvorbis.so.0.4.8
7ff13796f000-7ff137970000 rw-p 0002a000 fd:00 11018545                   /usr/lib/x86_64-linux-gnu/libvorbis.so.0.4.8
7ff137970000-7ff137977000 r-xp 00000000 fd:00 11018205                   /usr/lib/x86_64-linux-gnu/libogg.so.0.8.2
7ff137977000-7ff137b77000 ---p 00007000 fd:00 11018205                   /usr/lib/x86_64-linux-gnu/libogg.so.0.8.2
7ff137b77000-7ff137b78000 r--p 00007000 fd:00 11018205                   /usr/lib/x86_64-linux-gnu/libogg.so.0.8.2
7ff137b78000-7ff137b79000 rw-p 00008000 fd:00 11018205                   /usr/lib/x86_64-linux-gnu/libogg.so.0.8.2
7ff137b79000-7ff137bee000 r-xp 00000000 fd:00 11017202                   /usr/lib/x86_64-linux-gnu/libFLAC.so.8.3.0
7ff137bee000-7ff137dee000 ---p 00075000 fd:00 11017202                   /usr/lib/x86_64-linux-gnu/libFLAC.so.8.3.0
7ff137dee000-7ff137def000 r--p 00075000 fd:00 11017202                   /usr/lib/x86_64-linux-gnu/libFLAC.so.8.3.0
7ff137def000-7ff137df0000 rw-p 00076000 fd:00 11017202                   /usr/lib/x86_64-linux-gnu/libFLAC.so.8.3.0
7ff137df0000-7ff137dfc000 r-xp 00000000 fd:00 11018410                   /usr/lib/x86_64-linux-gnu/libsndio.so.6.1
7ff137dfc000-7ff137ffc000 ---p 0000c000 fd:00 11018410                   /usr/lib/x86_64-linux-gnu/libsndio.so.6.1
7ff137ffc000-7ff137ffd000 r--p 0000c000 fd:00 11018410                   /usr/lib/x86_64-linux-gnu/libsndio.so.6.1
7ff137ffd000-7ff137ffe000 rw-p 0000d000 fd:00 11018410                   /usr/lib/x86_64-linux-gnu/libsndio.so.6.1
7ff137ffe000-7ff138000000 rw-p 00000000 00:00 0 
7ff138000000-7ff138021000 rw-p 00000000 00:00 0 
7ff138021000-7ff13c000000 ---p 00000000 00:00 0 
7ff13c000000-7ff13c021000 rw-p 00000000 00:00 0 
7ff13c021000-7ff140000000 ---p 00000000 00:00 0 
7ff140000000-7ff140021000 rw-p 00000000 00:00 0 
7ff140021000-7ff144000000 ---p 00000000 00:00 0 
7ff144000000-7ff144021000 rw-p 00000000 00:00 0 
7ff144021000-7ff148000000 ---p 00000000 00:00 0 
7ff148000000-7ff148194000 rw-p 00000000 00:00 0 
7ff148194000-7ff14c000000 ---p 00000000 00:00 0 
7ff14c000000-7ff14c19c000 rw-p 00000000 00:00 0 
7ff14c19c000-7ff150000000 ---p 00000000 00:00 0 
7ff150001000-7ff150005000 rw-s 00000000 00:19 1239                       /i915 (deleted)
7ff150005000-7ff15000d000 rw-s 00000000 00:19 1303                       /i915 (deleted)
7ff15000d000-7ff150081000 r-xp 00000000 fd:00 11018409                   /usr/lib/x86_64-linux-gnu/libsndfile.so.1.0.28
7ff150081000-7ff150280000 ---p 00074000 fd:00 11018409                   /usr/lib/x86_64-linux-gnu/libsndfile.so.1.0.28
7ff150280000-7ff150283000 r--p 00073000 fd:00 11018409                   /usr/lib/x86_64-linux-gnu/libsndfile.so.1.0.28
7ff150283000-7ff150284000 rw-p 00076000 fd:00 11018409                   /usr/lib/x86_64-linux-gnu/libsndfile.so.1.0.28
7ff150284000-7ff150286000 rw-p 00000000 00:00 0 
7ff150286000-7ff150321000 r-xp 00000000 fd:00 11018208                   /usr/lib/x86_64-linux-gnu/libopenal.so.1.18.2
7ff150321000-7ff150520000 ---p 0009b000 fd:00 11018208                   /usr/lib/x86_64-linux-gnu/libopenal.so.1.18.2
7ff150520000-7ff150524000 r--p 0009a000 fd:00 11018208                   /usr/lib/x86_64-linux-gnu/libopenal.so.1.18.2
7ff150524000-7ff150525000 rw-p 0009e000 fd:00 11018208                   /usr/lib/x86_64-linux-gnu/libopenal.so.1.18.2
7ff150525000-7ff150534000 r-xp 00000000 fd:00 12854491                   /home/pck11800/.jsfml/linux_x64/libsfml-audio.so
7ff150534000-7ff150734000 ---p 0000f000 fd:00 12854491                   /home/pck11800/.jsfml/linux_x64/libsfml-audio.so
7ff150734000-7ff150735000 rw-p 0000f000 fd:00 12854491                   /home/pck11800/.jsfml/linux_x64/libsfml-audio.so
7ff150735000-7ff15073b000 r-xp 00000000 fd:00 267322                     /lib/x86_64-linux-gnu/libuuid.so.1.3.0
7ff15073b000-7ff15093a000 ---p 00006000 fd:00 267322                     /lib/x86_64-linux-gnu/libuuid.so.1.3.0
7ff15093a000-7ff15093b000 r--p 00005000 fd:00 267322                     /lib/x86_64-linux-gnu/libuuid.so.1.3.0
7ff15093b000-7ff15093c000 rw-p 00006000 fd:00 267322                     /lib/x86_64-linux-gnu/libuuid.so.1.3.0
7ff15093c000-7ff15096d000 r-xp 00000000 fd:00 11018282                   /usr/lib/x86_64-linux-gnu/libpng16.so.16.34.0
7ff15096d000-7ff150b6c000 ---p 00031000 fd:00 11018282                   /usr/lib/x86_64-linux-gnu/libpng16.so.16.34.0
7ff150b6c000-7ff150b6d000 r--p 00030000 fd:00 11018282                   /usr/lib/x86_64-linux-gnu/libpng16.so.16.34.0
7ff150b6d000-7ff150b6e000 rw-p 00031000 fd:00 11018282                   /usr/lib/x86_64-linux-gnu/libpng16.so.16.34.0
7ff150b6e000-7ff150b85000 r-xp 00000000 fd:00 11017221                   /usr/lib/x86_64-linux-gnu/libICE.so.6.3.0
7ff150b85000-7ff150d84000 ---p 00017000 fd:00 11017221                   /usr/lib/x86_64-linux-gnu/libICE.so.6.3.0
7ff150d84000-7ff150d85000 r--p 00016000 fd:00 11017221                   /usr/lib/x86_64-linux-gnu/libICE.so.6.3.0
7ff150d85000-7ff150d86000 rw-p 00017000 fd:00 11017221                   /usr/lib/x86_64-linux-gnu/libICE.so.6.3.0
7ff150d86000-7ff150d89000 rw-p 00000000 00:00 0 
7ff150d89000-7ff150d90000 r-xp 00000000 fd:00 11017260                   /usr/lib/x86_64-linux-gnu/libSM.so.6.0.1
7ff150d90000-7ff150f8f000 ---p 00007000 fd:00 11017260                   /usr/lib/x86_64-linux-gnu/libSM.so.6.0.1
7ff150f8f000-7ff150f90000 r--p 00006000 fd:00 11017260                   /usr/lib/x86_64-linux-gnu/libSM.so.6.0.1
7ff150f90000-7ff150f91000 rw-p 00007000 fd:00 11017260                   /usr/lib/x86_64-linux-gnu/libSM.so.6.0.1
7ff150f91000-7ff15103e000 r-xp 00000000 fd:00 11017724                   /usr/lib/x86_64-linux-gnu/libfreetype.so.6.15.0
7ff15103e000-7ff15123d000 ---p 000ad000 fd:00 11017724                   /usr/lib/x86_64-linux-gnu/libfreetype.so.6.15.0
7ff15123d000-7ff151244000 r--p 000ac000 fd:00 11017724                   /usr/lib/x86_64-linux-gnu/libfreetype.so.6.15.0
7ff151244000-7ff151245000 rw-p 000b3000 fd:00 11017724                   /usr/lib/x86_64-linux-gnu/libfreetype.so.6.15.0
7ff151245000-7ff151312000 r-xp 00000000 fd:00 12854489                   /home/pck11800/.jsfml/linux_x64/libsfml-graphics.so
7ff151312000-7ff151511000 ---p 000cd000 fd:00 12854489                   /home/pck11800/.jsfml/linux_x64/libsfml-graphics.so
7ff151511000-7ff151519000 rw-p 000cc000 fd:00 12854489                   /home/pck11800/.jsfml/linux_x64/libsfml-graphics.so
7ff151519000-7ff15151d000 rw-p 00000000 00:00 0 
7ff15151d000-7ff151526000 r-xp 00000000 fd:00 11017301                   /usr/lib/x86_64-linux-gnu/libXrender.so.1.3.0
7ff151526000-7ff151725000 ---p 00009000 fd:00 11017301                   /usr/lib/x86_64-linux-gnu/libXrender.so.1.3.0
7ff151725000-7ff151726000 r--p 00008000 fd:00 11017301                   /usr/lib/x86_64-linux-gnu/libXrender.so.1.3.0
7ff151726000-7ff151727000 rw-p 00009000 fd:00 11017301                   /usr/lib/x86_64-linux-gnu/libXrender.so.1.3.0
7ff151727000-7ff151738000 r-xp 00000000 fd:00 11017281                   /usr/lib/x86_64-linux-gnu/libXext.so.6.4.0
7ff151738000-7ff151937000 ---p 00011000 fd:00 11017281                   /usr/lib/x86_64-linux-gnu/libXext.so.6.4.0
7ff151937000-7ff151938000 r--p 00010000 fd:00 11017281                   /usr/lib/x86_64-linux-gnu/libXext.so.6.4.0
7ff151938000-7ff151939000 rw-p 00011000 fd:00 11017281                   /usr/lib/x86_64-linux-gnu/libXext.so.6.4.0
7ff151939000-7ff1519a7000 r-xp 00000000 fd:00 11017215                   /usr/lib/x86_64-linux-gnu/libGLdispatch.so.0.0.0
7ff1519a7000-7ff151ba6000 ---p 0006e000 fd:00 11017215                   /usr/lib/x86_64-linux-gnu/libGLdispatch.so.0.0.0
7ff151ba6000-7ff151bce000 r--p 0006d000 fd:00 11017215                   /usr/lib/x86_64-linux-gnu/libGLdispatch.so.0.0.0
7ff151bce000-7ff151bcf000 rw-p 00095000 fd:00 11017215                   /usr/lib/x86_64-linux-gnu/libGLdispatch.so.0.0.0
7ff151bcf000-7ff151bef000 rw-p 00000000 00:00 0 
7ff151bef000-7ff151bff000 r-xp 00000000 fd:00 11017210                   /usr/lib/x86_64-linux-gnu/libGLX.so.0.0.0
7ff151bff000-7ff151dfe000 ---p 00010000 fd:00 11017210                   /usr/lib/x86_64-linux-gnu/libGLX.so.0.0.0
7ff151dfe000-7ff151dff000 r--p 0000f000 fd:00 11017210                   /usr/lib/x86_64-linux-gnu/libGLX.so.0.0.0
7ff151dff000-7ff151e00000 rw-p 00010000 fd:00 11017210                   /usr/lib/x86_64-linux-gnu/libGLX.so.0.0.0
7ff151e00000-7ff151e20000 rw-p 00000000 00:00 0 
7ff151e20000-7ff151e2a000 r-xp 00000000 fd:00 11017299                   /usr/lib/x86_64-linux-gnu/libXrandr.so.2.2.0
7ff151e2a000-7ff152029000 ---p 0000a000 fd:00 11017299                   /usr/lib/x86_64-linux-gnu/libXrandr.so.2.2.0
7ff152029000-7ff15202a000 r--p 00009000 fd:00 11017299                   /usr/lib/x86_64-linux-gnu/libXrandr.so.2.2.0
7ff15202a000-7ff15202b000 rw-p 0000a000 fd:00 11017299                   /usr/lib/x86_64-linux-gnu/libXrandr.so.2.2.0
7ff15202b000-7ff15209c000 r-xp 00000000 fd:00 11017204                   /usr/lib/x86_64-linux-gnu/libGL.so.1.0.0
7ff15209c000-7ff15229b000 ---p 00071000 fd:00 11017204                   /usr/lib/x86_64-linux-gnu/libGL.so.1.0.0
7ff15229b000-7ff1522b5000 r--p 00070000 fd:00 11017204                   /usr/lib/x86_64-linux-gnu/libGL.so.1.0.0
7ff1522b5000-7ff1522b6000 rw-p 0008a000 fd:00 11017204                   /usr/lib/x86_64-linux-gnu/libGL.so.1.0.0
7ff1522b6000-7ff1522b7000 rw-p 00000000 00:00 0 
7ff1522b7000-7ff1522cb000 r-xp 00000000 fd:00 12854487                   /home/pck11800/.jsfml/linux_x64/libsfml-window.so
7ff1522cb000-7ff1524cb000 ---p 00014000 fd:00 12854487                   /home/pck11800/.jsfml/linux_x64/libsfml-window.so
7ff1524cb000-7ff1524cc000 rw-p 00014000 fd:00 12854487                   /home/pck11800/.jsfml/linux_x64/libsfml-window.so
7ff1524cc000-7ff1524cd000 rw-p 00000000 00:00 0 
7ff1524cd000-7ff1524e4000 r-xp 00000000 fd:00 267189                     /lib/x86_64-linux-gnu/libgcc_s.so.1
7ff1524e4000-7ff1526e3000 ---p 00017000 fd:00 267189                     /lib/x86_64-linux-gnu/libgcc_s.so.1
7ff1526e3000-7ff1526e4000 r--p 00016000 fd:00 267189                     /lib/x86_64-linux-gnu/libgcc_s.so.1
7ff1526e4000-7ff1526e5000 rw-p 00017000 fd:00 267189                     /lib/x86_64-linux-gnu/libgcc_s.so.1
7ff1526e5000-7ff15285e000 r-xp 00000000 fd:00 11018443                   /usr/lib/x86_64-linux-gnu/libstdc++.so.6.0.25
7ff15285e000-7ff152a5e000 ---p 00179000 fd:00 11018443                   /usr/lib/x86_64-linux-gnu/libstdc++.so.6.0.25
7ff152a5e000-7ff152a68000 r--p 00179000 fd:00 11018443                   /usr/lib/x86_64-linux-gnu/libstdc++.so.6.0.25
7ff152a68000-7ff152a6a000 rw-p 00183000 fd:00 11018443                   /usr/lib/x86_64-linux-gnu/libstdc++.so.6.0.25
7ff152a6a000-7ff152a6e000 rw-p 00000000 00:00 0 
7ff152a6e000-7ff152a77000 r-xp 00000000 fd:00 12854485                   /home/pck11800/.jsfml/linux_x64/libsfml-system.so
7ff152a77000-7ff152c77000 ---p 00009000 fd:00 12854485                   /home/pck11800/.jsfml/linux_x64/libsfml-system.so
7ff152c77000-7ff152c78000 rw-p 00009000 fd:00 12854485                   /home/pck11800/.jsfml/linux_x64/libsfml-system.so
7ff152c78000-7ff152c8b000 r-xp 00000000 fd:00 267148                     /lib/x86_64-linux-gnu/libbsd.so.0.8.7
7ff152c8b000-7ff152e8a000 ---p 00013000 fd:00 267148                     /lib/x86_64-linux-gnu/libbsd.so.0.8.7
7ff152e8a000-7ff152e8b000 r--p 00012000 fd:00 267148                     /lib/x86_64-linux-gnu/libbsd.so.0.8.7
7ff152e8b000-7ff152e8c000 rw-p 00013000 fd:00 267148                     /lib/x86_64-linux-gnu/libbsd.so.0.8.7
7ff152e8c000-7ff152e8d000 rw-p 00000000 00:00 0 
7ff152e8d000-7ff152e92000 r-xp 00000000 fd:00 11017279                   /usr/lib/x86_64-linux-gnu/libXdmcp.so.6.0.0
7ff152e92000-7ff153091000 ---p 00005000 fd:00 11017279                   /usr/lib/x86_64-linux-gnu/libXdmcp.so.6.0.0
7ff153091000-7ff153092000 r--p 00004000 fd:00 11017279                   /usr/lib/x86_64-linux-gnu/libXdmcp.so.6.0.0
7ff153092000-7ff153093000 rw-p 00005000 fd:00 11017279                   /usr/lib/x86_64-linux-gnu/libXdmcp.so.6.0.0
7ff153093000-7ff153095000 r-xp 00000000 fd:00 11017268                   /usr/lib/x86_64-linux-gnu/libXau.so.6.0.0
7ff153095000-7ff153295000 ---p 00002000 fd:00 11017268                   /usr/lib/x86_64-linux-gnu/libXau.so.6.0.0
7ff153295000-7ff153296000 r--p 00002000 fd:00 11017268                   /usr/lib/x86_64-linux-gnu/libXau.so.6.0.0
7ff153296000-7ff153297000 rw-p 00003000 fd:00 11017268                   /usr/lib/x86_64-linux-gnu/libXau.so.6.0.0
7ff153297000-7ff1532be000 r-xp 00000000 fd:00 11405594                   /usr/local/lib/libxcb.so.1.1.0
7ff1532be000-7ff1534bd000 ---p 00027000 fd:00 11405594                   /usr/local/lib/libxcb.so.1.1.0
7ff1534bd000-7ff1534be000 r--p 00026000 fd:00 11405594                   /usr/local/lib/libxcb.so.1.1.0
7ff1534be000-7ff1534bf000 rw-p 00027000 fd:00 11405594                   /usr/local/lib/libxcb.so.1.1.0
7ff1534bf000-7ff1535f2000 r-xp 00000000 fd:00 11017264                   /usr/lib/x86_64-linux-gnu/libX11.so.6.3.0
7ff1535f2000-7ff1537f2000 ---p 00133000 fd:00 11017264                   /usr/lib/x86_64-linux-gnu/libX11.so.6.3.0
7ff1537f2000-7ff1537f3000 r--p 00133000 fd:00 11017264                   /usr/lib/x86_64-linux-gnu/libX11.so.6.3.0
7ff1537f3000-7ff1537f7000 rw-p 00134000 fd:00 11017264                   /usr/lib/x86_64-linux-gnu/libX11.so.6.3.0
7ff1537f7000-7ff1537f8000 r-xp 00000000 fd:00 14028356                   /home/pck11800/Desktop/workspace/AdaptiveGUI/src/main/java/tools/OSHandler/libfixXInitThreads.so
7ff1537f8000-7ff1539f7000 ---p 00001000 fd:00 14028356                   /home/pck11800/Desktop/workspace/AdaptiveGUI/src/main/java/tools/OSHandler/libfixXInitThreads.so
7ff1539f7000-7ff1539f8000 r--p 00000000 fd:00 14028356                   /home/pck11800/Desktop/workspace/AdaptiveGUI/src/main/java/tools/OSHandler/libfixXInitThreads.so
7ff1539f8000-7ff1539f9000 rw-p 00001000 fd:00 14028356                   /home/pck11800/Desktop/workspace/AdaptiveGUI/src/main/java/tools/OSHandler/libfixXInitThreads.so
7ff1539f9000-7ff1539fa000 ---p 00000000 00:00 0 
7ff1539fa000-7ff153afb000 rw-p 00000000 00:00 0 
7ff153afb000-7ff153aff000 ---p 00000000 00:00 0 
7ff153aff000-7ff153bfc000 rw-p 00000000 00:00 0 
7ff153bfc000-7ff153c00000 ---p 00000000 00:00 0 
7ff153c00000-7ff153cfd000 rw-p 00000000 00:00 0 
7ff153cfd000-7ff153d01000 ---p 00000000 00:00 0 
7ff153d01000-7ff153dfe000 rw-p 00000000 00:00 0 
7ff153dfe000-7ff153e02000 ---p 00000000 00:00 0 
7ff153e02000-7ff153eff000 rw-p 00000000 00:00 0 
7ff153eff000-7ff153f03000 ---p 00000000 00:00 0 
7ff153f03000-7ff154000000 rw-p 00000000 00:00 0 
7ff154000000-7ff154021000 rw-p 00000000 00:00 0 
7ff154021000-7ff158000000 ---p 00000000 00:00 0 
7ff158000000-7ff158021000 rw-p 00000000 00:00 0 
7ff158021000-7ff15c000000 ---p 00000000 00:00 0 
7ff15c000000-7ff15c021000 rw-p 00000000 00:00 0 
7ff15c021000-7ff160000000 ---p 00000000 00:00 0 
7ff160000000-7ff160021000 rw-p 00000000 00:00 0 
7ff160021000-7ff164000000 ---p 00000000 00:00 0 
7ff164000000-7ff164021000 rw-p 00000000 00:00 0 
7ff164021000-7ff168000000 ---p 00000000 00:00 0 
7ff168000000-7ff168021000 rw-p 00000000 00:00 0 
7ff168021000-7ff16c000000 ---p 00000000 00:00 0 
7ff16c000000-7ff16c021000 rw-p 00000000 00:00 0 
7ff16c021000-7ff170000000 ---p 00000000 00:00 0 
7ff170000000-7ff170021000 rw-p 00000000 00:00 0 
7ff170021000-7ff174000000 ---p 00000000 00:00 0 
7ff174000000-7ff174021000 rw-p 00000000 00:00 0 
7ff174021000-7ff178000000 ---p 00000000 00:00 0 
7ff178002000-7ff17800c000 rw-s 00000000 00:19 1299                       /i915 (deleted)
7ff17800c000-7ff178016000 rw-s 00000000 00:19 1296                       /i915 (deleted)
7ff178016000-7ff178020000 rw-s 00000000 00:19 1286                       /i915 (deleted)
7ff178020000-7ff178024000 rw-s 00000000 00:19 1277                       /i915 (deleted)
7ff178024000-7ff17802c000 rw-s 00000000 00:19 1274                       /i915 (deleted)
7ff17802c000-7ff178036000 rw-s 00000000 00:19 1213                       /i915 (deleted)
7ff178036000-7ff178040000 rw-s 00000000 00:19 1259                       /i915 (deleted)
7ff178040000-7ff178044000 rw-s 00000000 00:19 1255                       /i915 (deleted)
7ff178044000-7ff17804c000 rw-s 00000000 00:19 1252                       /i915 (deleted)
7ff17804c000-7ff178056000 rw-s 00000000 00:19 1251                       /i915 (deleted)
7ff178056000-7ff178060000 rw-s 00000000 00:19 1226                       /i915 (deleted)
7ff178060000-7ff178064000 rw-s 00000000 00:19 1223                       /i915 (deleted)
7ff178064000-7ff17806c000 rw-s 00000000 00:19 1220                       /i915 (deleted)
7ff17806c000-7ff178076000 rw-s 00000000 00:19 1216                       /i915 (deleted)
7ff178076000-7ff17807a000 rw-s 00000000 00:19 979                        /i915 (deleted)
7ff17807a000-7ff178082000 rw-s 00000000 00:19 898                        /i915 (deleted)
7ff178082000-7ff178086000 ---p 00000000 00:00 0 
7ff178086000-7ff178183000 rw-p 00000000 00:00 0 
7ff178183000-7ff178187000 ---p 00000000 00:00 0 
7ff178187000-7ff178284000 rw-p 00000000 00:00 0 
7ff178284000-7ff178562000 r--p 00000000 fd:00 11016171                   /usr/lib/locale/locale-archive
7ff178562000-7ff178566000 ---p 00000000 00:00 0 
7ff178566000-7ff178663000 rw-p 00000000 00:00 0 
7ff178663000-7ff178667000 ---p 00000000 00:00 0 
7ff178667000-7ff178764000 rw-p 00000000 00:00 0 
7ff178764000-7ff178765000 ---p 00000000 00:00 0 
7ff178765000-7ff178e02000 rw-p 00000000 00:00 0 
7ff178e02000-7ff179142000 ---p 00000000 00:00 0 
7ff179142000-7ff179143000 ---p 00000000 00:00 0 
7ff179143000-7ff179244000 rw-p 00000000 00:00 0 
7ff179244000-7ff179245000 ---p 00000000 00:00 0 
7ff179245000-7ff17b74a000 rw-p 00000000 00:00 0 
7ff17b74a000-7ff17b74b000 ---p 00000000 00:00 0 
7ff17b74b000-7ff17b84c000 rw-p 00000000 00:00 0 
7ff17b84c000-7ff17b84d000 ---p 00000000 00:00 0 
7ff17b84d000-7ff17b94e000 rw-p 00000000 00:00 0 
7ff17b94e000-7ff17b94f000 ---p 00000000 00:00 0 
7ff17b94f000-7ff17bc40000 rw-p 00000000 00:00 0 
7ff17bc40000-7ff17d910000 ---p 00000000 00:00 0 
7ff17d910000-7ff17db08000 rw-p 00000000 00:00 0 
7ff17db08000-7ff17f7d8000 ---p 00000000 00:00 0 
7ff17f7d8000-7ff17f81e000 rw-p 00000000 00:00 0 
7ff17f81e000-7ff17fbb8000 ---p 00000000 00:00 0 
7ff17fbb8000-7ff17fbf7000 rw-p 00000000 00:00 0 
7ff17fbf7000-7ff17ff91000 ---p 00000000 00:00 0 
7ff17ff91000-7ff17ffd0000 rw-p 00000000 00:00 0 
7ff17ffd0000-7ff18036a000 ---p 00000000 00:00 0 
7ff18036a000-7ff180774000 rw-p 00000000 00:00 0 
7ff180774000-7ff18085a000 ---p 00000000 00:00 0 
7ff18085a000-7ff180aca000 rwxp 00000000 00:00 0 
7ff180aca000-7ff180deb000 ---p 00000000 00:00 0 
7ff180deb000-7ff18105b000 rwxp 00000000 00:00 0 
7ff18105b000-7ff188322000 ---p 00000000 00:00 0 
7ff188322000-7ff188592000 rwxp 00000000 00:00 0 
7ff188592000-7ff18f85a000 ---p 00000000 00:00 0 
7ff18f85a000-7ff197dee000 r--s 00000000 fd:00 13896799                   /usr/lib/jvm/jdk-13.0.2/lib/modules
7ff197dee000-7ff197df9000 r-xp 00000000 fd:00 267242                     /lib/x86_64-linux-gnu/libnss_files-2.27.so
7ff197df9000-7ff197ff8000 ---p 0000b000 fd:00 267242                     /lib/x86_64-linux-gnu/libnss_files-2.27.so
7ff197ff8000-7ff197ff9000 r--p 0000a000 fd:00 267242                     /lib/x86_64-linux-gnu/libnss_files-2.27.so
7ff197ff9000-7ff197ffa000 rw-p 0000b000 fd:00 267242                     /lib/x86_64-linux-gnu/libnss_files-2.27.so
7ff197ffa000-7ff198000000 rw-p 00000000 00:00 0 
7ff198000000-7ff198cbe000 rw-p 00000000 00:00 0 
7ff198cbe000-7ff19c000000 ---p 00000000 00:00 0 
7ff19c000000-7ff19c001000 rw-s 00000000 00:05 3492849                    /memfd:xshmfence (deleted)
7ff19c001000-7ff19c002000 rw-s 00000000 00:05 3494550                    /memfd:xshmfence (deleted)
7ff19c002000-7ff19c003000 rw-s 00000000 00:05 3493182                    /memfd:xshmfence (deleted)
7ff19c003000-7ff19c00d000 rw-s 00000000 00:19 852                        /i915 (deleted)
7ff19c00d000-7ff19c022000 r-xp 00000000 fd:00 13896788                   /usr/lib/jvm/jdk-13.0.2/lib/libnet.so
7ff19c022000-7ff19c023000 r--p 00014000 fd:00 13896788                   /usr/lib/jvm/jdk-13.0.2/lib/libnet.so
7ff19c023000-7ff19c024000 rw-p 00015000 fd:00 13896788                   /usr/lib/jvm/jdk-13.0.2/lib/libnet.so
7ff19c024000-7ff19c06a000 rw-p 00000000 00:00 0 
7ff19c06a000-7ff19c150000 ---p 00000000 00:00 0 
7ff19c150000-7ff19c167000 r-xp 00000000 fd:00 267236                     /lib/x86_64-linux-gnu/libnsl-2.27.so
7ff19c167000-7ff19c366000 ---p 00017000 fd:00 267236                     /lib/x86_64-linux-gnu/libnsl-2.27.so
7ff19c366000-7ff19c367000 r--p 00016000 fd:00 267236                     /lib/x86_64-linux-gnu/libnsl-2.27.so
7ff19c367000-7ff19c368000 rw-p 00017000 fd:00 267236                     /lib/x86_64-linux-gnu/libnsl-2.27.so
7ff19c368000-7ff19c36a000 rw-p 00000000 00:00 0 
7ff19c36a000-7ff19c375000 r-xp 00000000 fd:00 267253                     /lib/x86_64-linux-gnu/libnss_nis-2.27.so
7ff19c375000-7ff19c574000 ---p 0000b000 fd:00 267253                     /lib/x86_64-linux-gnu/libnss_nis-2.27.so
7ff19c574000-7ff19c575000 r--p 0000a000 fd:00 267253                     /lib/x86_64-linux-gnu/libnss_nis-2.27.so
7ff19c575000-7ff19c576000 rw-p 0000b000 fd:00 267253                     /lib/x86_64-linux-gnu/libnss_nis-2.27.so
7ff19c576000-7ff19c57e000 r-xp 00000000 fd:00 267238                     /lib/x86_64-linux-gnu/libnss_compat-2.27.so
7ff19c57e000-7ff19c77e000 ---p 00008000 fd:00 267238                     /lib/x86_64-linux-gnu/libnss_compat-2.27.so
7ff19c77e000-7ff19c77f000 r--p 00008000 fd:00 267238                     /lib/x86_64-linux-gnu/libnss_compat-2.27.so
7ff19c77f000-7ff19c780000 rw-p 00009000 fd:00 267238                     /lib/x86_64-linux-gnu/libnss_compat-2.27.so
7ff19c780000-7ff19c787000 r-xp 00000000 fd:00 267293                     /lib/x86_64-linux-gnu/librt-2.27.so
7ff19c787000-7ff19c986000 ---p 00007000 fd:00 267293                     /lib/x86_64-linux-gnu/librt-2.27.so
7ff19c986000-7ff19c987000 r--p 00006000 fd:00 267293                     /lib/x86_64-linux-gnu/librt-2.27.so
7ff19c987000-7ff19c988000 rw-p 00007000 fd:00 267293                     /lib/x86_64-linux-gnu/librt-2.27.so
7ff19c988000-7ff19cb25000 r-xp 00000000 fd:00 267215                     /lib/x86_64-linux-gnu/libm-2.27.so
7ff19cb25000-7ff19cd24000 ---p 0019d000 fd:00 267215                     /lib/x86_64-linux-gnu/libm-2.27.so
7ff19cd24000-7ff19cd25000 r--p 0019c000 fd:00 267215                     /lib/x86_64-linux-gnu/libm-2.27.so
7ff19cd25000-7ff19cd26000 rw-p 0019d000 fd:00 267215                     /lib/x86_64-linux-gnu/libm-2.27.so
7ff19cd26000-7ff19dde6000 r-xp 00000000 fd:00 13896810                   /usr/lib/jvm/jdk-13.0.2/lib/server/libjvm.so
7ff19dde6000-7ff19dde7000 ---p 010c0000 fd:00 13896810                   /usr/lib/jvm/jdk-13.0.2/lib/server/libjvm.so
7ff19dde7000-7ff19dea8000 r--p 010c0000 fd:00 13896810                   /usr/lib/jvm/jdk-13.0.2/lib/server/libjvm.so
7ff19dea8000-7ff19dee2000 rw-p 01181000 fd:00 13896810                   /usr/lib/jvm/jdk-13.0.2/lib/server/libjvm.so
7ff19dee2000-7ff19df64000 rw-p 00000000 00:00 0 
7ff19df64000-7ff19e14b000 r-xp 00000000 fd:00 267152                     /lib/x86_64-linux-gnu/libc-2.27.so
7ff19e14b000-7ff19e34b000 ---p 001e7000 fd:00 267152                     /lib/x86_64-linux-gnu/libc-2.27.so
7ff19e34b000-7ff19e34f000 r--p 001e7000 fd:00 267152                     /lib/x86_64-linux-gnu/libc-2.27.so
7ff19e34f000-7ff19e351000 rw-p 001eb000 fd:00 267152                     /lib/x86_64-linux-gnu/libc-2.27.so
7ff19e351000-7ff19e355000 rw-p 00000000 00:00 0 
7ff19e355000-7ff19e358000 r-xp 00000000 fd:00 267175                     /lib/x86_64-linux-gnu/libdl-2.27.so
7ff19e358000-7ff19e557000 ---p 00003000 fd:00 267175                     /lib/x86_64-linux-gnu/libdl-2.27.so
7ff19e557000-7ff19e558000 r--p 00002000 fd:00 267175                     /lib/x86_64-linux-gnu/libdl-2.27.so
7ff19e558000-7ff19e559000 rw-p 00003000 fd:00 267175                     /lib/x86_64-linux-gnu/libdl-2.27.so
7ff19e559000-7ff19e573000 r-xp 00000000 fd:00 267285                     /lib/x86_64-linux-gnu/libpthread-2.27.so
7ff19e573000-7ff19e772000 ---p 0001a000 fd:00 267285                     /lib/x86_64-linux-gnu/libpthread-2.27.so
7ff19e772000-7ff19e773000 r--p 00019000 fd:00 267285                     /lib/x86_64-linux-gnu/libpthread-2.27.so
7ff19e773000-7ff19e774000 rw-p 0001a000 fd:00 267285                     /lib/x86_64-linux-gnu/libpthread-2.27.so
7ff19e774000-7ff19e778000 rw-p 00000000 00:00 0 
7ff19e778000-7ff19e794000 r-xp 00000000 fd:00 267326                     /lib/x86_64-linux-gnu/libz.so.1.2.11
7ff19e794000-7ff19e993000 ---p 0001c000 fd:00 267326                     /lib/x86_64-linux-gnu/libz.so.1.2.11
7ff19e993000-7ff19e994000 r--p 0001b000 fd:00 267326                     /lib/x86_64-linux-gnu/libz.so.1.2.11
7ff19e994000-7ff19e995000 rw-p 0001c000 fd:00 267326                     /lib/x86_64-linux-gnu/libz.so.1.2.11
7ff19e995000-7ff19e9bc000 r-xp 00000000 fd:00 267124                     /lib/x86_64-linux-gnu/ld-2.27.so
7ff19e9bc000-7ff19e9bd000 rw-s 00000000 00:05 3494546                    /memfd:xshmfence (deleted)
7ff19e9bd000-7ff19e9be000 rw-s 00000000 00:05 3495983                    /memfd:xshmfence (deleted)
7ff19e9be000-7ff19e9bf000 rw-s 00000000 00:05 3493180                    /memfd:xshmfence (deleted)
7ff19e9bf000-7ff19e9c6000 r--s 00000000 fd:00 11276335                   /usr/lib/x86_64-linux-gnu/gconv/gconv-modules.cache
7ff19e9c6000-7ff19e9d7000 r-xp 00000000 fd:00 13896789                   /usr/lib/jvm/jdk-13.0.2/lib/libnio.so
7ff19e9d7000-7ff19e9d8000 r--p 00010000 fd:00 13896789                   /usr/lib/jvm/jdk-13.0.2/lib/libnio.so
7ff19e9d8000-7ff19e9d9000 rw-p 00011000 fd:00 13896789                   /usr/lib/jvm/jdk-13.0.2/lib/libnio.so
7ff19e9d9000-7ff19ea20000 rw-p 00000000 00:00 0 
7ff19ea20000-7ff19ea27000 ---p 00000000 00:00 0 
7ff19ea27000-7ff19ea42000 r-xp 00000000 fd:00 13896779                   /usr/lib/jvm/jdk-13.0.2/lib/libjimage.so
7ff19ea42000-7ff19ea43000 ---p 0001b000 fd:00 13896779                   /usr/lib/jvm/jdk-13.0.2/lib/libjimage.so
7ff19ea43000-7ff19ea45000 r--p 0001b000 fd:00 13896779                   /usr/lib/jvm/jdk-13.0.2/lib/libjimage.so
7ff19ea45000-7ff19ea46000 rw-p 0001d000 fd:00 13896779                   /usr/lib/jvm/jdk-13.0.2/lib/libjimage.so
7ff19ea46000-7ff19ea4d000 r-xp 00000000 fd:00 13896798                   /usr/lib/jvm/jdk-13.0.2/lib/libzip.so
7ff19ea4d000-7ff19ea4e000 r--p 00006000 fd:00 13896798                   /usr/lib/jvm/jdk-13.0.2/lib/libzip.so
7ff19ea4e000-7ff19ea4f000 rw-p 00007000 fd:00 13896798                   /usr/lib/jvm/jdk-13.0.2/lib/libzip.so
7ff19ea4f000-7ff19ea57000 rw-s 00000000 fd:00 14028330                   /tmp/hsperfdata_pck11800/3850
7ff19ea57000-7ff19ea61000 r-xp 00000000 fd:00 13896770                   /usr/lib/jvm/jdk-13.0.2/lib/libinstrument.so
7ff19ea61000-7ff19ea62000 r--p 00009000 fd:00 13896770                   /usr/lib/jvm/jdk-13.0.2/lib/libinstrument.so
7ff19ea62000-7ff19ea63000 rw-p 0000a000 fd:00 13896770                   /usr/lib/jvm/jdk-13.0.2/lib/libinstrument.so
7ff19ea63000-7ff19ea8a000 r-xp 00000000 fd:00 13896775                   /usr/lib/jvm/jdk-13.0.2/lib/libjava.so
7ff19ea8a000-7ff19ea8b000 r--p 00026000 fd:00 13896775                   /usr/lib/jvm/jdk-13.0.2/lib/libjava.so
7ff19ea8b000-7ff19ea8d000 rw-p 00027000 fd:00 13896775                   /usr/lib/jvm/jdk-13.0.2/lib/libjava.so
7ff19ea8d000-7ff19ea91000 ---p 00000000 00:00 0 
7ff19ea91000-7ff19eb90000 rw-p 00000000 00:00 0 
7ff19eb90000-7ff19eb9f000 r-xp 00000000 fd:00 13896780                   /usr/lib/jvm/jdk-13.0.2/lib/libjli.so
7ff19eb9f000-7ff19eba0000 r--p 0000e000 fd:00 13896780                   /usr/lib/jvm/jdk-13.0.2/lib/libjli.so
7ff19eba0000-7ff19eba1000 rw-p 0000f000 fd:00 13896780                   /usr/lib/jvm/jdk-13.0.2/lib/libjli.so
7ff19eba1000-7ff19eba3000 rw-p 00000000 00:00 0 
7ff19eba3000-7ff19eba4000 rwxp 00000000 00:00 0 
7ff19eba4000-7ff19eba5000 r--p 00000000 fd:00 12063717                   /usr/share/locale-langpack/en_GB/LC_MESSAGES/libc.mo
7ff19eba5000-7ff19eba7000 r-xp 00000000 fd:00 13896768                   /usr/lib/jvm/jdk-13.0.2/lib/libextnet.so
7ff19eba7000-7ff19eba8000 r--p 00001000 fd:00 13896768                   /usr/lib/jvm/jdk-13.0.2/lib/libextnet.so
7ff19eba8000-7ff19eba9000 rw-p 00002000 fd:00 13896768                   /usr/lib/jvm/jdk-13.0.2/lib/libextnet.so
7ff19eba9000-7ff19ebaa000 ---p 00000000 00:00 0 
7ff19ebaa000-7ff19ebab000 r--p 00000000 00:00 0 
7ff19ebab000-7ff19ebac000 ---p 00000000 00:00 0 
7ff19ebac000-7ff19ebb9000 r-xp 00000000 fd:00 13896797                   /usr/lib/jvm/jdk-13.0.2/lib/libverify.so
7ff19ebb9000-7ff19ebbb000 r--p 0000c000 fd:00 13896797                   /usr/lib/jvm/jdk-13.0.2/lib/libverify.so
7ff19ebbb000-7ff19ebbc000 rw-p 0000e000 fd:00 13896797                   /usr/lib/jvm/jdk-13.0.2/lib/libverify.so
7ff19ebbc000-7ff19ebbd000 r--p 00027000 fd:00 267124                     /lib/x86_64-linux-gnu/ld-2.27.so
7ff19ebbd000-7ff19ebbe000 rw-p 00028000 fd:00 267124                     /lib/x86_64-linux-gnu/ld-2.27.so
7ff19ebbe000-7ff19ebbf000 rw-p 00000000 00:00 0 
7ffffa3b5000-7ffffa3d6000 rw-p 00000000 00:00 0                          [stack]
7ffffa3e0000-7ffffa3e3000 r--p 00000000 00:00 0                          [vvar]
7ffffa3e3000-7ffffa3e4000 r-xp 00000000 00:00 0                          [vdso]
ffffffffff600000-ffffffffff601000 r-xp 00000000 00:00 0                  [vsyscall]


VM Arguments:
jvm_args: -javaagent:/home/pck11800/idea-IC-193.6494.35/lib/idea_rt.jar=33023:/home/pck11800/idea-IC-193.6494.35/bin -Dfile.encoding=UTF-8 
java_command: example.Main
java_class_path (initial): /home/pck11800/Desktop/workspace/AdaptiveGUI/target/classes:/home/pck11800/Desktop/workspace/AdaptiveGUI/JSFML/jsfml.jar:/home/pck11800/Desktop/workspace/AdaptiveGUI/JSFML/jsfml-test.jar:/home/pck11800/.m2/repository/com/1stleg/jnativehook/2.1.0/jnativehook-2.1.0.jar
Launcher Type: SUN_STANDARD

[Global flags]
     intx CICompilerCount                          = 3                                         {product} {ergonomic}
     uint ConcGCThreads                            = 1                                         {product} {ergonomic}
     uint G1ConcRefinementThreads                  = 4                                         {product} {ergonomic}
   size_t G1HeapRegionSize                         = 1048576                                   {product} {ergonomic}
    uintx GCDrainStackTargetSize                   = 64                                        {product} {ergonomic}
   size_t InitialHeapSize                          = 130023424                                 {product} {ergonomic}
   size_t MarkStackSize                            = 4194304                                   {product} {ergonomic}
   size_t MaxHeapSize                              = 2065694720                                {product} {ergonomic}
   size_t MaxNewSize                               = 1239416832                                {product} {ergonomic}
   size_t MinHeapDeltaBytes                        = 1048576                                   {product} {ergonomic}
   size_t MinHeapSize                              = 8388608                                   {product} {ergonomic}
    uintx NonNMethodCodeHeapSize                   = 5832780                                {pd product} {ergonomic}
    uintx NonProfiledCodeHeapSize                  = 122912730                              {pd product} {ergonomic}
    uintx ProfiledCodeHeapSize                     = 122912730                              {pd product} {ergonomic}
    uintx ReservedCodeCacheSize                    = 251658240                              {pd product} {ergonomic}
     bool SegmentedCodeCache                       = true                                      {product} {ergonomic}
   size_t SoftMaxHeapSize                          = 2065694720                             {manageable} {ergonomic}
     bool UseCompressedClassPointers               = true                                 {lp64_product} {ergonomic}
     bool UseCompressedOops                        = true                                 {lp64_product} {ergonomic}
     bool UseG1GC                                  = true                                      {product} {ergonomic}

Logging:
Log output configuration:
 #0: stdout all=warning uptime,level,tags
 #1: stderr all=off uptime,level,tags

Environment Variables:
JAVA_HOME=/usr/lib/jvm/jdk-13
PATH=/usr/local/sbin:/usr/local/bin:/usr/sbin:/usr/bin:/sbin:/bin:/usr/games:/usr/local/games:/usr/lib/jvm/jdk-13/bin:/snap/bin
SHELL=/bin/bash
DISPLAY=:0

Signal Handlers:
SIGSEGV: [libjvm.so+0xdc0200], sa_mask[0]=11111111011111111101111111111110, sa_flags=SA_RESTART|SA_SIGINFO
SIGBUS: [libjvm.so+0xdc0200], sa_mask[0]=11111111011111111101111111111110, sa_flags=SA_RESTART|SA_SIGINFO
SIGFPE: [libjvm.so+0xdc0200], sa_mask[0]=11111111011111111101111111111110, sa_flags=SA_RESTART|SA_SIGINFO
SIGPIPE: [libjvm.so+0xb9f710], sa_mask[0]=11111111011111111101111111111110, sa_flags=SA_RESTART|SA_SIGINFO
SIGXFSZ: [libjvm.so+0xb9f710], sa_mask[0]=11111111011111111101111111111110, sa_flags=SA_RESTART|SA_SIGINFO
SIGILL: [libjvm.so+0xdc0200], sa_mask[0]=11111111011111111101111111111110, sa_flags=SA_RESTART|SA_SIGINFO
SIGUSR2: [libjvm.so+0xb9f5a0], sa_mask[0]=00100000000000000000000000000000, sa_flags=SA_RESTART|SA_SIGINFO
SIGHUP: [libjvm.so+0xb9fd10], sa_mask[0]=11111111011111111101111111111110, sa_flags=SA_RESTART|SA_SIGINFO
SIGINT: [libjvm.so+0xb9fd10], sa_mask[0]=11111111011111111101111111111110, sa_flags=SA_RESTART|SA_SIGINFO
SIGTERM: [libjvm.so+0xb9fd10], sa_mask[0]=11111111011111111101111111111110, sa_flags=SA_RESTART|SA_SIGINFO
SIGQUIT: [libjvm.so+0xb9fd10], sa_mask[0]=11111111011111111101111111111110, sa_flags=SA_RESTART|SA_SIGINFO


---------------  S Y S T E M  ---------------

OS:DISTRIB_ID=LinuxMint
DISTRIB_RELEASE=19.3
DISTRIB_CODENAME=tricia
DISTRIB_DESCRIPTION="Linux Mint 19.3 Tricia"
uname:Linux 5.0.0-37-generic #40~18.04.1-Ubuntu SMP Thu Nov 14 12:06:39 UTC 2019 x86_64
libc:glibc 2.27 NPTL 2.27 
rlimit: STACK 8192k, CORE 0k, NPROC 31219, NOFILE 1048576, AS infinity, DATA infinity, FSIZE infinity
load average:2.33 2.20 2.00

/proc/meminfo:
MemTotal:        8066004 kB
MemFree:          590212 kB
MemAvailable:    1114712 kB
Buffers:           49764 kB
Cached:          1247652 kB
SwapCached:        88672 kB
Active:          5610952 kB
Inactive:        1367204 kB
Active(anon):    5193108 kB
Inactive(anon):  1015228 kB
Active(file):     417844 kB
Inactive(file):   351976 kB
Unevictable:      127472 kB
Mlocked:           10700 kB
SwapTotal:       1003516 kB
SwapFree:         135476 kB
Dirty:             31976 kB
Writeback:             0 kB
AnonPages:       5719952 kB
Mapped:           692968 kB
Shmem:            519468 kB
KReclaimable:      84132 kB
Slab:             194332 kB
SReclaimable:      84132 kB
SUnreclaim:       110200 kB
KernelStack:       17168 kB
PageTables:        79388 kB
NFS_Unstable:          0 kB
Bounce:                0 kB
WritebackTmp:          0 kB
CommitLimit:     5036516 kB
Committed_AS:   14735696 kB
VmallocTotal:   34359738367 kB
VmallocUsed:           0 kB
VmallocChunk:          0 kB
Percpu:             2304 kB
HardwareCorrupted:     0 kB
AnonHugePages:         0 kB
ShmemHugePages:        0 kB
ShmemPmdMapped:        0 kB
CmaTotal:              0 kB
CmaFree:               0 kB
HugePages_Total:       0
HugePages_Free:        0
HugePages_Rsvd:        0
HugePages_Surp:        0
Hugepagesize:       2048 kB
Hugetlb:               0 kB
DirectMap4k:      303912 kB
DirectMap2M:     7985152 kB
DirectMap1G:           0 kB


/proc/sys/kernel/threads-max (system-wide limit on the number of threads):
62439


/proc/sys/vm/max_map_count (maximum number of memory map areas a process may have):
65530


/proc/sys/kernel/pid_max (system-wide limit on number of process identifiers):
32768



container (cgroup) information:
container_type: cgroupv1
cpu_cpuset_cpus: 0-3
cpu_memory_nodes: 0
active_processor_count: 4
cpu_quota: no quota
cpu_period: 100000
cpu_shares: no shares
memory_limit_in_bytes: unlimited
memory_and_swap_limit_in_bytes: not supported
memory_soft_limit_in_bytes: unlimited
memory_usage_in_bytes: 7228772352
memory_max_usage_in_bytes: 7815073792

Steal ticks since vm start: 0
Steal ticks percentage since vm start:  0.000

CPU:total 4 (initial active 4) (2 cores per cpu, 2 threads per core) family 6 model 61 stepping 4, cmov, cx8, fxsr, mmx, sse, sse2, sse3, ssse3, sse4.1, sse4.2, popcnt, avx, avx2, aes, clmul, erms, 3dnowpref, lzcnt, ht, tsc, tscinvbit, bmi1, bmi2, adx, fma
CPU Model and flags from /proc/cpuinfo:
model name	: Intel(R) Core(TM) i5-5250U CPU @ 1.60GHz
flags		: fpu vme de pse tsc msr pae mce cx8 apic sep mtrr pge mca cmov pat pse36 clflush dts acpi mmx fxsr sse sse2 ss ht tm pbe syscall nx pdpe1gb rdtscp lm constant_tsc arch_perfmon pebs bts rep_good nopl xtopology nonstop_tsc cpuid aperfmperf pni pclmulqdq dtes64 monitor ds_cpl vmx est tm2 ssse3 sdbg fma cx16 xtpr pdcm pcid sse4_1 sse4_2 x2apic movbe popcnt tsc_deadline_timer aes xsave avx f16c rdrand lahf_lm abm 3dnowprefetch cpuid_fault epb invpcid_single pti ssbd ibrs ibpb stibp tpr_shadow vnmi flexpriority ept vpid ept_ad fsgsbase tsc_adjust bmi1 avx2 smep bmi2 erms invpcid rdseed adx smap intel_pt xsaveopt dtherm ida arat pln pts md_clear flush_l1d

Memory: 4k page, physical 8066004k(589708k free), swap 1003516k(135476k free)

vm_info: Java HotSpot(TM) 64-Bit Server VM (13.0.2+8) for linux-amd64 JRE (13.0.2+8), built on Dec 11 2019 09:23:46 by "mach5one" with gcc 8.2.0

END.
