#
# A fatal error has been detected by the Java Runtime Environment:
#
#  SIGSEGV (0xb) at pc=0x00007fd66f601fa0, pid=11744, tid=11760
#
# JRE version: Java(TM) SE Runtime Environment (13.0.2+8) (build 13.0.2+8)
# Java VM: Java HotSpot(TM) 64-Bit Server VM (13.0.2+8, mixed mode, sharing, tiered, compressed oops, g1 gc, linux-amd64)
# Problematic frame:
# C  [libpthread.so.0+0x9fa0]  pthread_mutex_lock+0x0
#
# Core dump will be written. Default location: Core dumps may be processed with "/lib/systemd/systemd-coredump %P %u %g %s %t 9223372036854775808 %e" (or dumping to /home/pck11800/Desktop/workspace/AdaptiveGUI/core.11744)
#
# If you would like to submit a bug report, please visit:
#   http://bugreport.java.com/bugreport/crash.jsp
# The crash happened outside the Java Virtual Machine in native code.
# See problematic frame for where to report the bug.
#

---------------  S U M M A R Y ------------

Command Line: -javaagent:/home/pck11800/idea-IC-193.6494.35/lib/idea_rt.jar=39091:/home/pck11800/idea-IC-193.6494.35/bin -Dfile.encoding=UTF-8 example.Main

Host: Intel(R) Core(TM) i5-5250U CPU @ 1.60GHz, 4 cores, 7G, Linux Mint 19.3 Tricia
Time: Sun Aug 30 20:41:25 2020 HKT elapsed time: 25 seconds (0d 0h 0m 25s)

---------------  T H R E A D  ---------------

Current thread (0x00007fd668170800):  JavaThread "Finalizer" daemon [_thread_in_native, id=11760, stack(0x00007fd63d5fe000,0x00007fd63d6ff000)]

Stack: [0x00007fd63d5fe000,0x00007fd63d6ff000],  sp=0x00007fd63d6fd6b8,  free space=1021k
Native frames: (J=compiled Java code, A=aot compiled Java code, j=interpreted, Vv=VM code, C=native code)
C  [libpthread.so.0+0x9fa0]  pthread_mutex_lock+0x0

Java frames: (J=compiled Java code, j=interpreted, Vv=VM code)
j  org.jsfml.graphics.RenderWindow.nativeDelete()V+0
j  org.jsfml.internal.SFMLNativeObject.finalize()V+17
j  java.lang.System$2.invokeFinalize(Ljava/lang/Object;)V+1 java.base@13.0.2
j  java.lang.ref.Finalizer.runFinalizer(Ljdk/internal/access/JavaLangAccess;)V+101 java.base@13.0.2
j  java.lang.ref.Finalizer$FinalizerThread.run()V+46 java.base@13.0.2
v  ~StubRoutines::call_stub

siginfo: si_signo: 11 (SIGSEGV), si_code: 1 (SEGV_MAPERR), si_addr: 0x0000000000000010

Register to memory mapping:

RAX=0x00007fd607a67ea0: <offset 0x000000000002bea0> in /usr/lib/x86_64-linux-gnu/libX11.so.6 at 0x00007fd607a3c000
RBX=0x00007fd66873db10 points into unknown readable memory: 20 d6 73 68 d6 7f 00 00
RCX=0x0000000000000005 is an unknown value
RDX=0x00007fd62c0008d0 points into unknown readable memory: 06 07 07 07 07 07 07 07
RSP=0x00007fd63d6fd6b8 is pointing into the stack for thread: 0x00007fd668170800
RBP=0x0 is NULL
RSI=0x00007fd62c000910 points into unknown readable memory: 30 c5 29 68 d6 7f 00 00
RDI=0x0 is NULL
R8 =0x00007fd66826e3dc points into unknown readable memory: 04 00 00 00
R9 =0x0000000000000080 is an unknown value
R10=0x000000000000002c is an unknown value
R11=0x00007fd66f601940: pthread_mutex_destroy+0x0000000000000000 in /lib/x86_64-linux-gnu/libpthread.so.0 at 0x00007fd66f5f8000
R12=0x00007fd668281718 points into unknown readable memory: 15 00 00 00 01 00 00 00
R13=0x00007fd63dc1b648 is pointing into metadata
R14=0x00007fd63d6fd870 is pointing into the stack for thread: 0x00007fd668170800
R15=0x00007fd668170800 is a thread


Registers:
RAX=0x00007fd607a67ea0, RBX=0x00007fd66873db10, RCX=0x0000000000000005, RDX=0x00007fd62c0008d0
RSP=0x00007fd63d6fd6b8, RBP=0x0000000000000000, RSI=0x00007fd62c000910, RDI=0x0000000000000000
R8 =0x00007fd66826e3dc, R9 =0x0000000000000080, R10=0x000000000000002c, R11=0x00007fd66f601940
R12=0x00007fd668281718, R13=0x00007fd63dc1b648, R14=0x00007fd63d6fd870, R15=0x00007fd668170800
RIP=0x00007fd66f601fa0, EFLAGS=0x0000000000010206, CSGSFS=0x002b000000000033, ERR=0x0000000000000004
  TRAPNO=0x000000000000000e

Top of Stack: (sp=0x00007fd63d6fd6b8)
0x00007fd63d6fd6b8:   00007fd607a82d27 00007fd63dc1b648
0x00007fd63d6fd6c8:   00007fd66826c040 0000000000000000
0x00007fd63d6fd6d8:   00007fd607a69e13 00007fd66826d2d0
0x00007fd63d6fd6e8:   b36827a784ad4b00 0000000000000000 

Instructions: (pc=0x00007fd66f601fa0)
0x00007fd66f601ea0:   00 00 00 ff ff ff 7f 48 89 43 04 64 48 8b 04 25
0x00007fd66f601eb0:   e0 02 00 00 48 83 e0 fe 4c 89 40 f8 64 48 8b 04
0x00007fd66f601ec0:   25 e0 02 00 00 48 89 43 20 64 48 8b 04 25 10 00
0x00007fd66f601ed0:   00 00 48 05 e0 02 00 00 48 89 43 18 64 4c 89 04
0x00007fd66f601ee0:   25 e0 02 00 00 64 48 c7 04 25 f0 02 00 00 00 00
0x00007fd66f601ef0:   00 00 b8 82 00 00 00 e9 47 fc ff ff 64 48 c7 04
0x00007fd66f601f00:   25 f0 02 00 00 00 00 00 00 b8 23 00 00 00 e9 30
0x00007fd66f601f10:   fc ff ff b8 23 00 00 00 e9 26 fc ff ff 48 8d 0d
0x00007fd66f601f20:   bc a8 00 00 48 8d 35 4a a7 00 00 48 8d 3d fe a7
0x00007fd66f601f30:   00 00 ba a9 01 00 00 e8 04 b9 ff ff 41 83 e9 01
0x00007fd66f601f40:   41 83 f9 01 0f 87 f6 fa ff ff 48 8d 0d 8f a8 00
0x00007fd66f601f50:   00 48 8d 35 1d a7 00 00 48 8d 3d 51 a7 00 00 ba
0x00007fd66f601f60:   a6 01 00 00 e8 d7 b8 ff ff c7 43 04 00 00 00 00
0x00007fd66f601f70:   45 31 d2 31 d2 be 07 00 00 00 48 89 df b8 ca 00
0x00007fd66f601f80:   00 00 0f 05 64 48 c7 04 25 f0 02 00 00 00 00 00
0x00007fd66f601f90:   00 b8 83 00 00 00 e9 a8 fb ff ff 0f 1f 44 00 00
0x00007fd66f601fa0:   8b 47 10 89 c2 81 e2 7f 01 00 00 90 83 e0 7c 0f
0x00007fd66f601fb0:   85 9b 00 00 00 48 83 ec 08 85 d2 49 89 f8 8b 77
0x00007fd66f601fc0:   10 0f 85 91 00 00 00 8b 0d fb 43 21 00 85 c9 74
0x00007fd66f601fd0:   2f f7 c6 00 03 00 00 75 27 81 ce 00 01 00 00 89
0x00007fd66f601fe0:   77 10 89 f2 49 8d 70 16 4c 89 c7 81 e2 80 00 00
0x00007fd66f601ff0:   00 48 83 c4 08 e9 b6 9e 00 00 66 0f 1f 44 00 00
0x00007fd66f602000:   81 e6 80 00 00 00 bf 01 00 00 00 31 c0 f0 41 0f
0x00007fd66f602010:   b1 38 74 16 49 8d 38 48 81 ec 80 00 00 00 e8 cd
0x00007fd66f602020:   70 00 00 48 81 c4 80 00 00 00 41 8b 50 08 85 d2
0x00007fd66f602030:   0f 85 73 01 00 00 64 8b 04 25 d0 02 00 00 41 89
0x00007fd66f602040:   40 08 41 83 40 0c 01 90 31 c0 48 83 c4 08 c3 90
0x00007fd66f602050:   e9 0b f9 ff ff 0f 1f 00 81 fa 00 01 00 00 0f 84
0x00007fd66f602060:   7e ff ff ff 89 f7 83 e7 7f 83 ff 01 75 65 64 8b
0x00007fd66f602070:   14 25 d0 02 00 00 41 39 50 08 74 3c 81 e6 80 00
0x00007fd66f602080:   00 00 f0 41 0f b1 38 74 16 49 8d 38 48 81 ec 80
0x00007fd66f602090:   00 00 00 e8 58 70 00 00 48 81 c4 80 00 00 00 41 


Stack slot to memory mapping:
stack at sp + 0 slots: 0x00007fd607a82d27: XrmDestroyDatabase+0x0000000000000027 in /usr/lib/x86_64-linux-gnu/libX11.so.6 at 0x00007fd607a3c000
stack at sp + 1 slots: 0x00007fd63dc1b648 is pointing into metadata
stack at sp + 2 slots: 0x00007fd66826c040 points into unknown readable memory: 00 00 00 00 00 00 00 00
stack at sp + 3 slots: 0x0 is NULL
stack at sp + 4 slots: 0x00007fd607a69e13: _XFreeDisplayStructure+0x0000000000000393 in /usr/lib/x86_64-linux-gnu/libX11.so.6 at 0x00007fd607a3c000
stack at sp + 5 slots: 0x00007fd66826d2d0 points into unknown readable memory: 00 00 00 00 00 00 00 00
stack at sp + 6 slots: 0xb36827a784ad4b00 is an unknown value
stack at sp + 7 slots: 0x0 is NULL


---------------  P R O C E S S  ---------------

Threads class SMR info:
_java_thread_list=0x00007fd5ec031950, length=13, elements={
0x00007fd66816e800, 0x00007fd668170800, 0x00007fd668175800, 0x00007fd668177800,
0x00007fd668179800, 0x00007fd66817b800, 0x00007fd668188800, 0x00007fd668222000,
0x00007fd668222800, 0x00007fd620001000, 0x00007fd6689a4800, 0x00007fd5ec034800,
0x00007fd66801a000
}

Java Threads: ( => current thread )
  0x00007fd66816e800 JavaThread "Reference Handler" daemon [_thread_blocked, id=11759, stack(0x00007fd63d6ff000,0x00007fd63d800000)]
=>0x00007fd668170800 JavaThread "Finalizer" daemon [_thread_in_native, id=11760, stack(0x00007fd63d5fe000,0x00007fd63d6ff000)]
  0x00007fd668175800 JavaThread "Signal Dispatcher" daemon [_thread_blocked, id=11763, stack(0x00007fd63d21f000,0x00007fd63d320000)]
  0x00007fd668177800 JavaThread "C2 CompilerThread0" daemon [_thread_blocked, id=11764, stack(0x00007fd63d11e000,0x00007fd63d21f000)]
  0x00007fd668179800 JavaThread "C1 CompilerThread0" daemon [_thread_blocked, id=11765, stack(0x00007fd63d01d000,0x00007fd63d11e000)]
  0x00007fd66817b800 JavaThread "Sweeper thread" daemon [_thread_blocked, id=11767, stack(0x00007fd63cf1c000,0x00007fd63d01d000)]
  0x00007fd668188800 JavaThread "Common-Cleaner" daemon [_thread_blocked, id=11774, stack(0x00007fd63ce1b000,0x00007fd63cf1c000)]
  0x00007fd668222000 JavaThread "Monitor Ctrl-Break" daemon [_thread_in_native, id=11775, stack(0x00007fd63cd1a000,0x00007fd63ce1b000)]
  0x00007fd668222800 JavaThread "Service Thread" daemon [_thread_blocked, id=11776, stack(0x00007fd63cc19000,0x00007fd63cd1a000)]
  0x00007fd620001000 JavaThread "Attach Listener" daemon [_thread_blocked, id=11785, stack(0x00007fd63c03c000,0x00007fd63c13d000)]
  0x00007fd6689a4800 JavaThread "JNativeHook Hook Thread" [_thread_in_native, id=11789, stack(0x00007fd5fc021000,0x00007fd5fc122000)]
  0x00007fd5ec034800 JavaThread "JNativeHook Dispatch Thread" daemon [_thread_blocked, id=11790, stack(0x00007fd5f7670000,0x00007fd5f7771000)]
  0x00007fd66801a000 JavaThread "DestroyJavaVM" [_thread_blocked, id=11746, stack(0x00007fd66fb2c000,0x00007fd66fc2d000)]

Other Threads:
  0x00007fd66816b800 VMThread "VM Thread" [stack: 0x00007fd64c01d000,0x00007fd64c11d000] [id=11757]
  0x00007fd66821e000 WatcherThread [stack: 0x00007fd63cb19000,0x00007fd63cc19000] [id=11777]
  0x00007fd66806d800 GCTaskThread "GC Thread#0" [stack: 0x00007fd66c151000,0x00007fd66c251000] [id=11748]
  0x00007fd634001000 GCTaskThread "GC Thread#1" [stack: 0x00007fd5fda27000,0x00007fd5fdb27000] [id=11805]
  0x00007fd634002800 GCTaskThread "GC Thread#2" [stack: 0x00007fd5fd925000,0x00007fd5fda25000] [id=11806]
  0x00007fd634004000 GCTaskThread "GC Thread#3" [stack: 0x00007fd5fd823000,0x00007fd5fd923000] [id=11807]
  0x00007fd66807f000 ConcurrentGCThread "G1 Main Marker" [stack: 0x00007fd66c04f000,0x00007fd66c14f000] [id=11751]
  0x00007fd668080800 ConcurrentGCThread "G1 Conc#0" [stack: 0x00007fd64c803000,0x00007fd64c903000] [id=11752]
  0x00007fd6680f9800 ConcurrentGCThread "G1 Refine#0" [stack: 0x00007fd64c2fd000,0x00007fd64c3fd000] [id=11755]
  0x00007fd6680fb000 ConcurrentGCThread "G1 Young RemSet Sampling" [stack: 0x00007fd64c1fb000,0x00007fd64c2fb000] [id=11756]

Threads with active compile tasks:

VM state:not at safepoint (normal execution)

VM Mutex/Monitor currently owned by a thread: None

Heap address: 0x0000000084e00000, size: 1970 MB, Compressed Oops mode: 32-bit
Narrow klass base: 0x0000000800000000, Narrow klass shift: 3
Compressed class space size: 1073741824 Address: 0x0000000800aed000

Heap:
 garbage-first heap   total 129024K, used 3476K [0x0000000084e00000, 0x0000000100000000)
  region size 1024K, 4 young (4096K), 2 survivors (2048K)
 Metaspace       used 3471K, capacity 5167K, committed 5504K, reserved 1056768K
  class space    used 327K, capacity 527K, committed 640K, reserved 1048576K
Heap Regions: E=young(eden), S=young(survivor), O=old, HS=humongous(starts), HC=humongous(continues), CS=collection set, F=free, A=archive, TAMS=top-at-mark-start (previous, next)
|   0|0x0000000084e00000, 0x0000000084e00000, 0x0000000084f00000|  0%| F|  |TAMS 0x0000000084e00000, 0x0000000084e00000| Untracked 
|   1|0x0000000084f00000, 0x0000000084f00000, 0x0000000085000000|  0%| F|  |TAMS 0x0000000084f00000, 0x0000000084f00000| Untracked 
|   2|0x0000000085000000, 0x0000000085000000, 0x0000000085100000|  0%| F|  |TAMS 0x0000000085000000, 0x0000000085000000| Untracked 
|   3|0x0000000085100000, 0x0000000085100000, 0x0000000085200000|  0%| F|  |TAMS 0x0000000085100000, 0x0000000085100000| Untracked 
|   4|0x0000000085200000, 0x0000000085200000, 0x0000000085300000|  0%| F|  |TAMS 0x0000000085200000, 0x0000000085200000| Untracked 
|   5|0x0000000085300000, 0x0000000085300000, 0x0000000085400000|  0%| F|  |TAMS 0x0000000085300000, 0x0000000085300000| Untracked 
|   6|0x0000000085400000, 0x0000000085400000, 0x0000000085500000|  0%| F|  |TAMS 0x0000000085400000, 0x0000000085400000| Untracked 
|   7|0x0000000085500000, 0x0000000085500000, 0x0000000085600000|  0%| F|  |TAMS 0x0000000085500000, 0x0000000085500000| Untracked 
|   8|0x0000000085600000, 0x0000000085600000, 0x0000000085700000|  0%| F|  |TAMS 0x0000000085600000, 0x0000000085600000| Untracked 
|   9|0x0000000085700000, 0x0000000085700000, 0x0000000085800000|  0%| F|  |TAMS 0x0000000085700000, 0x0000000085700000| Untracked 
|  10|0x0000000085800000, 0x0000000085800000, 0x0000000085900000|  0%| F|  |TAMS 0x0000000085800000, 0x0000000085800000| Untracked 
|  11|0x0000000085900000, 0x0000000085900000, 0x0000000085a00000|  0%| F|  |TAMS 0x0000000085900000, 0x0000000085900000| Untracked 
|  12|0x0000000085a00000, 0x0000000085a00000, 0x0000000085b00000|  0%| F|  |TAMS 0x0000000085a00000, 0x0000000085a00000| Untracked 
|  13|0x0000000085b00000, 0x0000000085b00000, 0x0000000085c00000|  0%| F|  |TAMS 0x0000000085b00000, 0x0000000085b00000| Untracked 
|  14|0x0000000085c00000, 0x0000000085c00000, 0x0000000085d00000|  0%| F|  |TAMS 0x0000000085c00000, 0x0000000085c00000| Untracked 
|  15|0x0000000085d00000, 0x0000000085d00000, 0x0000000085e00000|  0%| F|  |TAMS 0x0000000085d00000, 0x0000000085d00000| Untracked 
|  16|0x0000000085e00000, 0x0000000085e00000, 0x0000000085f00000|  0%| F|  |TAMS 0x0000000085e00000, 0x0000000085e00000| Untracked 
|  17|0x0000000085f00000, 0x0000000085f00000, 0x0000000086000000|  0%| F|  |TAMS 0x0000000085f00000, 0x0000000085f00000| Untracked 
|  18|0x0000000086000000, 0x0000000086000000, 0x0000000086100000|  0%| F|  |TAMS 0x0000000086000000, 0x0000000086000000| Untracked 
|  19|0x0000000086100000, 0x0000000086100000, 0x0000000086200000|  0%| F|  |TAMS 0x0000000086100000, 0x0000000086100000| Untracked 
|  20|0x0000000086200000, 0x0000000086200000, 0x0000000086300000|  0%| F|  |TAMS 0x0000000086200000, 0x0000000086200000| Untracked 
|  21|0x0000000086300000, 0x0000000086300000, 0x0000000086400000|  0%| F|  |TAMS 0x0000000086300000, 0x0000000086300000| Untracked 
|  22|0x0000000086400000, 0x0000000086400000, 0x0000000086500000|  0%| F|  |TAMS 0x0000000086400000, 0x0000000086400000| Untracked 
|  23|0x0000000086500000, 0x0000000086500000, 0x0000000086600000|  0%| F|  |TAMS 0x0000000086500000, 0x0000000086500000| Untracked 
|  24|0x0000000086600000, 0x0000000086600000, 0x0000000086700000|  0%| F|  |TAMS 0x0000000086600000, 0x0000000086600000| Untracked 
|  25|0x0000000086700000, 0x0000000086700000, 0x0000000086800000|  0%| F|  |TAMS 0x0000000086700000, 0x0000000086700000| Untracked 
|  26|0x0000000086800000, 0x0000000086800000, 0x0000000086900000|  0%| F|  |TAMS 0x0000000086800000, 0x0000000086800000| Untracked 
|  27|0x0000000086900000, 0x0000000086900000, 0x0000000086a00000|  0%| F|  |TAMS 0x0000000086900000, 0x0000000086900000| Untracked 
|  28|0x0000000086a00000, 0x0000000086a00000, 0x0000000086b00000|  0%| F|  |TAMS 0x0000000086a00000, 0x0000000086a00000| Untracked 
|  29|0x0000000086b00000, 0x0000000086b00000, 0x0000000086c00000|  0%| F|  |TAMS 0x0000000086b00000, 0x0000000086b00000| Untracked 
|  30|0x0000000086c00000, 0x0000000086c00000, 0x0000000086d00000|  0%| F|  |TAMS 0x0000000086c00000, 0x0000000086c00000| Untracked 
|  31|0x0000000086d00000, 0x0000000086d00000, 0x0000000086e00000|  0%| F|  |TAMS 0x0000000086d00000, 0x0000000086d00000| Untracked 
|  32|0x0000000086e00000, 0x0000000086e00000, 0x0000000086f00000|  0%| F|  |TAMS 0x0000000086e00000, 0x0000000086e00000| Untracked 
|  33|0x0000000086f00000, 0x0000000086f00000, 0x0000000087000000|  0%| F|  |TAMS 0x0000000086f00000, 0x0000000086f00000| Untracked 
|  34|0x0000000087000000, 0x0000000087000000, 0x0000000087100000|  0%| F|  |TAMS 0x0000000087000000, 0x0000000087000000| Untracked 
|  35|0x0000000087100000, 0x0000000087100000, 0x0000000087200000|  0%| F|  |TAMS 0x0000000087100000, 0x0000000087100000| Untracked 
|  36|0x0000000087200000, 0x0000000087200000, 0x0000000087300000|  0%| F|  |TAMS 0x0000000087200000, 0x0000000087200000| Untracked 
|  37|0x0000000087300000, 0x0000000087300000, 0x0000000087400000|  0%| F|  |TAMS 0x0000000087300000, 0x0000000087300000| Untracked 
|  38|0x0000000087400000, 0x0000000087400000, 0x0000000087500000|  0%| F|  |TAMS 0x0000000087400000, 0x0000000087400000| Untracked 
|  39|0x0000000087500000, 0x0000000087500000, 0x0000000087600000|  0%| F|  |TAMS 0x0000000087500000, 0x0000000087500000| Untracked 
|  40|0x0000000087600000, 0x0000000087600000, 0x0000000087700000|  0%| F|  |TAMS 0x0000000087600000, 0x0000000087600000| Untracked 
|  41|0x0000000087700000, 0x0000000087700000, 0x0000000087800000|  0%| F|  |TAMS 0x0000000087700000, 0x0000000087700000| Untracked 
|  42|0x0000000087800000, 0x0000000087800000, 0x0000000087900000|  0%| F|  |TAMS 0x0000000087800000, 0x0000000087800000| Untracked 
|  43|0x0000000087900000, 0x0000000087900000, 0x0000000087a00000|  0%| F|  |TAMS 0x0000000087900000, 0x0000000087900000| Untracked 
|  44|0x0000000087a00000, 0x0000000087a00000, 0x0000000087b00000|  0%| F|  |TAMS 0x0000000087a00000, 0x0000000087a00000| Untracked 
|  45|0x0000000087b00000, 0x0000000087b00000, 0x0000000087c00000|  0%| F|  |TAMS 0x0000000087b00000, 0x0000000087b00000| Untracked 
|  46|0x0000000087c00000, 0x0000000087c00000, 0x0000000087d00000|  0%| F|  |TAMS 0x0000000087c00000, 0x0000000087c00000| Untracked 
|  47|0x0000000087d00000, 0x0000000087d00000, 0x0000000087e00000|  0%| F|  |TAMS 0x0000000087d00000, 0x0000000087d00000| Untracked 
|  48|0x0000000087e00000, 0x0000000087e00000, 0x0000000087f00000|  0%| F|  |TAMS 0x0000000087e00000, 0x0000000087e00000| Untracked 
|  49|0x0000000087f00000, 0x0000000087f00000, 0x0000000088000000|  0%| F|  |TAMS 0x0000000087f00000, 0x0000000087f00000| Untracked 
|  50|0x0000000088000000, 0x0000000088000000, 0x0000000088100000|  0%| F|  |TAMS 0x0000000088000000, 0x0000000088000000| Untracked 
|  51|0x0000000088100000, 0x0000000088100000, 0x0000000088200000|  0%| F|  |TAMS 0x0000000088100000, 0x0000000088100000| Untracked 
|  52|0x0000000088200000, 0x0000000088200000, 0x0000000088300000|  0%| F|  |TAMS 0x0000000088200000, 0x0000000088200000| Untracked 
|  53|0x0000000088300000, 0x0000000088300000, 0x0000000088400000|  0%| F|  |TAMS 0x0000000088300000, 0x0000000088300000| Untracked 
|  54|0x0000000088400000, 0x0000000088400000, 0x0000000088500000|  0%| F|  |TAMS 0x0000000088400000, 0x0000000088400000| Untracked 
|  55|0x0000000088500000, 0x0000000088500000, 0x0000000088600000|  0%| F|  |TAMS 0x0000000088500000, 0x0000000088500000| Untracked 
|  56|0x0000000088600000, 0x0000000088600000, 0x0000000088700000|  0%| F|  |TAMS 0x0000000088600000, 0x0000000088600000| Untracked 
|  57|0x0000000088700000, 0x0000000088700000, 0x0000000088800000|  0%| F|  |TAMS 0x0000000088700000, 0x0000000088700000| Untracked 
|  58|0x0000000088800000, 0x0000000088800000, 0x0000000088900000|  0%| F|  |TAMS 0x0000000088800000, 0x0000000088800000| Untracked 
|  59|0x0000000088900000, 0x0000000088900000, 0x0000000088a00000|  0%| F|  |TAMS 0x0000000088900000, 0x0000000088900000| Untracked 
|  60|0x0000000088a00000, 0x0000000088a00000, 0x0000000088b00000|  0%| F|  |TAMS 0x0000000088a00000, 0x0000000088a00000| Untracked 
|  61|0x0000000088b00000, 0x0000000088b00000, 0x0000000088c00000|  0%| F|  |TAMS 0x0000000088b00000, 0x0000000088b00000| Untracked 
|  62|0x0000000088c00000, 0x0000000088c00000, 0x0000000088d00000|  0%| F|  |TAMS 0x0000000088c00000, 0x0000000088c00000| Untracked 
|  63|0x0000000088d00000, 0x0000000088d00000, 0x0000000088e00000|  0%| F|  |TAMS 0x0000000088d00000, 0x0000000088d00000| Untracked 
|  64|0x0000000088e00000, 0x0000000088e00000, 0x0000000088f00000|  0%| F|  |TAMS 0x0000000088e00000, 0x0000000088e00000| Untracked 
|  65|0x0000000088f00000, 0x0000000088f00000, 0x0000000089000000|  0%| F|  |TAMS 0x0000000088f00000, 0x0000000088f00000| Untracked 
|  66|0x0000000089000000, 0x0000000089000000, 0x0000000089100000|  0%| F|  |TAMS 0x0000000089000000, 0x0000000089000000| Untracked 
|  67|0x0000000089100000, 0x0000000089100000, 0x0000000089200000|  0%| F|  |TAMS 0x0000000089100000, 0x0000000089100000| Untracked 
|  68|0x0000000089200000, 0x0000000089200000, 0x0000000089300000|  0%| F|  |TAMS 0x0000000089200000, 0x0000000089200000| Untracked 
|  69|0x0000000089300000, 0x0000000089300000, 0x0000000089400000|  0%| F|  |TAMS 0x0000000089300000, 0x0000000089300000| Untracked 
|  70|0x0000000089400000, 0x0000000089400000, 0x0000000089500000|  0%| F|  |TAMS 0x0000000089400000, 0x0000000089400000| Untracked 
|  71|0x0000000089500000, 0x0000000089500000, 0x0000000089600000|  0%| F|  |TAMS 0x0000000089500000, 0x0000000089500000| Untracked 
|  72|0x0000000089600000, 0x0000000089600000, 0x0000000089700000|  0%| F|  |TAMS 0x0000000089600000, 0x0000000089600000| Untracked 
|  73|0x0000000089700000, 0x0000000089700000, 0x0000000089800000|  0%| F|  |TAMS 0x0000000089700000, 0x0000000089700000| Untracked 
|  74|0x0000000089800000, 0x0000000089800000, 0x0000000089900000|  0%| F|  |TAMS 0x0000000089800000, 0x0000000089800000| Untracked 
|  75|0x0000000089900000, 0x0000000089900000, 0x0000000089a00000|  0%| F|  |TAMS 0x0000000089900000, 0x0000000089900000| Untracked 
|  76|0x0000000089a00000, 0x0000000089a00000, 0x0000000089b00000|  0%| F|  |TAMS 0x0000000089a00000, 0x0000000089a00000| Untracked 
|  77|0x0000000089b00000, 0x0000000089b00000, 0x0000000089c00000|  0%| F|  |TAMS 0x0000000089b00000, 0x0000000089b00000| Untracked 
|  78|0x0000000089c00000, 0x0000000089c00000, 0x0000000089d00000|  0%| F|  |TAMS 0x0000000089c00000, 0x0000000089c00000| Untracked 
|  79|0x0000000089d00000, 0x0000000089d00000, 0x0000000089e00000|  0%| F|  |TAMS 0x0000000089d00000, 0x0000000089d00000| Untracked 
|  80|0x0000000089e00000, 0x0000000089e00000, 0x0000000089f00000|  0%| F|  |TAMS 0x0000000089e00000, 0x0000000089e00000| Untracked 
|  81|0x0000000089f00000, 0x0000000089f00000, 0x000000008a000000|  0%| F|  |TAMS 0x0000000089f00000, 0x0000000089f00000| Untracked 
|  82|0x000000008a000000, 0x000000008a000000, 0x000000008a100000|  0%| F|  |TAMS 0x000000008a000000, 0x000000008a000000| Untracked 
|  83|0x000000008a100000, 0x000000008a100000, 0x000000008a200000|  0%| F|  |TAMS 0x000000008a100000, 0x000000008a100000| Untracked 
|  84|0x000000008a200000, 0x000000008a200000, 0x000000008a300000|  0%| F|  |TAMS 0x000000008a200000, 0x000000008a200000| Untracked 
|  85|0x000000008a300000, 0x000000008a300000, 0x000000008a400000|  0%| F|  |TAMS 0x000000008a300000, 0x000000008a300000| Untracked 
|  86|0x000000008a400000, 0x000000008a400000, 0x000000008a500000|  0%| F|  |TAMS 0x000000008a400000, 0x000000008a400000| Untracked 
|  87|0x000000008a500000, 0x000000008a500000, 0x000000008a600000|  0%| F|  |TAMS 0x000000008a500000, 0x000000008a500000| Untracked 
|  88|0x000000008a600000, 0x000000008a600000, 0x000000008a700000|  0%| F|  |TAMS 0x000000008a600000, 0x000000008a600000| Untracked 
|  89|0x000000008a700000, 0x000000008a700000, 0x000000008a800000|  0%| F|  |TAMS 0x000000008a700000, 0x000000008a700000| Untracked 
|  90|0x000000008a800000, 0x000000008a800000, 0x000000008a900000|  0%| F|  |TAMS 0x000000008a800000, 0x000000008a800000| Untracked 
|  91|0x000000008a900000, 0x000000008a900000, 0x000000008aa00000|  0%| F|  |TAMS 0x000000008a900000, 0x000000008a900000| Untracked 
|  92|0x000000008aa00000, 0x000000008aa00000, 0x000000008ab00000|  0%| F|  |TAMS 0x000000008aa00000, 0x000000008aa00000| Untracked 
|  93|0x000000008ab00000, 0x000000008ab00000, 0x000000008ac00000|  0%| F|  |TAMS 0x000000008ab00000, 0x000000008ab00000| Untracked 
|  94|0x000000008ac00000, 0x000000008ac00000, 0x000000008ad00000|  0%| F|  |TAMS 0x000000008ac00000, 0x000000008ac00000| Untracked 
|  95|0x000000008ad00000, 0x000000008ad00000, 0x000000008ae00000|  0%| F|  |TAMS 0x000000008ad00000, 0x000000008ad00000| Untracked 
|  96|0x000000008ae00000, 0x000000008ae00000, 0x000000008af00000|  0%| F|  |TAMS 0x000000008ae00000, 0x000000008ae00000| Untracked 
|  97|0x000000008af00000, 0x000000008af00000, 0x000000008b000000|  0%| F|  |TAMS 0x000000008af00000, 0x000000008af00000| Untracked 
|  98|0x000000008b000000, 0x000000008b000000, 0x000000008b100000|  0%| F|  |TAMS 0x000000008b000000, 0x000000008b000000| Untracked 
|  99|0x000000008b100000, 0x000000008b100000, 0x000000008b200000|  0%| F|  |TAMS 0x000000008b100000, 0x000000008b100000| Untracked 
| 100|0x000000008b200000, 0x000000008b200000, 0x000000008b300000|  0%| F|  |TAMS 0x000000008b200000, 0x000000008b200000| Untracked 
| 101|0x000000008b300000, 0x000000008b300000, 0x000000008b400000|  0%| F|  |TAMS 0x000000008b300000, 0x000000008b300000| Untracked 
| 102|0x000000008b400000, 0x000000008b400000, 0x000000008b500000|  0%| F|  |TAMS 0x000000008b400000, 0x000000008b400000| Untracked 
| 103|0x000000008b500000, 0x000000008b500000, 0x000000008b600000|  0%| F|  |TAMS 0x000000008b500000, 0x000000008b500000| Untracked 
| 104|0x000000008b600000, 0x000000008b600000, 0x000000008b700000|  0%| F|  |TAMS 0x000000008b600000, 0x000000008b600000| Untracked 
| 105|0x000000008b700000, 0x000000008b700000, 0x000000008b800000|  0%| F|  |TAMS 0x000000008b700000, 0x000000008b700000| Untracked 
| 106|0x000000008b800000, 0x000000008b800000, 0x000000008b900000|  0%| F|  |TAMS 0x000000008b800000, 0x000000008b800000| Untracked 
| 107|0x000000008b900000, 0x000000008b900000, 0x000000008ba00000|  0%| F|  |TAMS 0x000000008b900000, 0x000000008b900000| Untracked 
| 108|0x000000008ba00000, 0x000000008baa3190, 0x000000008bb00000| 63%| S|CS|TAMS 0x000000008ba00000, 0x000000008ba00000| Complete 
| 109|0x000000008bb00000, 0x000000008bc00000, 0x000000008bc00000|100%| S|CS|TAMS 0x000000008bb00000, 0x000000008bb00000| Complete 
| 110|0x000000008bc00000, 0x000000008bc00000, 0x000000008bd00000|  0%| F|  |TAMS 0x000000008bc00000, 0x000000008bc00000| Untracked 
| 111|0x000000008bd00000, 0x000000008bd00000, 0x000000008be00000|  0%| F|  |TAMS 0x000000008bd00000, 0x000000008bd00000| Untracked 
| 112|0x000000008be00000, 0x000000008be00000, 0x000000008bf00000|  0%| F|  |TAMS 0x000000008be00000, 0x000000008be00000| Untracked 
| 113|0x000000008bf00000, 0x000000008bf00000, 0x000000008c000000|  0%| F|  |TAMS 0x000000008bf00000, 0x000000008bf00000| Untracked 
| 114|0x000000008c000000, 0x000000008c000000, 0x000000008c100000|  0%| F|  |TAMS 0x000000008c000000, 0x000000008c000000| Untracked 
| 115|0x000000008c100000, 0x000000008c100000, 0x000000008c200000|  0%| F|  |TAMS 0x000000008c100000, 0x000000008c100000| Untracked 
| 116|0x000000008c200000, 0x000000008c200000, 0x000000008c300000|  0%| F|  |TAMS 0x000000008c200000, 0x000000008c200000| Untracked 
| 117|0x000000008c300000, 0x000000008c300000, 0x000000008c400000|  0%| F|  |TAMS 0x000000008c300000, 0x000000008c300000| Untracked 
| 118|0x000000008c400000, 0x000000008c400000, 0x000000008c500000|  0%| F|  |TAMS 0x000000008c400000, 0x000000008c400000| Untracked 
| 119|0x000000008c500000, 0x000000008c500000, 0x000000008c600000|  0%| F|  |TAMS 0x000000008c500000, 0x000000008c500000| Untracked 
| 120|0x000000008c600000, 0x000000008c600000, 0x000000008c700000|  0%| F|  |TAMS 0x000000008c600000, 0x000000008c600000| Untracked 
| 121|0x000000008c700000, 0x000000008c700000, 0x000000008c800000|  0%| F|  |TAMS 0x000000008c700000, 0x000000008c700000| Untracked 
| 122|0x000000008c800000, 0x000000008c800800, 0x000000008c900000|  0%| E|  |TAMS 0x000000008c800000, 0x000000008c800000| Complete 
| 123|0x000000008c900000, 0x000000008ca00000, 0x000000008ca00000|100%| E|CS|TAMS 0x000000008c900000, 0x000000008c900000| Complete 
|1968|0x00000000ffe00000, 0x00000000ffe48000, 0x00000000fff00000| 28%|OA|  |TAMS 0x00000000ffe00000, 0x00000000ffe00000| Untracked 
|1969|0x00000000fff00000, 0x00000000fff7a000, 0x0000000100000000| 47%|CA|  |TAMS 0x00000000fff00000, 0x00000000fff00000| Untracked 

Card table byte_map: [0x00007fd66c251000,0x00007fd66c62a000] _byte_map_base: 0x00007fd66be2a000

Marking Bits (Prev, Next): (CMBitMap*) 0x00007fd66806e908, (CMBitMap*) 0x00007fd66806e948
 Prev Bits: [0x00007fd64e7cb000, 0x00007fd650693000)
 Next Bits: [0x00007fd64c903000, 0x00007fd64e7cb000)

Polling page: 0x00007fd66fc48000

Metaspace:

Usage:
  Non-class:      4.53 MB capacity,     3.07 MB ( 68%) used,     1.45 MB ( 32%) free+waste,     8.94 KB ( <1%) overhead. 
      Class:    527.00 KB capacity,   327.62 KB ( 62%) used,   194.62 KB ( 37%) free+waste,     4.75 KB ( <1%) overhead. 
       Both:      5.05 MB capacity,     3.39 MB ( 67%) used,     1.64 MB ( 33%) free+waste,    13.69 KB ( <1%) overhead. 

Virtual space:
  Non-class space:        8.00 MB reserved,       4.75 MB ( 59%) committed 
      Class space:        1.00 GB reserved,     640.00 KB ( <1%) committed 
             Both:        1.01 GB reserved,       5.38 MB ( <1%) committed 

Chunk freelists:
   Non-Class:  32.00 KB
       Class:  0 bytes
        Both:  32.00 KB

MaxMetaspaceSize: unlimited
CompressedClassSpaceSize: 1.00 GB

CodeHeap 'non-profiled nmethods': size=120032Kb used=556Kb max_used=556Kb free=119475Kb
 bounds [0x00007fd658534000, 0x00007fd6587a4000, 0x00007fd65fa6c000]
CodeHeap 'profiled nmethods': size=120028Kb used=2209Kb max_used=2209Kb free=117818Kb
 bounds [0x00007fd650ffd000, 0x00007fd65126d000, 0x00007fd658534000]
CodeHeap 'non-nmethods': size=5700Kb used=1163Kb max_used=1244Kb free=4537Kb
 bounds [0x00007fd650a6c000, 0x00007fd650cdc000, 0x00007fd650ffd000]
 total_blobs=1879 nmethods=1197 adapters=324
 compilation: enabled
              stopped_count=0, restarted_count=0
 full_count=0

Compilation events (20 events):
Event: 21.453 Thread 0x00007fd668179800 nmethod 1185 0x00007fd651222d10 code [0x00007fd651222ea0, 0x00007fd651223030]
Event: 21.453 Thread 0x00007fd668179800 1186       3       java.lang.StringUTF16$CharsSpliterator::tryAdvance (57 bytes)
Event: 21.454 Thread 0x00007fd668179800 nmethod 1186 0x00007fd651223090 code [0x00007fd651223280, 0x00007fd651223808]
Event: 21.454 Thread 0x00007fd668179800 1189       3       java.lang.CharacterData00::getType (11 bytes)
Event: 21.454 Thread 0x00007fd668179800 nmethod 1189 0x00007fd651223a10 code [0x00007fd651223bc0, 0x00007fd651223e50]
Event: 21.454 Thread 0x00007fd668179800 1190       3       java.lang.CharacterData00::getProperties (32 bytes)
Event: 21.454 Thread 0x00007fd668179800 nmethod 1190 0x00007fd651224010 code [0x00007fd6512241c0, 0x00007fd6512243f0]
Event: 21.711 Thread 0x00007fd668177800 nmethod 1192 0x00007fd6585af910 code [0x00007fd6585affc0, 0x00007fd6585b4a00]
Event: 21.712 Thread 0x00007fd668177800 1193       4       java.time.ZonedDateTime::get (78 bytes)
Event: 21.716 Thread 0x00007fd668177800 nmethod 1193 0x00007fd6585b8710 code [0x00007fd6585b88a0, 0x00007fd6585b8b78]
Event: 22.005 Thread 0x00007fd668179800 1194       3       java.util.Objects::requireNonNullElse (15 bytes)
Event: 22.006 Thread 0x00007fd668179800 nmethod 1194 0x00007fd651224590 code [0x00007fd651224740, 0x00007fd651224a48]
Event: 22.304 Thread 0x00007fd668179800 1195       3       java.text.DateFormatSymbols::getShortMonths (16 bytes)
Event: 22.305 Thread 0x00007fd668179800 nmethod 1195 0x00007fd651224b90 code [0x00007fd651224d40, 0x00007fd651225088]
Event: 23.340 Thread 0x00007fd668179800 1196       3       java.text.DateFormatSymbols::getInstance (21 bytes)
Event: 23.340 Thread 0x00007fd668179800 nmethod 1196 0x00007fd651225190 code [0x00007fd651225340, 0x00007fd6512255b8]
Event: 24.941 Thread 0x00007fd668177800 1197       4       java.util.stream.Sink$ChainedInt::cancellationRequested (10 bytes)
Event: 24.943 Thread 0x00007fd668177800 nmethod 1197 0x00007fd6585b8e10 code [0x00007fd6585b8fa0, 0x00007fd6585b9058]
Event: 25.414 Thread 0x00007fd668177800 1198   !   4       java.util.Formatter::format (280 bytes)
Event: 25.546 Thread 0x00007fd668177800 nmethod 1198 0x00007fd6585b9110 code [0x00007fd6585b9420, 0x00007fd6585bcbe0]

GC Heap History (2 events):
Event: 25.864 GC heap before
{Heap before GC invocations=0 (full 0):
 garbage-first heap   total 129024K, used 15112K [0x0000000084e00000, 0x0000000100000000)
  region size 1024K, 14 young (14336K), 0 survivors (0K)
 Metaspace       used 3470K, capacity 5167K, committed 5504K, reserved 1056768K
  class space    used 327K, capacity 527K, committed 640K, reserved 1048576K
}
Event: 25.877 GC heap after
{Heap after GC invocations=1 (full 0):
 garbage-first heap   total 129024K, used 2452K [0x0000000084e00000, 0x0000000100000000)
  region size 1024K, 2 young (2048K), 2 survivors (2048K)
 Metaspace       used 3470K, capacity 5167K, committed 5504K, reserved 1056768K
  class space    used 327K, capacity 527K, committed 640K, reserved 1048576K
}

Deoptimization events (20 events):
Event: 7.631 Thread 0x00007fd6689a4800 Uncommon trap: trap_request=0xffffffcc fr.pc=0x00007fd6585990ec relative=0x00000000000002cc
Event: 7.631 Thread 0x00007fd6689a4800 Uncommon trap: reason=intrinsic_or_type_checked_inlining action=make_not_entrant pc=0x00007fd6585990ec method=java.util.Arrays.copyOf([Ljava/lang/Object;ILjava/lang/Class;)[Ljava/lang/Object; @ 35 c2
Event: 7.631 Thread 0x00007fd6689a4800 DEOPT PACKING pc=0x00007fd6585990ec sp=0x00007fd5fc11feb0
Event: 7.631 Thread 0x00007fd6689a4800 DEOPT UNPACKING pc=0x00007fd650ab4e25 sp=0x00007fd5fc11fe40 mode 2
Event: 8.418 Thread 0x00007fd6689a4800 DEOPT PACKING pc=0x00007fd65105a039 sp=0x00007fd5fc11fc80
Event: 8.418 Thread 0x00007fd6689a4800 DEOPT UNPACKING pc=0x00007fd650ab533a sp=0x00007fd5fc11f118 mode 0
Event: 9.411 Thread 0x00007fd6689a4800 DEOPT PACKING pc=0x00007fd6511249c7 sp=0x00007fd5fc11f950
Event: 9.411 Thread 0x00007fd6689a4800 DEOPT UNPACKING pc=0x00007fd650ab533a sp=0x00007fd5fc11eed8 mode 0
Event: 22.021 Thread 0x00007fd66801a000 Uncommon trap: trap_request=0xffffffc6 fr.pc=0x00007fd6585aebf8 relative=0x00000000000000d8
Event: 22.021 Thread 0x00007fd66801a000 Uncommon trap: reason=bimorphic_or_optimized_type_check action=maybe_recompile pc=0x00007fd6585aebf8 method=java.lang.ThreadLocal.get()Ljava/lang/Object; @ 6 c2
Event: 22.021 Thread 0x00007fd66801a000 DEOPT PACKING pc=0x00007fd6585aebf8 sp=0x00007fd66fc2b870
Event: 22.021 Thread 0x00007fd66801a000 DEOPT UNPACKING pc=0x00007fd650ab4e25 sp=0x00007fd66fc2b828 mode 2
Event: 22.021 Thread 0x00007fd66801a000 Uncommon trap: trap_request=0xffffffc6 fr.pc=0x00007fd6585aebf8 relative=0x00000000000000d8
Event: 22.021 Thread 0x00007fd66801a000 Uncommon trap: reason=bimorphic_or_optimized_type_check action=maybe_recompile pc=0x00007fd6585aebf8 method=java.lang.ThreadLocal.get()Ljava/lang/Object; @ 6 c2
Event: 22.021 Thread 0x00007fd66801a000 DEOPT PACKING pc=0x00007fd6585aebf8 sp=0x00007fd66fc2b810
Event: 22.021 Thread 0x00007fd66801a000 DEOPT UNPACKING pc=0x00007fd650ab4e25 sp=0x00007fd66fc2b7c8 mode 2
Event: 22.021 Thread 0x00007fd66801a000 Uncommon trap: trap_request=0xffffffc6 fr.pc=0x00007fd6585aebf8 relative=0x00000000000000d8
Event: 22.021 Thread 0x00007fd66801a000 Uncommon trap: reason=bimorphic_or_optimized_type_check action=maybe_recompile pc=0x00007fd6585aebf8 method=java.lang.ThreadLocal.get()Ljava/lang/Object; @ 6 c2
Event: 22.021 Thread 0x00007fd66801a000 DEOPT PACKING pc=0x00007fd6585aebf8 sp=0x00007fd66fc2b810
Event: 22.021 Thread 0x00007fd66801a000 DEOPT UNPACKING pc=0x00007fd650ab4e25 sp=0x00007fd66fc2b7c8 mode 2

Classes unloaded (0 events):
No events

Classes redefined (0 events):
No events

Internal exceptions (5 events):
Event: 0.224 Thread 0x00007fd66801a000 Exception <a 'sun/nio/fs/UnixException'{0x000000008c8f3a10}> (0x000000008c8f3a10) 
thrown [open/src/hotspot/share/prims/jni.cpp, line 598]
Event: 1.438 Thread 0x00007fd66801a000 Exception <a 'java/lang/ClassNotFoundException'{0x000000008c562648}: sun/util/logging/resources/spi/loggingProvider> (0x000000008c562648) 
thrown [open/src/hotspot/share/classfile/systemDictionary.cpp, line 232]
Event: 1.639 Thread 0x00007fd5ec034800 Exception <a 'java/lang/ClassNotFoundException'{0x000000008c44b818}: sun/awt/resources/spi/awtProvider> (0x000000008c44b818) 
thrown [open/src/hotspot/share/classfile/systemDictionary.cpp, line 232]
Event: 1.649 Thread 0x00007fd5ec034800 Exception <a 'java/io/FileNotFoundException'{0x000000008c44f060}> (0x000000008c44f060) 
thrown [open/src/hotspot/share/prims/jni.cpp, line 598]
Event: 1.690 Thread 0x00007fd5ec034800 Exception <a 'java/io/FileNotFoundException'{0x000000008c475500}> (0x000000008c475500) 
thrown [open/src/hotspot/share/prims/jni.cpp, line 598]

Events (20 events):
Event: 1.671 loading class java/lang/invoke/BoundMethodHandle$Species_LLLLLLLL done
Event: 1.673 loading class java/lang/invoke/BoundMethodHandle$Species_LLLLLLLLL
Event: 1.673 loading class java/lang/invoke/BoundMethodHandle$Species_LLLLLLLLL done
Event: 3.545 Executing VM operation: RevokeBias
Event: 3.545 Executing VM operation: RevokeBias done
Event: 3.545 loading class org/jnativehook/mouse/NativeMouseListener
Event: 3.545 loading class org/jnativehook/mouse/NativeMouseListener done
Event: 4.328 loading class org/jnativehook/mouse/NativeMouseWheelListener
Event: 4.328 loading class org/jnativehook/mouse/NativeMouseWheelListener done
Event: 9.426 Loaded shared library /usr/lib/jvm/jdk-13.0.2/lib/server/libjvm.so
Event: 9.426 Loaded shared library /usr/lib/jvm/jdk-13.0.2/lib/server/libjvm.so
Event: 9.426 Loaded shared library /usr/lib/jvm/jdk-13.0.2/lib/server/libjvm.so
Event: 9.426 Loaded shared library /usr/lib/jvm/jdk-13.0.2/lib/server/libjvm.so
Event: 13.830 loading class org/jsfml/window/Mouse$Button
Event: 13.830 loading class org/jsfml/window/Mouse$Button done
Event: 22.022 Thread 0x00007fd66801a000 Thread exited: 0x00007fd66801a000
Event: 22.022 Protecting memory [0x00007fd66fb2c000,0x00007fd66fb30000] with protection modes 0
Event: 22.022 Thread 0x00007fd66801a000 Thread added: 0x00007fd66801a000
Event: 25.863 Executing VM operation: G1CollectForAllocation
Event: 25.877 Executing VM operation: G1CollectForAllocation done


Dynamic libraries:
00400000-00401000 r-xp 00000000 fd:00 13770859                           /usr/lib/jvm/jdk-13.0.2/bin/java
00401000-00402000 r--p 00000000 fd:00 13770859                           /usr/lib/jvm/jdk-13.0.2/bin/java
00402000-00403000 rw-p 00001000 fd:00 13770859                           /usr/lib/jvm/jdk-13.0.2/bin/java
0087e000-0089f000 rw-p 00000000 00:00 0                                  [heap]
84e00000-8ca00000 rw-p 00000000 00:00 0 
8ca00000-ffe00000 ---p 00000000 00:00 0 
ffe00000-ffe48000 rw-p 00b68000 fd:00 13896808                           /usr/lib/jvm/jdk-13.0.2/lib/server/classes.jsa
ffe48000-fff00000 rw-p 00000000 00:00 0 
fff00000-fff7a000 rw-p 00aee000 fd:00 13896808                           /usr/lib/jvm/jdk-13.0.2/lib/server/classes.jsa
fff7a000-100000000 rw-p 00000000 00:00 0 
800000000-800003000 rwxp 00001000 fd:00 13896808                         /usr/lib/jvm/jdk-13.0.2/lib/server/classes.jsa
800003000-8003d8000 rw-p 00004000 fd:00 13896808                         /usr/lib/jvm/jdk-13.0.2/lib/server/classes.jsa
8003d8000-800aec000 r--p 003d9000 fd:00 13896808                         /usr/lib/jvm/jdk-13.0.2/lib/server/classes.jsa
800aec000-800aed000 rw-p 00aed000 fd:00 13896808                         /usr/lib/jvm/jdk-13.0.2/lib/server/classes.jsa
800aed000-800b8d000 rw-p 00000000 00:00 0 
800b8d000-840aed000 ---p 00000000 00:00 0 
7fd5dc000000-7fd5dc021000 rw-p 00000000 00:00 0 
7fd5dc021000-7fd5e0000000 ---p 00000000 00:00 0 
7fd5e0000000-7fd5e0021000 rw-p 00000000 00:00 0 
7fd5e0021000-7fd5e4000000 ---p 00000000 00:00 0 
7fd5e4000000-7fd5e4021000 rw-p 00000000 00:00 0 
7fd5e4021000-7fd5e8000000 ---p 00000000 00:00 0 
7fd5e8000000-7fd5e8021000 rw-p 00000000 00:00 0 
7fd5e8021000-7fd5ec000000 ---p 00000000 00:00 0 
7fd5ec000000-7fd5ec03c000 rw-p 00000000 00:00 0 
7fd5ec03c000-7fd5f0000000 ---p 00000000 00:00 0 
7fd5f0000000-7fd5f0024000 rw-p 00000000 00:00 0 
7fd5f0024000-7fd5f4000000 ---p 00000000 00:00 0 
7fd5f7325000-7fd5f7334000 r-xp 00000000 fd:00 11017289                   /usr/lib/x86_64-linux-gnu/libXi.so.6.1.0
7fd5f7334000-7fd5f7533000 ---p 0000f000 fd:00 11017289                   /usr/lib/x86_64-linux-gnu/libXi.so.6.1.0
7fd5f7533000-7fd5f7534000 r--p 0000e000 fd:00 11017289                   /usr/lib/x86_64-linux-gnu/libXi.so.6.1.0
7fd5f7534000-7fd5f7535000 rw-p 0000f000 fd:00 11017289                   /usr/lib/x86_64-linux-gnu/libXi.so.6.1.0
7fd5f7535000-7fd5f7593000 r-xp 00000000 fd:00 13896766                   /usr/lib/jvm/jdk-13.0.2/lib/libawt_xawt.so
7fd5f7593000-7fd5f7594000 r--p 0005d000 fd:00 13896766                   /usr/lib/jvm/jdk-13.0.2/lib/libawt_xawt.so
7fd5f7594000-7fd5f7597000 rw-p 0005e000 fd:00 13896766                   /usr/lib/jvm/jdk-13.0.2/lib/libawt_xawt.so
7fd5f7597000-7fd5f7599000 rw-p 00000000 00:00 0 
7fd5f7599000-7fd5f763e000 r-xp 00000000 fd:00 13896764                   /usr/lib/jvm/jdk-13.0.2/lib/libawt.so
7fd5f763e000-7fd5f763f000 r--p 000a4000 fd:00 13896764                   /usr/lib/jvm/jdk-13.0.2/lib/libawt.so
7fd5f763f000-7fd5f764b000 rw-p 000a5000 fd:00 13896764                   /usr/lib/jvm/jdk-13.0.2/lib/libawt.so
7fd5f764b000-7fd5f7670000 rw-p 00000000 00:00 0 
7fd5f7670000-7fd5f7674000 ---p 00000000 00:00 0 
7fd5f7674000-7fd5f7771000 rw-p 00000000 00:00 0 
7fd5f7771000-7fd5f778c000 r-xp 00000000 fd:00 11410354                   /usr/local/lib/libxcb-xkb.so.1.0.0
7fd5f778c000-7fd5f798c000 ---p 0001b000 fd:00 11410354                   /usr/local/lib/libxcb-xkb.so.1.0.0
7fd5f798c000-7fd5f798d000 r--p 0001b000 fd:00 11410354                   /usr/local/lib/libxcb-xkb.so.1.0.0
7fd5f798d000-7fd5f798e000 rw-p 0001c000 fd:00 11410354                   /usr/local/lib/libxcb-xkb.so.1.0.0
7fd5f798e000-7fd5f7993000 r-xp 00000000 fd:00 11017307                   /usr/lib/x86_64-linux-gnu/libXtst.so.6.1.0
7fd5f7993000-7fd5f7b92000 ---p 00005000 fd:00 11017307                   /usr/lib/x86_64-linux-gnu/libXtst.so.6.1.0
7fd5f7b92000-7fd5f7b93000 r--p 00004000 fd:00 11017307                   /usr/lib/x86_64-linux-gnu/libXtst.so.6.1.0
7fd5f7b93000-7fd5f7b94000 rw-p 00005000 fd:00 11017307                   /usr/lib/x86_64-linux-gnu/libXtst.so.6.1.0
7fd5f7b94000-7fd5f7bf6000 r-xp 00000000 fd:00 11017305                   /usr/lib/x86_64-linux-gnu/libXt.so.6.0.0
7fd5f7bf6000-7fd5f7df6000 ---p 00062000 fd:00 11017305                   /usr/lib/x86_64-linux-gnu/libXt.so.6.0.0
7fd5f7df6000-7fd5f7df7000 r--p 00062000 fd:00 11017305                   /usr/lib/x86_64-linux-gnu/libXt.so.6.0.0
7fd5f7df7000-7fd5f7dfc000 rw-p 00063000 fd:00 11017305                   /usr/lib/x86_64-linux-gnu/libXt.so.6.0.0
7fd5f7dfc000-7fd5f7dfd000 rw-p 00000000 00:00 0 
7fd5f7dfd000-7fd5f7dff000 r-xp 00000000 fd:00 11017291                   /usr/lib/x86_64-linux-gnu/libXinerama.so.1.0.0
7fd5f7dff000-7fd5f7ffe000 ---p 00002000 fd:00 11017291                   /usr/lib/x86_64-linux-gnu/libXinerama.so.1.0.0
7fd5f7ffe000-7fd5f7fff000 r--p 00001000 fd:00 11017291                   /usr/lib/x86_64-linux-gnu/libXinerama.so.1.0.0
7fd5f7fff000-7fd5f8000000 rw-p 00002000 fd:00 11017291                   /usr/lib/x86_64-linux-gnu/libXinerama.so.1.0.0
7fd5f8000000-7fd5f8021000 rw-p 00000000 00:00 0 
7fd5f8021000-7fd5fc000000 ---p 00000000 00:00 0 
7fd5fc021000-7fd5fc025000 ---p 00000000 00:00 0 
7fd5fc025000-7fd5fc122000 rw-p 00000000 00:00 0 
7fd5fc122000-7fd5fc15f000 r-xp 00000000 fd:00 11018645                   /usr/lib/x86_64-linux-gnu/libxkbcommon.so.0.0.0
7fd5fc15f000-7fd5fc35e000 ---p 0003d000 fd:00 11018645                   /usr/lib/x86_64-linux-gnu/libxkbcommon.so.0.0.0
7fd5fc35e000-7fd5fc360000 r--p 0003c000 fd:00 11018645                   /usr/lib/x86_64-linux-gnu/libxkbcommon.so.0.0.0
7fd5fc360000-7fd5fc361000 rw-p 0003e000 fd:00 11018645                   /usr/lib/x86_64-linux-gnu/libxkbcommon.so.0.0.0
7fd5fc361000-7fd5fc368000 r-xp 00000000 fd:00 11018643                   /usr/lib/x86_64-linux-gnu/libxkbcommon-x11.so.0.0.0
7fd5fc368000-7fd5fc567000 ---p 00007000 fd:00 11018643                   /usr/lib/x86_64-linux-gnu/libxkbcommon-x11.so.0.0.0
7fd5fc567000-7fd5fc568000 r--p 00006000 fd:00 11018643                   /usr/lib/x86_64-linux-gnu/libxkbcommon-x11.so.0.0.0
7fd5fc568000-7fd5fc569000 rw-p 00007000 fd:00 11018643                   /usr/lib/x86_64-linux-gnu/libxkbcommon-x11.so.0.0.0
7fd5fc569000-7fd5fc575000 r-xp 00000000 fd:00 12756640                   /tmp/libJNativeHook-2.1.0.x86_64.so
7fd5fc575000-7fd5fc774000 ---p 0000c000 fd:00 12756640                   /tmp/libJNativeHook-2.1.0.x86_64.so
7fd5fc774000-7fd5fc775000 r--p 0000b000 fd:00 12756640                   /tmp/libJNativeHook-2.1.0.x86_64.so
7fd5fc775000-7fd5fc776000 rw-p 0000c000 fd:00 12756640                   /tmp/libJNativeHook-2.1.0.x86_64.so
7fd5fd821000-7fd5fd822000 ---p 00000000 00:00 0 
7fd5fd822000-7fd5fd923000 rw-p 00000000 00:00 0 
7fd5fd923000-7fd5fd924000 ---p 00000000 00:00 0 
7fd5fd924000-7fd5fda25000 rw-p 00000000 00:00 0 
7fd5fda25000-7fd5fda26000 ---p 00000000 00:00 0 
7fd5fda26000-7fd5fdb27000 rw-p 00000000 00:00 0 
7fd5fdb27000-7fd5fdb30000 r-xp 00000000 fd:00 11017275                   /usr/lib/x86_64-linux-gnu/libXcursor.so.1.0.2
7fd5fdb30000-7fd5fdd2f000 ---p 00009000 fd:00 11017275                   /usr/lib/x86_64-linux-gnu/libXcursor.so.1.0.2
7fd5fdd2f000-7fd5fdd30000 r--p 00008000 fd:00 11017275                   /usr/lib/x86_64-linux-gnu/libXcursor.so.1.0.2
7fd5fdd30000-7fd5fdd31000 rw-p 00009000 fd:00 11017275                   /usr/lib/x86_64-linux-gnu/libXcursor.so.1.0.2
7fd5fddff000-7fd5fde3f000 rw-s 00000000 fd:00 11281417                   /home/pck11800/#11281417 (deleted)
7fd5fde3f000-7fd5fde7f000 r-xs 00000000 fd:00 11281417                   /home/pck11800/#11281417 (deleted)
7fd5fde7f000-7fd5ff230000 rw-p 00000000 00:00 0 
7fd6005e1000-7fd6005e2000 ---p 00000000 00:00 0 
7fd6005e2000-7fd600de2000 rw-p 00000000 00:00 0 
7fd600f23000-7fd600f2b000 r-xp 00000000 fd:00 11018256                   /usr/lib/x86_64-linux-gnu/libpciaccess.so.0.11.1
7fd600f2b000-7fd60112a000 ---p 00008000 fd:00 11018256                   /usr/lib/x86_64-linux-gnu/libpciaccess.so.0.11.1
7fd60112a000-7fd60112b000 r--p 00007000 fd:00 11018256                   /usr/lib/x86_64-linux-gnu/libpciaccess.so.0.11.1
7fd60112b000-7fd60112c000 rw-p 00008000 fd:00 11018256                   /usr/lib/x86_64-linux-gnu/libpciaccess.so.0.11.1
7fd60112c000-7fd601133000 r-xp 00000000 fd:00 11017595                   /usr/lib/x86_64-linux-gnu/libdrm_nouveau.so.2.0.0
7fd601133000-7fd601332000 ---p 00007000 fd:00 11017595                   /usr/lib/x86_64-linux-gnu/libdrm_nouveau.so.2.0.0
7fd601332000-7fd601333000 r--p 00006000 fd:00 11017595                   /usr/lib/x86_64-linux-gnu/libdrm_nouveau.so.2.0.0
7fd601333000-7fd601334000 rw-p 00007000 fd:00 11017595                   /usr/lib/x86_64-linux-gnu/libdrm_nouveau.so.2.0.0
7fd601334000-7fd60133f000 r-xp 00000000 fd:00 11017597                   /usr/lib/x86_64-linux-gnu/libdrm_radeon.so.1.0.1
7fd60133f000-7fd60153e000 ---p 0000b000 fd:00 11017597                   /usr/lib/x86_64-linux-gnu/libdrm_radeon.so.1.0.1
7fd60153e000-7fd60153f000 r--p 0000a000 fd:00 11017597                   /usr/lib/x86_64-linux-gnu/libdrm_radeon.so.1.0.1
7fd60153f000-7fd601540000 rw-p 0000b000 fd:00 11017597                   /usr/lib/x86_64-linux-gnu/libdrm_radeon.so.1.0.1
7fd601540000-7fd601562000 r-xp 00000000 fd:00 11017593                   /usr/lib/x86_64-linux-gnu/libdrm_intel.so.1.0.0
7fd601562000-7fd601761000 ---p 00022000 fd:00 11017593                   /usr/lib/x86_64-linux-gnu/libdrm_intel.so.1.0.0
7fd601761000-7fd601762000 r--p 00021000 fd:00 11017593                   /usr/lib/x86_64-linux-gnu/libdrm_intel.so.1.0.0
7fd601762000-7fd601763000 rw-p 00022000 fd:00 11017593                   /usr/lib/x86_64-linux-gnu/libdrm_intel.so.1.0.0
7fd601763000-7fd6020f6000 r-xp 00000000 fd:00 11275629                   /usr/lib/x86_64-linux-gnu/dri/i965_dri.so
7fd6020f6000-7fd6022f5000 ---p 00993000 fd:00 11275629                   /usr/lib/x86_64-linux-gnu/dri/i965_dri.so
7fd6022f5000-7fd60235c000 r--p 00992000 fd:00 11275629                   /usr/lib/x86_64-linux-gnu/dri/i965_dri.so
7fd60235c000-7fd602368000 rw-p 009f9000 fd:00 11275629                   /usr/lib/x86_64-linux-gnu/dri/i965_dri.so
7fd602368000-7fd60241a000 rw-p 00000000 00:00 0 
7fd60241a000-7fd602449000 r-xp 00000000 fd:00 267182                     /lib/x86_64-linux-gnu/libexpat.so.1.6.7
7fd602449000-7fd602649000 ---p 0002f000 fd:00 267182                     /lib/x86_64-linux-gnu/libexpat.so.1.6.7
7fd602649000-7fd60264b000 r--p 0002f000 fd:00 267182                     /lib/x86_64-linux-gnu/libexpat.so.1.6.7
7fd60264b000-7fd60264c000 rw-p 00031000 fd:00 267182                     /lib/x86_64-linux-gnu/libexpat.so.1.6.7
7fd60264c000-7fd60264d000 r-xp 00000000 fd:00 11018661                   /usr/lib/x86_64-linux-gnu/libxshmfence.so.1.0.0
7fd60264d000-7fd60284c000 ---p 00001000 fd:00 11018661                   /usr/lib/x86_64-linux-gnu/libxshmfence.so.1.0.0
7fd60284c000-7fd60284d000 r--p 00000000 fd:00 11018661                   /usr/lib/x86_64-linux-gnu/libxshmfence.so.1.0.0
7fd60284d000-7fd60284e000 rw-p 00001000 fd:00 11018661                   /usr/lib/x86_64-linux-gnu/libxshmfence.so.1.0.0
7fd60284e000-7fd602853000 r-xp 00000000 fd:00 11410334                   /usr/local/lib/libxcb-sync.so.1.0.0
7fd602853000-7fd602a53000 ---p 00005000 fd:00 11410334                   /usr/local/lib/libxcb-sync.so.1.0.0
7fd602a53000-7fd602a54000 r--p 00005000 fd:00 11410334                   /usr/local/lib/libxcb-sync.so.1.0.0
7fd602a54000-7fd602a55000 rw-p 00006000 fd:00 11410334                   /usr/local/lib/libxcb-sync.so.1.0.0
7fd602a55000-7fd602a57000 r-xp 00000000 fd:00 11410298                   /usr/local/lib/libxcb-present.so.0.0.0
7fd602a57000-7fd602c56000 ---p 00002000 fd:00 11410298                   /usr/local/lib/libxcb-present.so.0.0.0
7fd602c56000-7fd602c57000 r--p 00001000 fd:00 11410298                   /usr/local/lib/libxcb-present.so.0.0.0
7fd602c57000-7fd602c58000 rw-p 00002000 fd:00 11410298                   /usr/local/lib/libxcb-present.so.0.0.0
7fd602c58000-7fd602c5b000 r-xp 00000000 fd:00 11410294                   /usr/local/lib/libxcb-dri3.so.0.0.0
7fd602c5b000-7fd602e5a000 ---p 00003000 fd:00 11410294                   /usr/local/lib/libxcb-dri3.so.0.0.0
7fd602e5a000-7fd602e5b000 r--p 00002000 fd:00 11410294                   /usr/local/lib/libxcb-dri3.so.0.0.0
7fd602e5b000-7fd602e5c000 rw-p 00003000 fd:00 11410294                   /usr/local/lib/libxcb-dri3.so.0.0.0
7fd602e5c000-7fd602e61000 r-xp 00000000 fd:00 11017317                   /usr/lib/x86_64-linux-gnu/libXxf86vm.so.1.0.0
7fd602e61000-7fd603060000 ---p 00005000 fd:00 11017317                   /usr/lib/x86_64-linux-gnu/libXxf86vm.so.1.0.0
7fd603060000-7fd603061000 r--p 00004000 fd:00 11017317                   /usr/lib/x86_64-linux-gnu/libXxf86vm.so.1.0.0
7fd603061000-7fd603062000 rw-p 00005000 fd:00 11017317                   /usr/lib/x86_64-linux-gnu/libXxf86vm.so.1.0.0
7fd603062000-7fd603064000 r-xp 00000000 fd:00 11017277                   /usr/lib/x86_64-linux-gnu/libXdamage.so.1.1.0
7fd603064000-7fd603263000 ---p 00002000 fd:00 11017277                   /usr/lib/x86_64-linux-gnu/libXdamage.so.1.1.0
7fd603263000-7fd603264000 r--p 00001000 fd:00 11017277                   /usr/lib/x86_64-linux-gnu/libXdamage.so.1.1.0
7fd603264000-7fd603265000 rw-p 00002000 fd:00 11017277                   /usr/lib/x86_64-linux-gnu/libXdamage.so.1.1.0
7fd603265000-7fd60326a000 r-xp 00000000 fd:00 11017283                   /usr/lib/x86_64-linux-gnu/libXfixes.so.3.1.0
7fd60326a000-7fd603469000 ---p 00005000 fd:00 11017283                   /usr/lib/x86_64-linux-gnu/libXfixes.so.3.1.0
7fd603469000-7fd60346a000 r--p 00004000 fd:00 11017283                   /usr/lib/x86_64-linux-gnu/libXfixes.so.3.1.0
7fd60346a000-7fd60346b000 rw-p 00005000 fd:00 11017283                   /usr/lib/x86_64-linux-gnu/libXfixes.so.3.1.0
7fd60346b000-7fd60346f000 r-xp 00000000 fd:00 11410290                   /usr/local/lib/libxcb-dri2.so.0.0.0
7fd60346f000-7fd60366e000 ---p 00004000 fd:00 11410290                   /usr/local/lib/libxcb-dri2.so.0.0.0
7fd60366e000-7fd60366f000 r--p 00003000 fd:00 11410290                   /usr/local/lib/libxcb-dri2.so.0.0.0
7fd60366f000-7fd603670000 rw-p 00004000 fd:00 11410290                   /usr/local/lib/libxcb-dri2.so.0.0.0
7fd603670000-7fd603671000 r-xp 00000000 fd:00 11017262                   /usr/lib/x86_64-linux-gnu/libX11-xcb.so.1.0.0
7fd603671000-7fd603870000 ---p 00001000 fd:00 11017262                   /usr/lib/x86_64-linux-gnu/libX11-xcb.so.1.0.0
7fd603870000-7fd603871000 r--p 00000000 fd:00 11017262                   /usr/lib/x86_64-linux-gnu/libX11-xcb.so.1.0.0
7fd603871000-7fd603872000 rw-p 00001000 fd:00 11017262                   /usr/lib/x86_64-linux-gnu/libX11-xcb.so.1.0.0
7fd603872000-7fd60388a000 r-xp 00000000 fd:00 11410302                   /usr/local/lib/libxcb-glx.so.0.0.0
7fd60388a000-7fd603a8a000 ---p 00018000 fd:00 11410302                   /usr/local/lib/libxcb-glx.so.0.0.0
7fd603a8a000-7fd603a8c000 r--p 00018000 fd:00 11410302                   /usr/local/lib/libxcb-glx.so.0.0.0
7fd603a8c000-7fd603a8d000 rw-p 0001a000 fd:00 11410302                   /usr/local/lib/libxcb-glx.so.0.0.0
7fd603a8d000-7fd603a9d000 r-xp 00000000 fd:00 11017589                   /usr/lib/x86_64-linux-gnu/libdrm.so.2.4.0
7fd603a9d000-7fd603c9c000 ---p 00010000 fd:00 11017589                   /usr/lib/x86_64-linux-gnu/libdrm.so.2.4.0
7fd603c9c000-7fd603c9d000 r--p 0000f000 fd:00 11017589                   /usr/lib/x86_64-linux-gnu/libdrm.so.2.4.0
7fd603c9d000-7fd603c9e000 rw-p 00010000 fd:00 11017589                   /usr/lib/x86_64-linux-gnu/libdrm.so.2.4.0
7fd603c9e000-7fd603cca000 r-xp 00000000 fd:00 11017790                   /usr/lib/x86_64-linux-gnu/libglapi.so.0.0.0
7fd603cca000-7fd603eca000 ---p 0002c000 fd:00 11017790                   /usr/lib/x86_64-linux-gnu/libglapi.so.0.0.0
7fd603eca000-7fd603ece000 r--p 0002c000 fd:00 11017790                   /usr/lib/x86_64-linux-gnu/libglapi.so.0.0.0
7fd603ece000-7fd603ecf000 rw-p 00030000 fd:00 11017790                   /usr/lib/x86_64-linux-gnu/libglapi.so.0.0.0
7fd603ecf000-7fd603ed0000 rw-p 00000000 00:00 0 
7fd603ed0000-7fd603f43000 r-xp 00000000 fd:00 11017213                   /usr/lib/x86_64-linux-gnu/libGLX_mesa.so.0.0.0
7fd603f43000-7fd604142000 ---p 00073000 fd:00 11017213                   /usr/lib/x86_64-linux-gnu/libGLX_mesa.so.0.0.0
7fd604142000-7fd604145000 r--p 00072000 fd:00 11017213                   /usr/lib/x86_64-linux-gnu/libGLX_mesa.so.0.0.0
7fd604145000-7fd604146000 rw-p 00075000 fd:00 11017213                   /usr/lib/x86_64-linux-gnu/libGLX_mesa.so.0.0.0
7fd604146000-7fd604147000 rw-p 00000000 00:00 0 
7fd604147000-7fd60416a000 r-xp 00000000 fd:00 12854493                   /home/pck11800/.jsfml/linux_x64/libjsfml.so
7fd60416a000-7fd60436a000 ---p 00023000 fd:00 12854493                   /home/pck11800/.jsfml/linux_x64/libjsfml.so
7fd60436a000-7fd60436c000 rw-p 00023000 fd:00 12854493                   /home/pck11800/.jsfml/linux_x64/libjsfml.so
7fd60436c000-7fd60446b000 r-xp 00000000 fd:00 11017346                   /usr/lib/x86_64-linux-gnu/libasound.so.2.0.0
7fd60446b000-7fd60466b000 ---p 000ff000 fd:00 11017346                   /usr/lib/x86_64-linux-gnu/libasound.so.2.0.0
7fd60466b000-7fd604672000 r--p 000ff000 fd:00 11017346                   /usr/lib/x86_64-linux-gnu/libasound.so.2.0.0
7fd604672000-7fd604673000 rw-p 00106000 fd:00 11017346                   /usr/lib/x86_64-linux-gnu/libasound.so.2.0.0
7fd604673000-7fd604700000 r-xp 00000000 fd:00 11018547                   /usr/lib/x86_64-linux-gnu/libvorbisenc.so.2.0.11
7fd604700000-7fd6048ff000 ---p 0008d000 fd:00 11018547                   /usr/lib/x86_64-linux-gnu/libvorbisenc.so.2.0.11
7fd6048ff000-7fd60491b000 r--p 0008c000 fd:00 11018547                   /usr/lib/x86_64-linux-gnu/libvorbisenc.so.2.0.11
7fd60491b000-7fd60491c000 rw-p 000a8000 fd:00 11018547                   /usr/lib/x86_64-linux-gnu/libvorbisenc.so.2.0.11
7fd60491c000-7fd604946000 r-xp 00000000 fd:00 11018545                   /usr/lib/x86_64-linux-gnu/libvorbis.so.0.4.8
7fd604946000-7fd604b45000 ---p 0002a000 fd:00 11018545                   /usr/lib/x86_64-linux-gnu/libvorbis.so.0.4.8
7fd604b45000-7fd604b46000 r--p 00029000 fd:00 11018545                   /usr/lib/x86_64-linux-gnu/libvorbis.so.0.4.8
7fd604b46000-7fd604b47000 rw-p 0002a000 fd:00 11018545                   /usr/lib/x86_64-linux-gnu/libvorbis.so.0.4.8
7fd604b47000-7fd604b4e000 r-xp 00000000 fd:00 11018205                   /usr/lib/x86_64-linux-gnu/libogg.so.0.8.2
7fd604b4e000-7fd604d4e000 ---p 00007000 fd:00 11018205                   /usr/lib/x86_64-linux-gnu/libogg.so.0.8.2
7fd604d4e000-7fd604d4f000 r--p 00007000 fd:00 11018205                   /usr/lib/x86_64-linux-gnu/libogg.so.0.8.2
7fd604d4f000-7fd604d50000 rw-p 00008000 fd:00 11018205                   /usr/lib/x86_64-linux-gnu/libogg.so.0.8.2
7fd604d50000-7fd604dc5000 r-xp 00000000 fd:00 11017202                   /usr/lib/x86_64-linux-gnu/libFLAC.so.8.3.0
7fd604dc5000-7fd604fc5000 ---p 00075000 fd:00 11017202                   /usr/lib/x86_64-linux-gnu/libFLAC.so.8.3.0
7fd604fc5000-7fd604fc6000 r--p 00075000 fd:00 11017202                   /usr/lib/x86_64-linux-gnu/libFLAC.so.8.3.0
7fd604fc6000-7fd604fc7000 rw-p 00076000 fd:00 11017202                   /usr/lib/x86_64-linux-gnu/libFLAC.so.8.3.0
7fd604fc7000-7fd604fd3000 r-xp 00000000 fd:00 11018410                   /usr/lib/x86_64-linux-gnu/libsndio.so.6.1
7fd604fd3000-7fd6051d3000 ---p 0000c000 fd:00 11018410                   /usr/lib/x86_64-linux-gnu/libsndio.so.6.1
7fd6051d3000-7fd6051d4000 r--p 0000c000 fd:00 11018410                   /usr/lib/x86_64-linux-gnu/libsndio.so.6.1
7fd6051d4000-7fd6051d5000 rw-p 0000d000 fd:00 11018410                   /usr/lib/x86_64-linux-gnu/libsndio.so.6.1
7fd6051d5000-7fd6051d7000 rw-p 00000000 00:00 0 
7fd6051d7000-7fd60524b000 r-xp 00000000 fd:00 11018409                   /usr/lib/x86_64-linux-gnu/libsndfile.so.1.0.28
7fd60524b000-7fd60544a000 ---p 00074000 fd:00 11018409                   /usr/lib/x86_64-linux-gnu/libsndfile.so.1.0.28
7fd60544a000-7fd60544d000 r--p 00073000 fd:00 11018409                   /usr/lib/x86_64-linux-gnu/libsndfile.so.1.0.28
7fd60544d000-7fd60544e000 rw-p 00076000 fd:00 11018409                   /usr/lib/x86_64-linux-gnu/libsndfile.so.1.0.28
7fd60544e000-7fd605450000 rw-p 00000000 00:00 0 
7fd605450000-7fd6054eb000 r-xp 00000000 fd:00 11018208                   /usr/lib/x86_64-linux-gnu/libopenal.so.1.18.2
7fd6054eb000-7fd6056ea000 ---p 0009b000 fd:00 11018208                   /usr/lib/x86_64-linux-gnu/libopenal.so.1.18.2
7fd6056ea000-7fd6056ee000 r--p 0009a000 fd:00 11018208                   /usr/lib/x86_64-linux-gnu/libopenal.so.1.18.2
7fd6056ee000-7fd6056ef000 rw-p 0009e000 fd:00 11018208                   /usr/lib/x86_64-linux-gnu/libopenal.so.1.18.2
7fd6056ef000-7fd6056fe000 r-xp 00000000 fd:00 12854491                   /home/pck11800/.jsfml/linux_x64/libsfml-audio.so
7fd6056fe000-7fd6058fe000 ---p 0000f000 fd:00 12854491                   /home/pck11800/.jsfml/linux_x64/libsfml-audio.so
7fd6058fe000-7fd6058ff000 rw-p 0000f000 fd:00 12854491                   /home/pck11800/.jsfml/linux_x64/libsfml-audio.so
7fd6058ff000-7fd605905000 r-xp 00000000 fd:00 267322                     /lib/x86_64-linux-gnu/libuuid.so.1.3.0
7fd605905000-7fd605b04000 ---p 00006000 fd:00 267322                     /lib/x86_64-linux-gnu/libuuid.so.1.3.0
7fd605b04000-7fd605b05000 r--p 00005000 fd:00 267322                     /lib/x86_64-linux-gnu/libuuid.so.1.3.0
7fd605b05000-7fd605b06000 rw-p 00006000 fd:00 267322                     /lib/x86_64-linux-gnu/libuuid.so.1.3.0
7fd605b06000-7fd605b37000 r-xp 00000000 fd:00 11018282                   /usr/lib/x86_64-linux-gnu/libpng16.so.16.34.0
7fd605b37000-7fd605d36000 ---p 00031000 fd:00 11018282                   /usr/lib/x86_64-linux-gnu/libpng16.so.16.34.0
7fd605d36000-7fd605d37000 r--p 00030000 fd:00 11018282                   /usr/lib/x86_64-linux-gnu/libpng16.so.16.34.0
7fd605d37000-7fd605d38000 rw-p 00031000 fd:00 11018282                   /usr/lib/x86_64-linux-gnu/libpng16.so.16.34.0
7fd605d38000-7fd605d4f000 r-xp 00000000 fd:00 11017221                   /usr/lib/x86_64-linux-gnu/libICE.so.6.3.0
7fd605d4f000-7fd605f4e000 ---p 00017000 fd:00 11017221                   /usr/lib/x86_64-linux-gnu/libICE.so.6.3.0
7fd605f4e000-7fd605f4f000 r--p 00016000 fd:00 11017221                   /usr/lib/x86_64-linux-gnu/libICE.so.6.3.0
7fd605f4f000-7fd605f50000 rw-p 00017000 fd:00 11017221                   /usr/lib/x86_64-linux-gnu/libICE.so.6.3.0
7fd605f50000-7fd605f53000 rw-p 00000000 00:00 0 
7fd605f53000-7fd605f5a000 r-xp 00000000 fd:00 11017260                   /usr/lib/x86_64-linux-gnu/libSM.so.6.0.1
7fd605f5a000-7fd606159000 ---p 00007000 fd:00 11017260                   /usr/lib/x86_64-linux-gnu/libSM.so.6.0.1
7fd606159000-7fd60615a000 r--p 00006000 fd:00 11017260                   /usr/lib/x86_64-linux-gnu/libSM.so.6.0.1
7fd60615a000-7fd60615b000 rw-p 00007000 fd:00 11017260                   /usr/lib/x86_64-linux-gnu/libSM.so.6.0.1
7fd60615b000-7fd606208000 r-xp 00000000 fd:00 11017724                   /usr/lib/x86_64-linux-gnu/libfreetype.so.6.15.0
7fd606208000-7fd606407000 ---p 000ad000 fd:00 11017724                   /usr/lib/x86_64-linux-gnu/libfreetype.so.6.15.0
7fd606407000-7fd60640e000 r--p 000ac000 fd:00 11017724                   /usr/lib/x86_64-linux-gnu/libfreetype.so.6.15.0
7fd60640e000-7fd60640f000 rw-p 000b3000 fd:00 11017724                   /usr/lib/x86_64-linux-gnu/libfreetype.so.6.15.0
7fd60640f000-7fd6064dc000 r-xp 00000000 fd:00 12854489                   /home/pck11800/.jsfml/linux_x64/libsfml-graphics.so
7fd6064dc000-7fd6066db000 ---p 000cd000 fd:00 12854489                   /home/pck11800/.jsfml/linux_x64/libsfml-graphics.so
7fd6066db000-7fd6066e3000 rw-p 000cc000 fd:00 12854489                   /home/pck11800/.jsfml/linux_x64/libsfml-graphics.so
7fd6066e3000-7fd6066e7000 rw-p 00000000 00:00 0 
7fd6066e7000-7fd6066fa000 r-xp 00000000 fd:00 267148                     /lib/x86_64-linux-gnu/libbsd.so.0.8.7
7fd6066fa000-7fd6068f9000 ---p 00013000 fd:00 267148                     /lib/x86_64-linux-gnu/libbsd.so.0.8.7
7fd6068f9000-7fd6068fa000 r--p 00012000 fd:00 267148                     /lib/x86_64-linux-gnu/libbsd.so.0.8.7
7fd6068fa000-7fd6068fb000 rw-p 00013000 fd:00 267148                     /lib/x86_64-linux-gnu/libbsd.so.0.8.7
7fd6068fb000-7fd6068fc000 rw-p 00000000 00:00 0 
7fd6068fc000-7fd606901000 r-xp 00000000 fd:00 11017279                   /usr/lib/x86_64-linux-gnu/libXdmcp.so.6.0.0
7fd606901000-7fd606b00000 ---p 00005000 fd:00 11017279                   /usr/lib/x86_64-linux-gnu/libXdmcp.so.6.0.0
7fd606b00000-7fd606b01000 r--p 00004000 fd:00 11017279                   /usr/lib/x86_64-linux-gnu/libXdmcp.so.6.0.0
7fd606b01000-7fd606b02000 rw-p 00005000 fd:00 11017279                   /usr/lib/x86_64-linux-gnu/libXdmcp.so.6.0.0
7fd606b02000-7fd606b04000 r-xp 00000000 fd:00 11017268                   /usr/lib/x86_64-linux-gnu/libXau.so.6.0.0
7fd606b04000-7fd606d04000 ---p 00002000 fd:00 11017268                   /usr/lib/x86_64-linux-gnu/libXau.so.6.0.0
7fd606d04000-7fd606d05000 r--p 00002000 fd:00 11017268                   /usr/lib/x86_64-linux-gnu/libXau.so.6.0.0
7fd606d05000-7fd606d06000 rw-p 00003000 fd:00 11017268                   /usr/lib/x86_64-linux-gnu/libXau.so.6.0.0
7fd606d06000-7fd606d0f000 r-xp 00000000 fd:00 11017301                   /usr/lib/x86_64-linux-gnu/libXrender.so.1.3.0
7fd606d0f000-7fd606f0e000 ---p 00009000 fd:00 11017301                   /usr/lib/x86_64-linux-gnu/libXrender.so.1.3.0
7fd606f0e000-7fd606f0f000 r--p 00008000 fd:00 11017301                   /usr/lib/x86_64-linux-gnu/libXrender.so.1.3.0
7fd606f0f000-7fd606f10000 rw-p 00009000 fd:00 11017301                   /usr/lib/x86_64-linux-gnu/libXrender.so.1.3.0
7fd606f10000-7fd606f21000 r-xp 00000000 fd:00 11017281                   /usr/lib/x86_64-linux-gnu/libXext.so.6.4.0
7fd606f21000-7fd607120000 ---p 00011000 fd:00 11017281                   /usr/lib/x86_64-linux-gnu/libXext.so.6.4.0
7fd607120000-7fd607121000 r--p 00010000 fd:00 11017281                   /usr/lib/x86_64-linux-gnu/libXext.so.6.4.0
7fd607121000-7fd607122000 rw-p 00011000 fd:00 11017281                   /usr/lib/x86_64-linux-gnu/libXext.so.6.4.0
7fd607122000-7fd607149000 r-xp 00000000 fd:00 11405594                   /usr/local/lib/libxcb.so.1.1.0
7fd607149000-7fd607348000 ---p 00027000 fd:00 11405594                   /usr/local/lib/libxcb.so.1.1.0
7fd607348000-7fd607349000 r--p 00026000 fd:00 11405594                   /usr/local/lib/libxcb.so.1.1.0
7fd607349000-7fd60734a000 rw-p 00027000 fd:00 11405594                   /usr/local/lib/libxcb.so.1.1.0
7fd60734a000-7fd6073b8000 r-xp 00000000 fd:00 11017215                   /usr/lib/x86_64-linux-gnu/libGLdispatch.so.0.0.0
7fd6073b8000-7fd6075b7000 ---p 0006e000 fd:00 11017215                   /usr/lib/x86_64-linux-gnu/libGLdispatch.so.0.0.0
7fd6075b7000-7fd6075df000 r--p 0006d000 fd:00 11017215                   /usr/lib/x86_64-linux-gnu/libGLdispatch.so.0.0.0
7fd6075df000-7fd6075e0000 rw-p 00095000 fd:00 11017215                   /usr/lib/x86_64-linux-gnu/libGLdispatch.so.0.0.0
7fd6075e0000-7fd607600000 rw-p 00000000 00:00 0 
7fd607600000-7fd607610000 r-xp 00000000 fd:00 11017210                   /usr/lib/x86_64-linux-gnu/libGLX.so.0.0.0
7fd607610000-7fd60780f000 ---p 00010000 fd:00 11017210                   /usr/lib/x86_64-linux-gnu/libGLX.so.0.0.0
7fd60780f000-7fd607810000 r--p 0000f000 fd:00 11017210                   /usr/lib/x86_64-linux-gnu/libGLX.so.0.0.0
7fd607810000-7fd607811000 rw-p 00010000 fd:00 11017210                   /usr/lib/x86_64-linux-gnu/libGLX.so.0.0.0
7fd607811000-7fd607831000 rw-p 00000000 00:00 0 
7fd607831000-7fd60783b000 r-xp 00000000 fd:00 11017299                   /usr/lib/x86_64-linux-gnu/libXrandr.so.2.2.0
7fd60783b000-7fd607a3a000 ---p 0000a000 fd:00 11017299                   /usr/lib/x86_64-linux-gnu/libXrandr.so.2.2.0
7fd607a3a000-7fd607a3b000 r--p 00009000 fd:00 11017299                   /usr/lib/x86_64-linux-gnu/libXrandr.so.2.2.0
7fd607a3b000-7fd607a3c000 rw-p 0000a000 fd:00 11017299                   /usr/lib/x86_64-linux-gnu/libXrandr.so.2.2.0
7fd607a3c000-7fd607b6f000 r-xp 00000000 fd:00 11017264                   /usr/lib/x86_64-linux-gnu/libX11.so.6.3.0
7fd607b6f000-7fd607d6f000 ---p 00133000 fd:00 11017264                   /usr/lib/x86_64-linux-gnu/libX11.so.6.3.0
7fd607d6f000-7fd607d70000 r--p 00133000 fd:00 11017264                   /usr/lib/x86_64-linux-gnu/libX11.so.6.3.0
7fd607d70000-7fd607d74000 rw-p 00134000 fd:00 11017264                   /usr/lib/x86_64-linux-gnu/libX11.so.6.3.0
7fd607d74000-7fd607de5000 r-xp 00000000 fd:00 11017204                   /usr/lib/x86_64-linux-gnu/libGL.so.1.0.0
7fd607de5000-7fd607fe4000 ---p 00071000 fd:00 11017204                   /usr/lib/x86_64-linux-gnu/libGL.so.1.0.0
7fd607fe4000-7fd607ffe000 r--p 00070000 fd:00 11017204                   /usr/lib/x86_64-linux-gnu/libGL.so.1.0.0
7fd607ffe000-7fd607fff000 rw-p 0008a000 fd:00 11017204                   /usr/lib/x86_64-linux-gnu/libGL.so.1.0.0
7fd607fff000-7fd608000000 rw-p 00000000 00:00 0 
7fd608000000-7fd608021000 rw-p 00000000 00:00 0 
7fd608021000-7fd60c000000 ---p 00000000 00:00 0 
7fd60c000000-7fd60c021000 rw-p 00000000 00:00 0 
7fd60c021000-7fd610000000 ---p 00000000 00:00 0 
7fd610000000-7fd610021000 rw-p 00000000 00:00 0 
7fd610021000-7fd614000000 ---p 00000000 00:00 0 
7fd614000000-7fd614021000 rw-p 00000000 00:00 0 
7fd614021000-7fd618000000 ---p 00000000 00:00 0 
7fd618000000-7fd618468000 rw-p 00000000 00:00 0 
7fd618468000-7fd61c000000 ---p 00000000 00:00 0 
7fd61c000000-7fd61c021000 rw-p 00000000 00:00 0 
7fd61c021000-7fd620000000 ---p 00000000 00:00 0 
7fd620000000-7fd620021000 rw-p 00000000 00:00 0 
7fd620021000-7fd624000000 ---p 00000000 00:00 0 
7fd624000000-7fd627ac4000 rw-p 00000000 00:00 0 
7fd627ac4000-7fd628000000 ---p 00000000 00:00 0 
7fd628000000-7fd628021000 rw-p 00000000 00:00 0 
7fd628021000-7fd62c000000 ---p 00000000 00:00 0 
7fd62c000000-7fd62c021000 rw-p 00000000 00:00 0 
7fd62c021000-7fd630000000 ---p 00000000 00:00 0 
7fd630000000-7fd630021000 rw-p 00000000 00:00 0 
7fd630021000-7fd634000000 ---p 00000000 00:00 0 
7fd634000000-7fd634021000 rw-p 00000000 00:00 0 
7fd634021000-7fd638000000 ---p 00000000 00:00 0 
7fd638000000-7fd638021000 rw-p 00000000 00:00 0 
7fd638021000-7fd63c000000 ---p 00000000 00:00 0 
7fd63c00a000-7fd63c014000 rw-s 00000000 00:19 1337                       /i915 (deleted)
7fd63c034000-7fd63c03c000 rw-s 00000000 00:19 1308                       /i915 (deleted)
7fd63c03c000-7fd63c040000 ---p 00000000 00:00 0 
7fd63c040000-7fd63c13d000 rw-p 00000000 00:00 0 
7fd63c13d000-7fd63c151000 r-xp 00000000 fd:00 12854487                   /home/pck11800/.jsfml/linux_x64/libsfml-window.so
7fd63c151000-7fd63c351000 ---p 00014000 fd:00 12854487                   /home/pck11800/.jsfml/linux_x64/libsfml-window.so
7fd63c351000-7fd63c352000 rw-p 00014000 fd:00 12854487                   /home/pck11800/.jsfml/linux_x64/libsfml-window.so
7fd63c352000-7fd63c353000 rw-p 00000000 00:00 0 
7fd63c353000-7fd63c36a000 r-xp 00000000 fd:00 267189                     /lib/x86_64-linux-gnu/libgcc_s.so.1
7fd63c36a000-7fd63c569000 ---p 00017000 fd:00 267189                     /lib/x86_64-linux-gnu/libgcc_s.so.1
7fd63c569000-7fd63c56a000 r--p 00016000 fd:00 267189                     /lib/x86_64-linux-gnu/libgcc_s.so.1
7fd63c56a000-7fd63c56b000 rw-p 00017000 fd:00 267189                     /lib/x86_64-linux-gnu/libgcc_s.so.1
7fd63c56b000-7fd63c6e4000 r-xp 00000000 fd:00 11018443                   /usr/lib/x86_64-linux-gnu/libstdc++.so.6.0.25
7fd63c6e4000-7fd63c8e4000 ---p 00179000 fd:00 11018443                   /usr/lib/x86_64-linux-gnu/libstdc++.so.6.0.25
7fd63c8e4000-7fd63c8ee000 r--p 00179000 fd:00 11018443                   /usr/lib/x86_64-linux-gnu/libstdc++.so.6.0.25
7fd63c8ee000-7fd63c8f0000 rw-p 00183000 fd:00 11018443                   /usr/lib/x86_64-linux-gnu/libstdc++.so.6.0.25
7fd63c8f0000-7fd63c8f4000 rw-p 00000000 00:00 0 
7fd63c8f7000-7fd63c8fb000 rw-s 00000000 00:19 1312                       /i915 (deleted)
7fd63c8fb000-7fd63c905000 rw-s 00000000 00:19 1306                       /i915 (deleted)
7fd63c90d000-7fd63c916000 r-xp 00000000 fd:00 12854485                   /home/pck11800/.jsfml/linux_x64/libsfml-system.so
7fd63c916000-7fd63cb16000 ---p 00009000 fd:00 12854485                   /home/pck11800/.jsfml/linux_x64/libsfml-system.so
7fd63cb16000-7fd63cb17000 rw-p 00009000 fd:00 12854485                   /home/pck11800/.jsfml/linux_x64/libsfml-system.so
7fd63cb17000-7fd63cb18000 ---p 00000000 00:00 0 
7fd63cb18000-7fd63cc19000 rw-p 00000000 00:00 0 
7fd63cc19000-7fd63cc1d000 ---p 00000000 00:00 0 
7fd63cc1d000-7fd63cd1a000 rw-p 00000000 00:00 0 
7fd63cd1a000-7fd63cd1e000 ---p 00000000 00:00 0 
7fd63cd1e000-7fd63ce1b000 rw-p 00000000 00:00 0 
7fd63ce1b000-7fd63ce1f000 ---p 00000000 00:00 0 
7fd63ce1f000-7fd63cf1c000 rw-p 00000000 00:00 0 
7fd63cf1c000-7fd63cf20000 ---p 00000000 00:00 0 
7fd63cf20000-7fd63d01d000 rw-p 00000000 00:00 0 
7fd63d01d000-7fd63d021000 ---p 00000000 00:00 0 
7fd63d021000-7fd63d11e000 rw-p 00000000 00:00 0 
7fd63d11e000-7fd63d122000 ---p 00000000 00:00 0 
7fd63d122000-7fd63d21f000 rw-p 00000000 00:00 0 
7fd63d21f000-7fd63d223000 ---p 00000000 00:00 0 
7fd63d223000-7fd63d320000 rw-p 00000000 00:00 0 
7fd63d320000-7fd63d5fe000 r--p 00000000 fd:00 11016171                   /usr/lib/locale/locale-archive
7fd63d5fe000-7fd63d602000 ---p 00000000 00:00 0 
7fd63d602000-7fd63d6ff000 rw-p 00000000 00:00 0 
7fd63d6ff000-7fd63d703000 ---p 00000000 00:00 0 
7fd63d703000-7fd63dcc0000 rw-p 00000000 00:00 0 
7fd63dcc0000-7fd63e000000 ---p 00000000 00:00 0 
7fd63e000000-7fd640000000 rw-p 00000000 00:00 0 
7fd640000000-7fd640021000 rw-p 00000000 00:00 0 
7fd640021000-7fd644000000 ---p 00000000 00:00 0 
7fd644000000-7fd644021000 rw-p 00000000 00:00 0 
7fd644021000-7fd648000000 ---p 00000000 00:00 0 
7fd648000000-7fd648021000 rw-p 00000000 00:00 0 
7fd648021000-7fd64c000000 ---p 00000000 00:00 0 
7fd64c004000-7fd64c019000 r-xp 00000000 fd:00 13896788                   /usr/lib/jvm/jdk-13.0.2/lib/libnet.so
7fd64c019000-7fd64c01a000 r--p 00014000 fd:00 13896788                   /usr/lib/jvm/jdk-13.0.2/lib/libnet.so
7fd64c01a000-7fd64c01b000 rw-p 00015000 fd:00 13896788                   /usr/lib/jvm/jdk-13.0.2/lib/libnet.so
7fd64c01b000-7fd64c01c000 ---p 00000000 00:00 0 
7fd64c01c000-7fd64c1f9000 rw-p 00000000 00:00 0 
7fd64c1f9000-7fd64c1fa000 ---p 00000000 00:00 0 
7fd64c1fa000-7fd64c2fb000 rw-p 00000000 00:00 0 
7fd64c2fb000-7fd64c2fc000 ---p 00000000 00:00 0 
7fd64c2fc000-7fd64c801000 rw-p 00000000 00:00 0 
7fd64c801000-7fd64c802000 ---p 00000000 00:00 0 
7fd64c802000-7fd64caf3000 rw-p 00000000 00:00 0 
7fd64caf3000-7fd64e7c3000 ---p 00000000 00:00 0 
7fd64e7c3000-7fd64e9bb000 rw-p 00000000 00:00 0 
7fd64e9bb000-7fd65068b000 ---p 00000000 00:00 0 
7fd65068b000-7fd6506d1000 rw-p 00000000 00:00 0 
7fd6506d1000-7fd650a6b000 ---p 00000000 00:00 0 
7fd650a6b000-7fd650a6c000 rw-p 00000000 00:00 0 
7fd650a6c000-7fd650cdc000 rwxp 00000000 00:00 0 
7fd650cdc000-7fd650ffd000 ---p 00000000 00:00 0 
7fd650ffd000-7fd65126d000 rwxp 00000000 00:00 0 
7fd65126d000-7fd658534000 ---p 00000000 00:00 0 
7fd658534000-7fd6587a4000 rwxp 00000000 00:00 0 
7fd6587a4000-7fd65fa6c000 ---p 00000000 00:00 0 
7fd65fa6c000-7fd668000000 r--s 00000000 fd:00 13896799                   /usr/lib/jvm/jdk-13.0.2/lib/modules
7fd668000000-7fd668a1d000 rw-p 00000000 00:00 0 
7fd668a1d000-7fd66c000000 ---p 00000000 00:00 0 
7fd66c00c000-7fd66c04d000 rw-p 00000000 00:00 0 
7fd66c04d000-7fd66c04e000 ---p 00000000 00:00 0 
7fd66c04e000-7fd66c14f000 rw-p 00000000 00:00 0 
7fd66c14f000-7fd66c150000 ---p 00000000 00:00 0 
7fd66c150000-7fd66c28f000 rw-p 00000000 00:00 0 
7fd66c28f000-7fd66c629000 ---p 00000000 00:00 0 
7fd66c629000-7fd66c668000 rw-p 00000000 00:00 0 
7fd66c668000-7fd66ca02000 ---p 00000000 00:00 0 
7fd66ca02000-7fd66ce0c000 rw-p 00000000 00:00 0 
7fd66ce0c000-7fd66cef2000 ---p 00000000 00:00 0 
7fd66cef2000-7fd66cef7000 rw-p 00000000 00:00 0 
7fd66cef7000-7fd66cfdd000 ---p 00000000 00:00 0 
7fd66cfdd000-7fd66cfe8000 r-xp 00000000 fd:00 267242                     /lib/x86_64-linux-gnu/libnss_files-2.27.so
7fd66cfe8000-7fd66d1e7000 ---p 0000b000 fd:00 267242                     /lib/x86_64-linux-gnu/libnss_files-2.27.so
7fd66d1e7000-7fd66d1e8000 r--p 0000a000 fd:00 267242                     /lib/x86_64-linux-gnu/libnss_files-2.27.so
7fd66d1e8000-7fd66d1e9000 rw-p 0000b000 fd:00 267242                     /lib/x86_64-linux-gnu/libnss_files-2.27.so
7fd66d1e9000-7fd66d1ef000 rw-p 00000000 00:00 0 
7fd66d1ef000-7fd66d206000 r-xp 00000000 fd:00 267236                     /lib/x86_64-linux-gnu/libnsl-2.27.so
7fd66d206000-7fd66d405000 ---p 00017000 fd:00 267236                     /lib/x86_64-linux-gnu/libnsl-2.27.so
7fd66d405000-7fd66d406000 r--p 00016000 fd:00 267236                     /lib/x86_64-linux-gnu/libnsl-2.27.so
7fd66d406000-7fd66d407000 rw-p 00017000 fd:00 267236                     /lib/x86_64-linux-gnu/libnsl-2.27.so
7fd66d407000-7fd66d409000 rw-p 00000000 00:00 0 
7fd66d409000-7fd66d414000 r-xp 00000000 fd:00 267253                     /lib/x86_64-linux-gnu/libnss_nis-2.27.so
7fd66d414000-7fd66d613000 ---p 0000b000 fd:00 267253                     /lib/x86_64-linux-gnu/libnss_nis-2.27.so
7fd66d613000-7fd66d614000 r--p 0000a000 fd:00 267253                     /lib/x86_64-linux-gnu/libnss_nis-2.27.so
7fd66d614000-7fd66d615000 rw-p 0000b000 fd:00 267253                     /lib/x86_64-linux-gnu/libnss_nis-2.27.so
7fd66d615000-7fd66d61d000 r-xp 00000000 fd:00 267238                     /lib/x86_64-linux-gnu/libnss_compat-2.27.so
7fd66d61d000-7fd66d81d000 ---p 00008000 fd:00 267238                     /lib/x86_64-linux-gnu/libnss_compat-2.27.so
7fd66d81d000-7fd66d81e000 r--p 00008000 fd:00 267238                     /lib/x86_64-linux-gnu/libnss_compat-2.27.so
7fd66d81e000-7fd66d81f000 rw-p 00009000 fd:00 267238                     /lib/x86_64-linux-gnu/libnss_compat-2.27.so
7fd66d81f000-7fd66d826000 r-xp 00000000 fd:00 267293                     /lib/x86_64-linux-gnu/librt-2.27.so
7fd66d826000-7fd66da25000 ---p 00007000 fd:00 267293                     /lib/x86_64-linux-gnu/librt-2.27.so
7fd66da25000-7fd66da26000 r--p 00006000 fd:00 267293                     /lib/x86_64-linux-gnu/librt-2.27.so
7fd66da26000-7fd66da27000 rw-p 00007000 fd:00 267293                     /lib/x86_64-linux-gnu/librt-2.27.so
7fd66da27000-7fd66dbc4000 r-xp 00000000 fd:00 267215                     /lib/x86_64-linux-gnu/libm-2.27.so
7fd66dbc4000-7fd66ddc3000 ---p 0019d000 fd:00 267215                     /lib/x86_64-linux-gnu/libm-2.27.so
7fd66ddc3000-7fd66ddc4000 r--p 0019c000 fd:00 267215                     /lib/x86_64-linux-gnu/libm-2.27.so
7fd66ddc4000-7fd66ddc5000 rw-p 0019d000 fd:00 267215                     /lib/x86_64-linux-gnu/libm-2.27.so
7fd66ddc5000-7fd66ee85000 r-xp 00000000 fd:00 13896810                   /usr/lib/jvm/jdk-13.0.2/lib/server/libjvm.so
7fd66ee85000-7fd66ee86000 ---p 010c0000 fd:00 13896810                   /usr/lib/jvm/jdk-13.0.2/lib/server/libjvm.so
7fd66ee86000-7fd66ef47000 r--p 010c0000 fd:00 13896810                   /usr/lib/jvm/jdk-13.0.2/lib/server/libjvm.so
7fd66ef47000-7fd66ef81000 rw-p 01181000 fd:00 13896810                   /usr/lib/jvm/jdk-13.0.2/lib/server/libjvm.so
7fd66ef81000-7fd66f003000 rw-p 00000000 00:00 0 
7fd66f003000-7fd66f1ea000 r-xp 00000000 fd:00 267152                     /lib/x86_64-linux-gnu/libc-2.27.so
7fd66f1ea000-7fd66f3ea000 ---p 001e7000 fd:00 267152                     /lib/x86_64-linux-gnu/libc-2.27.so
7fd66f3ea000-7fd66f3ee000 r--p 001e7000 fd:00 267152                     /lib/x86_64-linux-gnu/libc-2.27.so
7fd66f3ee000-7fd66f3f0000 rw-p 001eb000 fd:00 267152                     /lib/x86_64-linux-gnu/libc-2.27.so
7fd66f3f0000-7fd66f3f4000 rw-p 00000000 00:00 0 
7fd66f3f4000-7fd66f3f7000 r-xp 00000000 fd:00 267175                     /lib/x86_64-linux-gnu/libdl-2.27.so
7fd66f3f7000-7fd66f5f6000 ---p 00003000 fd:00 267175                     /lib/x86_64-linux-gnu/libdl-2.27.so
7fd66f5f6000-7fd66f5f7000 r--p 00002000 fd:00 267175                     /lib/x86_64-linux-gnu/libdl-2.27.so
7fd66f5f7000-7fd66f5f8000 rw-p 00003000 fd:00 267175                     /lib/x86_64-linux-gnu/libdl-2.27.so
7fd66f5f8000-7fd66f612000 r-xp 00000000 fd:00 267285                     /lib/x86_64-linux-gnu/libpthread-2.27.so
7fd66f612000-7fd66f811000 ---p 0001a000 fd:00 267285                     /lib/x86_64-linux-gnu/libpthread-2.27.so
7fd66f811000-7fd66f812000 r--p 00019000 fd:00 267285                     /lib/x86_64-linux-gnu/libpthread-2.27.so
7fd66f812000-7fd66f813000 rw-p 0001a000 fd:00 267285                     /lib/x86_64-linux-gnu/libpthread-2.27.so
7fd66f813000-7fd66f817000 rw-p 00000000 00:00 0 
7fd66f817000-7fd66f833000 r-xp 00000000 fd:00 267326                     /lib/x86_64-linux-gnu/libz.so.1.2.11
7fd66f833000-7fd66fa32000 ---p 0001c000 fd:00 267326                     /lib/x86_64-linux-gnu/libz.so.1.2.11
7fd66fa32000-7fd66fa33000 r--p 0001b000 fd:00 267326                     /lib/x86_64-linux-gnu/libz.so.1.2.11
7fd66fa33000-7fd66fa34000 rw-p 0001c000 fd:00 267326                     /lib/x86_64-linux-gnu/libz.so.1.2.11
7fd66fa34000-7fd66fa5b000 r-xp 00000000 fd:00 267124                     /lib/x86_64-linux-gnu/ld-2.27.so
7fd66fa5c000-7fd66fa5d000 rw-s 00000000 00:05 1594641                    /memfd:xshmfence (deleted)
7fd66fa5e000-7fd66fa65000 r--s 00000000 fd:00 11276335                   /usr/lib/x86_64-linux-gnu/gconv/gconv-modules.cache
7fd66fa65000-7fd66fa76000 r-xp 00000000 fd:00 13896789                   /usr/lib/jvm/jdk-13.0.2/lib/libnio.so
7fd66fa76000-7fd66fa77000 r--p 00010000 fd:00 13896789                   /usr/lib/jvm/jdk-13.0.2/lib/libnio.so
7fd66fa77000-7fd66fa78000 rw-p 00011000 fd:00 13896789                   /usr/lib/jvm/jdk-13.0.2/lib/libnio.so
7fd66fa78000-7fd66fabf000 rw-p 00000000 00:00 0 
7fd66fabf000-7fd66fac6000 ---p 00000000 00:00 0 
7fd66fac6000-7fd66fae1000 r-xp 00000000 fd:00 13896779                   /usr/lib/jvm/jdk-13.0.2/lib/libjimage.so
7fd66fae1000-7fd66fae2000 ---p 0001b000 fd:00 13896779                   /usr/lib/jvm/jdk-13.0.2/lib/libjimage.so
7fd66fae2000-7fd66fae4000 r--p 0001b000 fd:00 13896779                   /usr/lib/jvm/jdk-13.0.2/lib/libjimage.so
7fd66fae4000-7fd66fae5000 rw-p 0001d000 fd:00 13896779                   /usr/lib/jvm/jdk-13.0.2/lib/libjimage.so
7fd66fae5000-7fd66faec000 r-xp 00000000 fd:00 13896798                   /usr/lib/jvm/jdk-13.0.2/lib/libzip.so
7fd66faec000-7fd66faed000 r--p 00006000 fd:00 13896798                   /usr/lib/jvm/jdk-13.0.2/lib/libzip.so
7fd66faed000-7fd66faee000 rw-p 00007000 fd:00 13896798                   /usr/lib/jvm/jdk-13.0.2/lib/libzip.so
7fd66faee000-7fd66faf6000 rw-s 00000000 fd:00 14034092                   /tmp/hsperfdata_pck11800/11744
7fd66faf6000-7fd66fb00000 r-xp 00000000 fd:00 13896770                   /usr/lib/jvm/jdk-13.0.2/lib/libinstrument.so
7fd66fb00000-7fd66fb01000 r--p 00009000 fd:00 13896770                   /usr/lib/jvm/jdk-13.0.2/lib/libinstrument.so
7fd66fb01000-7fd66fb02000 rw-p 0000a000 fd:00 13896770                   /usr/lib/jvm/jdk-13.0.2/lib/libinstrument.so
7fd66fb02000-7fd66fb29000 r-xp 00000000 fd:00 13896775                   /usr/lib/jvm/jdk-13.0.2/lib/libjava.so
7fd66fb29000-7fd66fb2a000 r--p 00026000 fd:00 13896775                   /usr/lib/jvm/jdk-13.0.2/lib/libjava.so
7fd66fb2a000-7fd66fb2c000 rw-p 00027000 fd:00 13896775                   /usr/lib/jvm/jdk-13.0.2/lib/libjava.so
7fd66fb2c000-7fd66fb30000 ---p 00000000 00:00 0 
7fd66fb30000-7fd66fc2f000 rw-p 00000000 00:00 0 
7fd66fc2f000-7fd66fc3e000 r-xp 00000000 fd:00 13896780                   /usr/lib/jvm/jdk-13.0.2/lib/libjli.so
7fd66fc3e000-7fd66fc3f000 r--p 0000e000 fd:00 13896780                   /usr/lib/jvm/jdk-13.0.2/lib/libjli.so
7fd66fc3f000-7fd66fc40000 rw-p 0000f000 fd:00 13896780                   /usr/lib/jvm/jdk-13.0.2/lib/libjli.so
7fd66fc40000-7fd66fc42000 rw-p 00000000 00:00 0 
7fd66fc42000-7fd66fc43000 rwxp 00000000 00:00 0 
7fd66fc43000-7fd66fc44000 r--p 00000000 fd:00 12063717                   /usr/share/locale-langpack/en_GB/LC_MESSAGES/libc.mo
7fd66fc44000-7fd66fc46000 r-xp 00000000 fd:00 13896768                   /usr/lib/jvm/jdk-13.0.2/lib/libextnet.so
7fd66fc46000-7fd66fc47000 r--p 00001000 fd:00 13896768                   /usr/lib/jvm/jdk-13.0.2/lib/libextnet.so
7fd66fc47000-7fd66fc48000 rw-p 00002000 fd:00 13896768                   /usr/lib/jvm/jdk-13.0.2/lib/libextnet.so
7fd66fc48000-7fd66fc49000 ---p 00000000 00:00 0 
7fd66fc49000-7fd66fc4a000 r--p 00000000 00:00 0 
7fd66fc4a000-7fd66fc4b000 ---p 00000000 00:00 0 
7fd66fc4b000-7fd66fc58000 r-xp 00000000 fd:00 13896797                   /usr/lib/jvm/jdk-13.0.2/lib/libverify.so
7fd66fc58000-7fd66fc5a000 r--p 0000c000 fd:00 13896797                   /usr/lib/jvm/jdk-13.0.2/lib/libverify.so
7fd66fc5a000-7fd66fc5b000 rw-p 0000e000 fd:00 13896797                   /usr/lib/jvm/jdk-13.0.2/lib/libverify.so
7fd66fc5b000-7fd66fc5c000 r--p 00027000 fd:00 267124                     /lib/x86_64-linux-gnu/ld-2.27.so
7fd66fc5c000-7fd66fc5d000 rw-p 00028000 fd:00 267124                     /lib/x86_64-linux-gnu/ld-2.27.so
7fd66fc5d000-7fd66fc5e000 rw-p 00000000 00:00 0 
7ffc06990000-7ffc069b1000 rw-p 00000000 00:00 0                          [stack]
7ffc069ec000-7ffc069ef000 r--p 00000000 00:00 0                          [vvar]
7ffc069ef000-7ffc069f0000 r-xp 00000000 00:00 0                          [vdso]
ffffffffff600000-ffffffffff601000 r-xp 00000000 00:00 0                  [vsyscall]


VM Arguments:
jvm_args: -javaagent:/home/pck11800/idea-IC-193.6494.35/lib/idea_rt.jar=39091:/home/pck11800/idea-IC-193.6494.35/bin -Dfile.encoding=UTF-8 
java_command: example.Main
java_class_path (initial): /home/pck11800/Desktop/workspace/AdaptiveGUI/target/classes:/home/pck11800/Desktop/workspace/AdaptiveGUI/JSFML/jsfml.jar:/home/pck11800/Desktop/workspace/AdaptiveGUI/JSFML/jsfml-test.jar:/home/pck11800/.m2/repository/com/1stleg/jnativehook/2.1.0/jnativehook-2.1.0.jar
Launcher Type: SUN_STANDARD

[Global flags]
     intx CICompilerCount                          = 3                                         {product} {ergonomic}
     uint ConcGCThreads                            = 1                                         {product} {ergonomic}
     uint G1ConcRefinementThreads                  = 4                                         {product} {ergonomic}
   size_t G1HeapRegionSize                         = 1048576                                   {product} {ergonomic}
    uintx GCDrainStackTargetSize                   = 64                                        {product} {ergonomic}
   size_t InitialHeapSize                          = 130023424                                 {product} {ergonomic}
   size_t MarkStackSize                            = 4194304                                   {product} {ergonomic}
   size_t MaxHeapSize                              = 2065694720                                {product} {ergonomic}
   size_t MaxNewSize                               = 1239416832                                {product} {ergonomic}
   size_t MinHeapDeltaBytes                        = 1048576                                   {product} {ergonomic}
   size_t MinHeapSize                              = 8388608                                   {product} {ergonomic}
    uintx NonNMethodCodeHeapSize                   = 5832780                                {pd product} {ergonomic}
    uintx NonProfiledCodeHeapSize                  = 122912730                              {pd product} {ergonomic}
    uintx ProfiledCodeHeapSize                     = 122912730                              {pd product} {ergonomic}
    uintx ReservedCodeCacheSize                    = 251658240                              {pd product} {ergonomic}
     bool SegmentedCodeCache                       = true                                      {product} {ergonomic}
   size_t SoftMaxHeapSize                          = 2065694720                             {manageable} {ergonomic}
     bool UseCompressedClassPointers               = true                                 {lp64_product} {ergonomic}
     bool UseCompressedOops                        = true                                 {lp64_product} {ergonomic}
     bool UseG1GC                                  = true                                      {product} {ergonomic}

Logging:
Log output configuration:
 #0: stdout all=warning uptime,level,tags
 #1: stderr all=off uptime,level,tags

Environment Variables:
JAVA_HOME=/usr/lib/jvm/jdk-13
PATH=/usr/local/sbin:/usr/local/bin:/usr/sbin:/usr/bin:/sbin:/bin:/usr/games:/usr/local/games:/usr/lib/jvm/jdk-13/bin:/snap/bin
SHELL=/bin/bash
DISPLAY=:0

Signal Handlers:
SIGSEGV: [libjvm.so+0xdc0200], sa_mask[0]=11111111011111111101111111111110, sa_flags=SA_RESTART|SA_SIGINFO
SIGBUS: [libjvm.so+0xdc0200], sa_mask[0]=11111111011111111101111111111110, sa_flags=SA_RESTART|SA_SIGINFO
SIGFPE: [libjvm.so+0xdc0200], sa_mask[0]=11111111011111111101111111111110, sa_flags=SA_RESTART|SA_SIGINFO
SIGPIPE: [libjvm.so+0xb9f710], sa_mask[0]=11111111011111111101111111111110, sa_flags=SA_RESTART|SA_SIGINFO
SIGXFSZ: [libjvm.so+0xb9f710], sa_mask[0]=11111111011111111101111111111110, sa_flags=SA_RESTART|SA_SIGINFO
SIGILL: [libjvm.so+0xdc0200], sa_mask[0]=11111111011111111101111111111110, sa_flags=SA_RESTART|SA_SIGINFO
SIGUSR2: [libjvm.so+0xb9f5a0], sa_mask[0]=00100000000000000000000000000000, sa_flags=SA_RESTART|SA_SIGINFO
SIGHUP: [libjvm.so+0xb9fd10], sa_mask[0]=11111111011111111101111111111110, sa_flags=SA_RESTART|SA_SIGINFO
SIGINT: [libjvm.so+0xb9fd10], sa_mask[0]=11111111011111111101111111111110, sa_flags=SA_RESTART|SA_SIGINFO
SIGTERM: [libjvm.so+0xb9fd10], sa_mask[0]=11111111011111111101111111111110, sa_flags=SA_RESTART|SA_SIGINFO
SIGQUIT: [libjvm.so+0xb9fd10], sa_mask[0]=11111111011111111101111111111110, sa_flags=SA_RESTART|SA_SIGINFO


---------------  S Y S T E M  ---------------

OS:DISTRIB_ID=LinuxMint
DISTRIB_RELEASE=19.3
DISTRIB_CODENAME=tricia
DISTRIB_DESCRIPTION="Linux Mint 19.3 Tricia"
uname:Linux 5.0.0-37-generic #40~18.04.1-Ubuntu SMP Thu Nov 14 12:06:39 UTC 2019 x86_64
libc:glibc 2.27 NPTL 2.27 
rlimit: STACK 8192k, CORE 0k, NPROC 31219, NOFILE 1048576, AS infinity, DATA infinity, FSIZE infinity
load average:1.15 1.31 1.48

/proc/meminfo:
MemTotal:        8066004 kB
MemFree:          176376 kB
MemAvailable:    1133212 kB
Buffers:          129632 kB
Cached:          1420660 kB
SwapCached:        25228 kB
Active:          6213272 kB
Inactive:        1262312 kB
Active(anon):    5470396 kB
Inactive(anon):   870828 kB
Active(file):     742876 kB
Inactive(file):   391484 kB
Unevictable:       39672 kB
Mlocked:           10700 kB
SwapTotal:       1003516 kB
SwapFree:         821044 kB
Dirty:              4064 kB
Writeback:             0 kB
AnonPages:       5955040 kB
Mapped:           580484 kB
Shmem:            407844 kB
KReclaimable:      93672 kB
Slab:             198760 kB
SReclaimable:      93672 kB
SUnreclaim:       105088 kB
KernelStack:       18336 kB
PageTables:        76456 kB
NFS_Unstable:          0 kB
Bounce:                0 kB
WritebackTmp:          0 kB
CommitLimit:     5036516 kB
Committed_AS:   14112484 kB
VmallocTotal:   34359738367 kB
VmallocUsed:           0 kB
VmallocChunk:          0 kB
Percpu:             2304 kB
HardwareCorrupted:     0 kB
AnonHugePages:         0 kB
ShmemHugePages:        0 kB
ShmemPmdMapped:        0 kB
CmaTotal:              0 kB
CmaFree:               0 kB
HugePages_Total:       0
HugePages_Free:        0
HugePages_Rsvd:        0
HugePages_Surp:        0
Hugepagesize:       2048 kB
Hugetlb:               0 kB
DirectMap4k:      289576 kB
DirectMap2M:     7999488 kB
DirectMap1G:           0 kB


/proc/sys/kernel/threads-max (system-wide limit on the number of threads):
62439


/proc/sys/vm/max_map_count (maximum number of memory map areas a process may have):
65530


/proc/sys/kernel/pid_max (system-wide limit on number of process identifiers):
32768



container (cgroup) information:
container_type: cgroupv1
cpu_cpuset_cpus: 0-3
cpu_memory_nodes: 0
active_processor_count: 4
cpu_quota: no quota
cpu_period: 100000
cpu_shares: no shares
memory_limit_in_bytes: unlimited
memory_and_swap_limit_in_bytes: not supported
memory_soft_limit_in_bytes: unlimited
memory_usage_in_bytes: 7489601536
memory_max_usage_in_bytes: 7659683840

Steal ticks since vm start: 0
Steal ticks percentage since vm start:  0.000

CPU:total 4 (initial active 4) (2 cores per cpu, 2 threads per core) family 6 model 61 stepping 4, cmov, cx8, fxsr, mmx, sse, sse2, sse3, ssse3, sse4.1, sse4.2, popcnt, avx, avx2, aes, clmul, erms, 3dnowpref, lzcnt, ht, tsc, tscinvbit, bmi1, bmi2, adx, fma
CPU Model and flags from /proc/cpuinfo:
model name	: Intel(R) Core(TM) i5-5250U CPU @ 1.60GHz
flags		: fpu vme de pse tsc msr pae mce cx8 apic sep mtrr pge mca cmov pat pse36 clflush dts acpi mmx fxsr sse sse2 ss ht tm pbe syscall nx pdpe1gb rdtscp lm constant_tsc arch_perfmon pebs bts rep_good nopl xtopology nonstop_tsc cpuid aperfmperf pni pclmulqdq dtes64 monitor ds_cpl vmx est tm2 ssse3 sdbg fma cx16 xtpr pdcm pcid sse4_1 sse4_2 x2apic movbe popcnt tsc_deadline_timer aes xsave avx f16c rdrand lahf_lm abm 3dnowprefetch cpuid_fault epb invpcid_single pti ssbd ibrs ibpb stibp tpr_shadow vnmi flexpriority ept vpid ept_ad fsgsbase tsc_adjust bmi1 avx2 smep bmi2 erms invpcid rdseed adx smap intel_pt xsaveopt dtherm ida arat pln pts md_clear flush_l1d

Memory: 4k page, physical 8066004k(176376k free), swap 1003516k(821044k free)

vm_info: Java HotSpot(TM) 64-Bit Server VM (13.0.2+8) for linux-amd64 JRE (13.0.2+8), built on Dec 11 2019 09:23:46 by "mach5one" with gcc 8.2.0

END.
